

====================================
Log started, 25/02/2015 07:02:53
====================================

Ready for SQL generation
field => 
	0 => 
		0 => partcode
		1 => partcode
	1 => 
		0 => purchasing_class
		1 => purchasing_class
	2 => 
		0 => item_description
		1 => item_description
	3 => 
		0 => unit_price
		1 => unit_price
id => 
	0 => item_id
	1 => item_id
table => 
	0 =>  care_tz_drugsandservices

	1 =>  care_tz_drugsandservices

count => 100

Exec SQL: SELECT  COUNT(*)  FROM  care_tz_drugsandservices


Exec SQL: SELECT  partcode,purchasing_class,item_description,item_id,unit_price  FROM  care_tz_drugsandservices
 LIMIT 0,100

Done in 0.039519071578979ms



====================================
Log started, 25/02/2015 07:02:56
====================================

Ready for SQL generation
field => 
	0 => 
		0 => partcode
		1 => partcode
	1 => 
		0 => purchasing_class
		1 => purchasing_class
	2 => 
		0 => item_description
		1 => item_description
	3 => 
		0 => unit_price
		1 => unit_price
id => 
	0 => item_id
	1 => item_id
table => 
	0 =>  care_tz_drugsandservices

	1 =>  care_tz_drugsandservices

rules => 
	0 => 
		0 => item_description
		1 => dree
count => 100

Exec SQL: SELECT  COUNT(*)  FROM  care_tz_drugsandservices
 WHERE item_description LIKE '%dree%'

Exec SQL: SELECT  partcode,purchasing_class,item_description,item_id,unit_price  FROM  care_tz_drugsandservices
 WHERE item_description LIKE '%dree%' LIMIT 0,100

Done in 0.0083739757537842ms



====================================
Log started, 25/02/2015 07:02:58
====================================

Ready for SQL generation
field => 
	0 => 
		0 => partcode
		1 => partcode
	1 => 
		0 => purchasing_class
		1 => purchasing_class
	2 => 
		0 => item_description
		1 => item_description
	3 => 
		0 => unit_price
		1 => unit_price
id => 
	0 => item_id
	1 => item_id
table => 
	0 =>  care_tz_drugsandservices

	1 =>  care_tz_drugsandservices

rules => 
	0 => 
		0 => item_description
		1 => dre
count => 100

Exec SQL: SELECT  COUNT(*)  FROM  care_tz_drugsandservices
 WHERE item_description LIKE '%dre%'

Exec SQL: SELECT  partcode,purchasing_class,item_description,item_id,unit_price  FROM  care_tz_drugsandservices
 WHERE item_description LIKE '%dre%' LIMIT 0,100

Done in 0.011606216430664ms



====================================
Log started, 26/05/2015 09:05:06
====================================

Ready for SQL generation
field => 
	0 => 
		0 => pid
		1 => pid
	1 => 
		0 => name_first
		1 => name_first
	2 => 
		0 => name_2
		1 => name_2
	3 => 
		0 => name_last
		1 => name_last
	4 => 
		0 => encounter_nr
		1 => encounter_nr
id => 
	0 => pid
	1 => pid
table => 
	0 =>  care2x.care_person a
INNER JOIN care2x.care_encounter b ON a.pid=b.pid 
	1 => pid 
count => 100

Exec SQL: SELECT  COUNT(*)  FROM  care2x.care_person a
INNER JOIN care2x.care_encounter b ON a.pid=b.pid  WHERE  b.encounter_class_nr=1

Exec SQL: SELECT   a.pid,a.name_first,a.name_2,a.name_last,b.encounter_nr  FROM  care2x.care_person a
INNER JOIN care2x.care_encounter b ON a.pid=b.pid  WHERE  b.encounter_class_nr=1 LIMIT 0,100

Done in 5.3952779769897ms



====================================
Log started, 26/05/2015 09:05:11
====================================

Ready for SQL generation
field => 
	0 => 
		0 => pid
		1 => pid
	1 => 
		0 => name_first
		1 => name_first
	2 => 
		0 => name_2
		1 => name_2
	3 => 
		0 => name_last
		1 => name_last
	4 => 
		0 => encounter_nr
		1 => encounter_nr
id => 
	0 => pid
	1 => pid
table => 
	0 =>  care2x.care_person a
INNER JOIN care2x.care_encounter b ON a.pid=b.pid 
	1 => pid 
rules => 
	0 => 
		0 => pid
		1 => 1000
count => 100

Exec SQL: SELECT  COUNT(*)  FROM  care2x.care_person a
INNER JOIN care2x.care_encounter b ON a.pid=b.pid  WHERE  b.encounter_class_nr=1 AND pid LIKE '%1000%'

MySQL error: Column 'pid' in where clause is ambiguous

Exec SQL: SELECT   a.pid,a.name_first,a.name_2,a.name_last,b.encounter_nr  FROM  care2x.care_person a
INNER JOIN care2x.care_encounter b ON a.pid=b.pid  WHERE  b.encounter_class_nr=1 AND pid LIKE '%1000%' LIMIT 0,100

MySQL error: Column 'pid' in where clause is ambiguous

Critical error in Connector, processing stoped.



====================================
Log started, 10/06/2015 09:06:33
====================================

Ready for SQL generation
field => 
	0 => 
		0 => pid
		1 => pid
	1 => 
		0 => name_first
		1 => name_first
	2 => 
		0 => name_2
		1 => name_2
	3 => 
		0 => name_last
		1 => name_last
	4 => 
		0 => encounter_nr
		1 => encounter_nr
id => 
	0 => pid
	1 => pid
table => 
	0 =>  care2x.care_person a
INNER JOIN care2x.care_encounter b ON a.pid=b.pid 
	1 => pid 
count => 100

Exec SQL: SELECT  COUNT(*)  FROM  care2x.care_person a
INNER JOIN care2x.care_encounter b ON a.pid=b.pid  WHERE  b.encounter_class_nr=1

Exec SQL: SELECT   a.pid,a.name_first,a.name_2,a.name_last,b.encounter_nr  FROM  care2x.care_person a
INNER JOIN care2x.care_encounter b ON a.pid=b.pid  WHERE  b.encounter_class_nr=1 LIMIT 0,100

Done in 2.488245010376ms



====================================
Log started, 08/09/2015 01:09:46
====================================

Ready for SQL generation
field => 
	0 => 
		0 => pid
		1 => pid
	1 => 
		0 => name_first
		1 => name_first
	2 => 
		0 => name_2
		1 => name_2
	3 => 
		0 => name_last
		1 => name_last
	4 => 
		0 => encounter_nr
		1 => encounter_nr
id => 
	0 => pid
	1 => pid
table => 
	0 =>  care2x.care_person a
INNER JOIN care2x.care_encounter b ON a.pid=b.pid 
	1 => pid 
count => 100

Exec SQL: SELECT  COUNT(*)  FROM  care2x.care_person a
INNER JOIN care2x.care_encounter b ON a.pid=b.pid  WHERE  b.encounter_class_nr=1

Exec SQL: SELECT   a.pid,a.name_first,a.name_2,a.name_last,b.encounter_nr  FROM  care2x.care_person a
INNER JOIN care2x.care_encounter b ON a.pid=b.pid  WHERE  b.encounter_class_nr=1 LIMIT 0,100

Done in 1.1196460723877ms



====================================
Log started, 08/09/2015 01:09:53
====================================

Ready for SQL generation
field => 
	0 => 
		0 => pid
		1 => pid
	1 => 
		0 => name_first
		1 => name_first
	2 => 
		0 => name_2
		1 => name_2
	3 => 
		0 => name_last
		1 => name_last
	4 => 
		0 => encounter_nr
		1 => encounter_nr
id => 
	0 => pid
	1 => pid
table => 
	0 =>  care2x.care_person a
INNER JOIN care2x.care_encounter b ON a.pid=b.pid 
	1 => pid 
rules => 
	0 => 
		0 => name_first
		1 => TEST
count => 100

Exec SQL: SELECT  COUNT(*)  FROM  care2x.care_person a
INNER JOIN care2x.care_encounter b ON a.pid=b.pid  WHERE  b.encounter_class_nr=1 AND name_first LIKE '%TEST%'

Exec SQL: SELECT   a.pid,a.name_first,a.name_2,a.name_last,b.encounter_nr  FROM  care2x.care_person a
INNER JOIN care2x.care_encounter b ON a.pid=b.pid  WHERE  b.encounter_class_nr=1 AND name_first LIKE '%TEST%' LIMIT 0,100

Done in 4.3521230220795ms



====================================
Log started, 08/09/2015 01:09:01
====================================

Ready for SQL generation
field => 
	0 => 
		0 => partcode
		1 => partcode
	1 => 
		0 => purchasing_class
		1 => purchasing_class
	2 => 
		0 => item_description
		1 => item_description
	3 => 
		0 => unit_price
		1 => unit_price
id => 
	0 => item_id
	1 => item_id
table => 
	0 =>  care_tz_drugsandservices

	1 =>  care_tz_drugsandservices

count => 100

Exec SQL: SELECT  COUNT(*)  FROM  care_tz_drugsandservices


Exec SQL: SELECT  partcode,purchasing_class,item_description,item_id,unit_price  FROM  care_tz_drugsandservices
 LIMIT 0,100

Done in 0.0058948993682861ms



====================================
Log started, 08/09/2015 01:09:06
====================================

Ready for SQL generation
field => 
	0 => 
		0 => partcode
		1 => partcode
	1 => 
		0 => purchasing_class
		1 => purchasing_class
	2 => 
		0 => item_description
		1 => item_description
	3 => 
		0 => unit_price
		1 => unit_price
id => 
	0 => item_id
	1 => item_id
table => 
	0 =>  care_tz_drugsandservices

	1 =>  care_tz_drugsandservices

rules => 
	0 => 
		0 => item_description
		1 => ESR
count => 100

Exec SQL: SELECT  COUNT(*)  FROM  care_tz_drugsandservices
 WHERE item_description LIKE '%ESR%'

Exec SQL: SELECT  partcode,purchasing_class,item_description,item_id,unit_price  FROM  care_tz_drugsandservices
 WHERE item_description LIKE '%ESR%' LIMIT 0,100

Done in 0.0069918632507324ms



====================================
Log started, 08/09/2015 01:09:06
====================================

Ready for SQL generation
field => 
	0 => 
		0 => partcode
		1 => partcode
	1 => 
		0 => purchasing_class
		1 => purchasing_class
	2 => 
		0 => item_description
		1 => item_description
	3 => 
		0 => unit_price
		1 => unit_price
id => 
	0 => item_id
	1 => item_id
table => 
	0 =>  care_tz_drugsandservices

	1 =>  care_tz_drugsandservices

rules => 
	0 => 
		0 => item_description
		1 => ES
count => 100

Exec SQL: SELECT  COUNT(*)  FROM  care_tz_drugsandservices
 WHERE item_description LIKE '%ES%'

Exec SQL: SELECT  partcode,purchasing_class,item_description,item_id,unit_price  FROM  care_tz_drugsandservices
 WHERE item_description LIKE '%ES%' LIMIT 0,100

Done in 0.005770206451416ms



====================================
Log started, 08/09/2015 01:09:10
====================================

Ready for SQL generation
field => 
	0 => 
		0 => partcode
		1 => partcode
	1 => 
		0 => purchasing_class
		1 => purchasing_class
	2 => 
		0 => item_description
		1 => item_description
	3 => 
		0 => unit_price
		1 => unit_price
id => 
	0 => item_id
	1 => item_id
table => 
	0 =>  care_tz_drugsandservices

	1 =>  care_tz_drugsandservices

rules => 
	0 => 
		0 => item_description
		1 => E
count => 100

Exec SQL: SELECT  COUNT(*)  FROM  care_tz_drugsandservices
 WHERE item_description LIKE '%E%'

Exec SQL: SELECT  partcode,purchasing_class,item_description,item_id,unit_price  FROM  care_tz_drugsandservices
 WHERE item_description LIKE '%E%' LIMIT 0,100

Done in 0.0059080123901367ms



====================================
Log started, 08/09/2015 01:09:10
====================================

Ready for SQL generation
field => 
	0 => 
		0 => partcode
		1 => partcode
	1 => 
		0 => purchasing_class
		1 => purchasing_class
	2 => 
		0 => item_description
		1 => item_description
	3 => 
		0 => unit_price
		1 => unit_price
id => 
	0 => item_id
	1 => item_id
table => 
	0 =>  care_tz_drugsandservices

	1 =>  care_tz_drugsandservices

count => 100

Exec SQL: SELECT  COUNT(*)  FROM  care_tz_drugsandservices


Exec SQL: SELECT  partcode,purchasing_class,item_description,item_id,unit_price  FROM  care_tz_drugsandservices
 LIMIT 0,100

Done in 0.005465030670166ms



====================================
Log started, 08/09/2015 01:09:20
====================================

Ready for SQL generation
field => 
	0 => 
		0 => partcode
		1 => partcode
	1 => 
		0 => purchasing_class
		1 => purchasing_class
	2 => 
		0 => item_description
		1 => item_description
	3 => 
		0 => unit_price
		1 => unit_price
id => 
	0 => item_id
	1 => item_id
table => 
	0 =>  care_tz_drugsandservices

	1 =>  care_tz_drugsandservices

count => 22
from => 717

Exec SQL: SELECT  partcode,purchasing_class,item_description,item_id,unit_price  FROM  care_tz_drugsandservices
 LIMIT 717,22

Done in 0.0027890205383301ms



====================================
Log started, 19/10/2015 05:10:05
====================================

Ready for SQL generation
field => 
	0 => 
		0 => partcode
		1 => partcode
	1 => 
		0 => purchasing_class
		1 => purchasing_class
	2 => 
		0 => item_description
		1 => item_description
	3 => 
		0 => unit_price
		1 => unit_price
id => 
	0 => item_id
	1 => item_id
table => 
	0 =>  care_tz_drugsandservices

	1 =>  care_tz_drugsandservices

count => 100

Exec SQL: SELECT  COUNT(*)  FROM  care_tz_drugsandservices


Exec SQL: SELECT  partcode,purchasing_class,item_description,item_id,unit_price  FROM  care_tz_drugsandservices
 LIMIT 0,100

Done in 0.10285186767578ms



====================================
Log started, 19/10/2015 05:10:08
====================================

Ready for SQL generation
field => 
	0 => 
		0 => partcode
		1 => partcode
	1 => 
		0 => purchasing_class
		1 => purchasing_class
	2 => 
		0 => item_description
		1 => item_description
	3 => 
		0 => unit_price
		1 => unit_price
id => 
	0 => item_id
	1 => item_id
table => 
	0 =>  care_tz_drugsandservices

	1 =>  care_tz_drugsandservices

rules => 
	0 => 
		0 => item_description
		1 => prescrip
count => 100

Exec SQL: SELECT  COUNT(*)  FROM  care_tz_drugsandservices
 WHERE item_description LIKE '%prescrip%'

Exec SQL: SELECT  partcode,purchasing_class,item_description,item_id,unit_price  FROM  care_tz_drugsandservices
 WHERE item_description LIKE '%prescrip%' LIMIT 0,100

Done in 0.024695158004761ms



====================================
Log started, 19/10/2015 05:10:10
====================================

Ready for SQL generation
field => 
	0 => 
		0 => partcode
		1 => partcode
	1 => 
		0 => purchasing_class
		1 => purchasing_class
	2 => 
		0 => item_description
		1 => item_description
	3 => 
		0 => unit_price
		1 => unit_price
id => 
	0 => item_id
	1 => item_id
table => 
	0 =>  care_tz_drugsandservices

	1 =>  care_tz_drugsandservices

count => 100

Exec SQL: SELECT  COUNT(*)  FROM  care_tz_drugsandservices


Exec SQL: SELECT  partcode,purchasing_class,item_description,item_id,unit_price  FROM  care_tz_drugsandservices
 LIMIT 0,100

Done in 0.027990818023682ms



====================================
Log started, 19/10/2015 05:10:13
====================================

Ready for SQL generation
field => 
	0 => 
		0 => partcode
		1 => partcode
	1 => 
		0 => purchasing_class
		1 => purchasing_class
	2 => 
		0 => item_description
		1 => item_description
	3 => 
		0 => unit_price
		1 => unit_price
id => 
	0 => item_id
	1 => item_id
table => 
	0 =>  care_tz_drugsandservices

	1 =>  care_tz_drugsandservices

rules => 
	0 => 
		0 => item_description
		1 => presc
count => 100

Exec SQL: SELECT  COUNT(*)  FROM  care_tz_drugsandservices
 WHERE item_description LIKE '%presc%'

Exec SQL: SELECT  partcode,purchasing_class,item_description,item_id,unit_price  FROM  care_tz_drugsandservices
 WHERE item_description LIKE '%presc%' LIMIT 0,100

Done in 0.019474983215332ms



====================================
Log started, 17/08/2016 11:08:12
====================================

Ready for SQL generation
field => 
	0 => 
		0 => partcode
		1 => partcode
	1 => 
		0 => purchasing_class
		1 => purchasing_class
	2 => 
		0 => item_description
		1 => item_description
	3 => 
		0 => unit_price
		1 => unit_price
id => 
	0 => item_id
	1 => item_id
table => 
	0 =>  care_tz_drugsandservices

	1 =>  care_tz_drugsandservices

count => 100

Exec SQL: SELECT  COUNT(*)  FROM  care_tz_drugsandservices


Exec SQL: SELECT  partcode,purchasing_class,item_description,item_id,unit_price  FROM  care_tz_drugsandservices
 LIMIT 0,100

Done in 0.089912891387939ms



====================================
Log started, 17/08/2016 11:08:24
====================================

Ready for SQL generation
field => 
	0 => 
		0 => partcode
		1 => partcode
	1 => 
		0 => purchasing_class
		1 => purchasing_class
	2 => 
		0 => item_description
		1 => item_description
	3 => 
		0 => unit_price
		1 => unit_price
id => 
	0 => item_id
	1 => item_id
table => 
	0 =>  care_tz_drugsandservices

	1 =>  care_tz_drugsandservices

rules => 
	0 => 
		0 => item_description
		1 => EYE
count => 100

Exec SQL: SELECT  COUNT(*)  FROM  care_tz_drugsandservices
 WHERE item_description LIKE '%EYE%'

Exec SQL: SELECT  partcode,purchasing_class,item_description,item_id,unit_price  FROM  care_tz_drugsandservices
 WHERE item_description LIKE '%EYE%' LIMIT 0,100

Done in 0.006026029586792ms



====================================
Log started, 10/11/2016 04:11:17
====================================

Ready for SQL generation
field => 
	0 => 
		0 => partcode
		1 => partcode
	1 => 
		0 => purchasing_class
		1 => purchasing_class
	2 => 
		0 => item_description
		1 => item_description
	3 => 
		0 => unit_price
		1 => unit_price
id => 
	0 => item_id
	1 => item_id
table => 
	0 =>  care_tz_drugsandservices

	1 =>  care_tz_drugsandservices

count => 100

Exec SQL: SELECT  COUNT(*)  FROM  care_tz_drugsandservices


Exec SQL: SELECT  partcode,purchasing_class,item_description,item_id,unit_price  FROM  care_tz_drugsandservices
 LIMIT 0,100

Done in 0.023051977157593ms



====================================
Log started, 10/11/2016 04:11:20
====================================

Ready for SQL generation
field => 
	0 => 
		0 => partcode
		1 => partcode
	1 => 
		0 => purchasing_class
		1 => purchasing_class
	2 => 
		0 => item_description
		1 => item_description
	3 => 
		0 => unit_price
		1 => unit_price
id => 
	0 => item_id
	1 => item_id
table => 
	0 =>  care_tz_drugsandservices

	1 =>  care_tz_drugsandservices

rules => 
	0 => 
		0 => item_description
		1 => dree
count => 100

Exec SQL: SELECT  COUNT(*)  FROM  care_tz_drugsandservices
 WHERE item_description LIKE '%dree%'

Exec SQL: SELECT  partcode,purchasing_class,item_description,item_id,unit_price  FROM  care_tz_drugsandservices
 WHERE item_description LIKE '%dree%' LIMIT 0,100

Done in 0.005134105682373ms



====================================
Log started, 10/11/2016 04:11:21
====================================

Ready for SQL generation
field => 
	0 => 
		0 => partcode
		1 => partcode
	1 => 
		0 => purchasing_class
		1 => purchasing_class
	2 => 
		0 => item_description
		1 => item_description
	3 => 
		0 => unit_price
		1 => unit_price
id => 
	0 => item_id
	1 => item_id
table => 
	0 =>  care_tz_drugsandservices

	1 =>  care_tz_drugsandservices

rules => 
	0 => 
		0 => item_description
		1 => dre
count => 100

Exec SQL: SELECT  COUNT(*)  FROM  care_tz_drugsandservices
 WHERE item_description LIKE '%dre%'

Exec SQL: SELECT  partcode,purchasing_class,item_description,item_id,unit_price  FROM  care_tz_drugsandservices
 WHERE item_description LIKE '%dre%' LIMIT 0,100

Done in 0.0040888786315918ms



====================================
Log started, 23/03/2017 06:03:55
====================================

Ready for SQL generation
field => 
	0 => 
		0 => accno
		1 => accno
	1 => 
		0 => name
		1 => name
	2 => 
		0 => category
		1 => category
	3 => 
		0 => os_bal
		1 => os_bal
	4 => 
		0 => last_trans
		1 => last_trans
id => 
	0 => accno
	1 => accno
table => 
	0 =>  care_ke_debtors 
	1 =>  care_ke_debtors 
count => 100

Exec SQL: SELECT  COUNT(*)  FROM  care_ke_debtors 

Exec SQL: SELECT  accno,name,category,os_bal,last_trans  FROM  care_ke_debtors  LIMIT 0,100

Done in 0.19074392318726ms



====================================
Log started, 23/03/2017 06:03:00
====================================

Ready for SQL generation
field => 
	0 => 
		0 => accno
		1 => accno
	1 => 
		0 => name
		1 => name
	2 => 
		0 => category
		1 => category
	3 => 
		0 => os_bal
		1 => os_bal
	4 => 
		0 => last_trans
		1 => last_trans
id => 
	0 => accno
	1 => accno
table => 
	0 =>  care_ke_debtors 
	1 =>  care_ke_debtors 
rules => 
	0 => 
		0 => accno
		1 => 11046
count => 100

Exec SQL: SELECT  COUNT(*)  FROM  care_ke_debtors  WHERE accno LIKE '%11046%'

Exec SQL: SELECT  accno,name,category,os_bal,last_trans  FROM  care_ke_debtors  WHERE accno LIKE '%11046%' LIMIT 0,100

Done in 0.28722786903381ms



====================================
Log started, 23/03/2017 08:03:28
====================================

Ready for SQL generation
field => 
	0 => 
		0 => accno
		1 => accno
	1 => 
		0 => name
		1 => name
	2 => 
		0 => category
		1 => category
	3 => 
		0 => os_bal
		1 => os_bal
	4 => 
		0 => last_trans
		1 => last_trans
id => 
	0 => accno
	1 => accno
table => 
	0 =>  care_ke_debtors 
	1 =>  care_ke_debtors 
count => 100

Exec SQL: SELECT  COUNT(*)  FROM  care_ke_debtors 

Exec SQL: SELECT  accno,name,category,os_bal,last_trans  FROM  care_ke_debtors  LIMIT 0,100

Done in 0.14153218269348ms



====================================
Log started, 23/03/2017 08:03:30
====================================

Ready for SQL generation
field => 
	0 => 
		0 => accno
		1 => accno
	1 => 
		0 => name
		1 => name
	2 => 
		0 => category
		1 => category
	3 => 
		0 => os_bal
		1 => os_bal
	4 => 
		0 => last_trans
		1 => last_trans
id => 
	0 => accno
	1 => accno
table => 
	0 =>  care_ke_debtors 
	1 =>  care_ke_debtors 
rules => 
	0 => 
		0 => accno
		1 => 11047
count => 100

Exec SQL: SELECT  COUNT(*)  FROM  care_ke_debtors  WHERE accno LIKE '%11047%'

Exec SQL: SELECT  accno,name,category,os_bal,last_trans  FROM  care_ke_debtors  WHERE accno LIKE '%11047%' LIMIT 0,100

Done in 0.0085029602050781ms



====================================
Log started, 23/03/2017 08:03:50
====================================

Ready for SQL generation
field => 
	0 => 
		0 => accno
		1 => accno
	1 => 
		0 => name
		1 => name
	2 => 
		0 => category
		1 => category
	3 => 
		0 => os_bal
		1 => os_bal
	4 => 
		0 => last_trans
		1 => last_trans
id => 
	0 => accno
	1 => accno
table => 
	0 =>  care_ke_debtors 
	1 =>  care_ke_debtors 
count => 100

Exec SQL: SELECT  COUNT(*)  FROM  care_ke_debtors 

Exec SQL: SELECT  accno,name,category,os_bal,last_trans  FROM  care_ke_debtors  LIMIT 0,100

Done in 0.046916007995605ms



====================================
Log started, 23/03/2017 08:03:00
====================================

Ready for SQL generation
field => 
	0 => 
		0 => accno
		1 => accno
	1 => 
		0 => name
		1 => name
	2 => 
		0 => category
		1 => category
	3 => 
		0 => os_bal
		1 => os_bal
	4 => 
		0 => last_trans
		1 => last_trans
id => 
	0 => accno
	1 => accno
table => 
	0 =>  care_ke_debtors 
	1 =>  care_ke_debtors 
count => 100

Exec SQL: SELECT  COUNT(*)  FROM  care_ke_debtors 

Exec SQL: SELECT  accno,name,category,os_bal,last_trans  FROM  care_ke_debtors  LIMIT 0,100

Done in 0.0070769786834717ms



====================================
Log started, 23/03/2017 08:03:04
====================================

Ready for SQL generation
field => 
	0 => 
		0 => accno
		1 => accno
	1 => 
		0 => name
		1 => name
	2 => 
		0 => category
		1 => category
	3 => 
		0 => os_bal
		1 => os_bal
	4 => 
		0 => last_trans
		1 => last_trans
id => 
	0 => accno
	1 => accno
table => 
	0 =>  care_ke_debtors 
	1 =>  care_ke_debtors 
rules => 
	0 => 
		0 => name
		1 => igem
count => 100

Exec SQL: SELECT  COUNT(*)  FROM  care_ke_debtors  WHERE name LIKE '%igem%'

Exec SQL: SELECT  accno,name,category,os_bal,last_trans  FROM  care_ke_debtors  WHERE name LIKE '%igem%' LIMIT 0,100

Done in 0.0065310001373291ms



====================================
Log started, 30/03/2017 03:03:45
====================================

Ready for SQL generation
field => 
	0 => 
		0 => accno
		1 => accno
	1 => 
		0 => name
		1 => name
	2 => 
		0 => category
		1 => category
	3 => 
		0 => os_bal
		1 => os_bal
	4 => 
		0 => last_trans
		1 => last_trans
id => 
	0 => accno
	1 => accno
table => 
	0 =>  care_ke_debtors 
	1 =>  care_ke_debtors 
count => 100

Exec SQL: SELECT  COUNT(*)  FROM  care_ke_debtors 

Exec SQL: SELECT  accno,name,category,os_bal,last_trans  FROM  care_ke_debtors  LIMIT 0,100

Done in 0.073807001113892ms



====================================
Log started, 30/03/2017 03:03:48
====================================

Ready for SQL generation
field => 
	0 => 
		0 => accno
		1 => accno
	1 => 
		0 => name
		1 => name
	2 => 
		0 => category
		1 => category
	3 => 
		0 => os_bal
		1 => os_bal
	4 => 
		0 => last_trans
		1 => last_trans
id => 
	0 => accno
	1 => accno
table => 
	0 =>  care_ke_debtors 
	1 =>  care_ke_debtors 
rules => 
	0 => 
		0 => name
		1 => a
count => 100

Exec SQL: SELECT  COUNT(*)  FROM  care_ke_debtors  WHERE name LIKE '%a%'

Exec SQL: SELECT  accno,name,category,os_bal,last_trans  FROM  care_ke_debtors  WHERE name LIKE '%a%' LIMIT 0,100

Done in 0.0089528560638428ms



====================================
Log started, 30/03/2017 03:03:49
====================================

Ready for SQL generation
field => 
	0 => 
		0 => accno
		1 => accno
	1 => 
		0 => name
		1 => name
	2 => 
		0 => category
		1 => category
	3 => 
		0 => os_bal
		1 => os_bal
	4 => 
		0 => last_trans
		1 => last_trans
id => 
	0 => accno
	1 => accno
table => 
	0 =>  care_ke_debtors 
	1 =>  care_ke_debtors 
rules => 
	0 => 
		0 => name
		1 => aon
count => 100

Exec SQL: SELECT  COUNT(*)  FROM  care_ke_debtors  WHERE name LIKE '%aon%'

Exec SQL: SELECT  accno,name,category,os_bal,last_trans  FROM  care_ke_debtors  WHERE name LIKE '%aon%' LIMIT 0,100

Done in 0.012160062789917ms



====================================
Log started, 10/06/2017 02:06:48
====================================

Ready for SQL generation
field => 
	0 => 
		0 => accno
		1 => accno
	1 => 
		0 => name
		1 => name
	2 => 
		0 => category
		1 => category
	3 => 
		0 => os_bal
		1 => os_bal
	4 => 
		0 => last_trans
		1 => last_trans
id => 
	0 => accno
	1 => accno
table => 
	0 =>  care_ke_debtors 
	1 =>  care_ke_debtors 
count => 100

Exec SQL: SELECT  COUNT(*)  FROM  care_ke_debtors 

Exec SQL: SELECT  accno,name,category,os_bal,last_trans  FROM  care_ke_debtors  LIMIT 0,100

Done in 0.07707405090332ms



====================================
Log started, 10/06/2017 02:06:51
====================================

Ready for SQL generation
field => 
	0 => 
		0 => accno
		1 => accno
	1 => 
		0 => name
		1 => name
	2 => 
		0 => category
		1 => category
	3 => 
		0 => os_bal
		1 => os_bal
	4 => 
		0 => last_trans
		1 => last_trans
id => 
	0 => accno
	1 => accno
table => 
	0 =>  care_ke_debtors 
	1 =>  care_ke_debtors 
rules => 
	0 => 
		0 => name
		1 => ao
count => 100

Exec SQL: SELECT  COUNT(*)  FROM  care_ke_debtors  WHERE name LIKE '%ao%'

Exec SQL: SELECT  accno,name,category,os_bal,last_trans  FROM  care_ke_debtors  WHERE name LIKE '%ao%' LIMIT 0,100

Done in 0.0047638416290283ms



====================================
Log started, 10/06/2017 02:06:06
====================================

Ready for SQL generation
field => 
	0 => 
		0 => accno
		1 => accno
	1 => 
		0 => name
		1 => name
	2 => 
		0 => category
		1 => category
	3 => 
		0 => os_bal
		1 => os_bal
	4 => 
		0 => last_trans
		1 => last_trans
id => 
	0 => accno
	1 => accno
table => 
	0 =>  care_ke_debtors 
	1 =>  care_ke_debtors 
count => 100

Exec SQL: SELECT  COUNT(*)  FROM  care_ke_debtors 

Exec SQL: SELECT  accno,name,category,os_bal,last_trans  FROM  care_ke_debtors  LIMIT 0,100

Done in 0.0047698020935059ms



====================================
Log started, 10/06/2017 02:06:11
====================================

Ready for SQL generation
field => 
	0 => 
		0 => accno
		1 => accno
	1 => 
		0 => name
		1 => name
	2 => 
		0 => category
		1 => category
	3 => 
		0 => os_bal
		1 => os_bal
	4 => 
		0 => last_trans
		1 => last_trans
id => 
	0 => accno
	1 => accno
table => 
	0 =>  care_ke_debtors 
	1 =>  care_ke_debtors 
rules => 
	0 => 
		0 => name
		1 => a
count => 100

Exec SQL: SELECT  COUNT(*)  FROM  care_ke_debtors  WHERE name LIKE '%a%'

Exec SQL: SELECT  accno,name,category,os_bal,last_trans  FROM  care_ke_debtors  WHERE name LIKE '%a%' LIMIT 0,100

Done in 0.0045051574707031ms



====================================
Log started, 10/06/2017 02:06:12
====================================

Ready for SQL generation
field => 
	0 => 
		0 => accno
		1 => accno
	1 => 
		0 => name
		1 => name
	2 => 
		0 => category
		1 => category
	3 => 
		0 => os_bal
		1 => os_bal
	4 => 
		0 => last_trans
		1 => last_trans
id => 
	0 => accno
	1 => accno
table => 
	0 =>  care_ke_debtors 
	1 =>  care_ke_debtors 
rules => 
	0 => 
		0 => name
		1 => ao
count => 100

Exec SQL: SELECT  COUNT(*)  FROM  care_ke_debtors  WHERE name LIKE '%ao%'

Exec SQL: SELECT  accno,name,category,os_bal,last_trans  FROM  care_ke_debtors  WHERE name LIKE '%ao%' LIMIT 0,100

Done in 0.0046830177307129ms



====================================
Log started, 10/06/2017 02:06:13
====================================

Ready for SQL generation
field => 
	0 => 
		0 => accno
		1 => accno
	1 => 
		0 => name
		1 => name
	2 => 
		0 => category
		1 => category
	3 => 
		0 => os_bal
		1 => os_bal
	4 => 
		0 => last_trans
		1 => last_trans
id => 
	0 => accno
	1 => accno
table => 
	0 =>  care_ke_debtors 
	1 =>  care_ke_debtors 
rules => 
	0 => 
		0 => name
		1 => aon
count => 100

Exec SQL: SELECT  COUNT(*)  FROM  care_ke_debtors  WHERE name LIKE '%aon%'

Exec SQL: SELECT  accno,name,category,os_bal,last_trans  FROM  care_ke_debtors  WHERE name LIKE '%aon%' LIMIT 0,100

Done in 0.0061399936676025ms



====================================
Log started, 11/06/2017 01:06:20
====================================

Ready for SQL generation
field => 
	0 => 
		0 => accno
		1 => accno
	1 => 
		0 => name
		1 => name
	2 => 
		0 => category
		1 => category
	3 => 
		0 => os_bal
		1 => os_bal
	4 => 
		0 => last_trans
		1 => last_trans
id => 
	0 => accno
	1 => accno
table => 
	0 =>  care_ke_debtors 
	1 =>  care_ke_debtors 
count => 100

Exec SQL: SELECT  COUNT(*)  FROM  care_ke_debtors 

Exec SQL: SELECT  accno,name,category,os_bal,last_trans  FROM  care_ke_debtors  LIMIT 0,100

Done in 0.075031995773315ms



====================================
Log started, 11/06/2017 01:06:24
====================================

Ready for SQL generation
field => 
	0 => 
		0 => accno
		1 => accno
	1 => 
		0 => name
		1 => name
	2 => 
		0 => category
		1 => category
	3 => 
		0 => os_bal
		1 => os_bal
	4 => 
		0 => last_trans
		1 => last_trans
id => 
	0 => accno
	1 => accno
table => 
	0 =>  care_ke_debtors 
	1 =>  care_ke_debtors 
rules => 
	0 => 
		0 => name
		1 => ao
count => 100

Exec SQL: SELECT  COUNT(*)  FROM  care_ke_debtors  WHERE name LIKE '%ao%'

Exec SQL: SELECT  accno,name,category,os_bal,last_trans  FROM  care_ke_debtors  WHERE name LIKE '%ao%' LIMIT 0,100

Done in 0.0095179080963135ms



====================================
Log started, 11/06/2017 01:06:35
====================================

Ready for SQL generation
field => 
	0 => 
		0 => accno
		1 => accno
	1 => 
		0 => name
		1 => name
	2 => 
		0 => category
		1 => category
	3 => 
		0 => os_bal
		1 => os_bal
	4 => 
		0 => last_trans
		1 => last_trans
id => 
	0 => accno
	1 => accno
table => 
	0 =>  care_ke_debtors 
	1 =>  care_ke_debtors 
count => 100

Exec SQL: SELECT  COUNT(*)  FROM  care_ke_debtors 

Exec SQL: SELECT  accno,name,category,os_bal,last_trans  FROM  care_ke_debtors  LIMIT 0,100

Done in 0.0086479187011719ms



====================================
Log started, 11/06/2017 01:06:32
====================================

Ready for SQL generation
field => 
	0 => 
		0 => accno
		1 => accno
	1 => 
		0 => name
		1 => name
	2 => 
		0 => category
		1 => category
	3 => 
		0 => os_bal
		1 => os_bal
	4 => 
		0 => last_trans
		1 => last_trans
id => 
	0 => accno
	1 => accno
table => 
	0 =>  care_ke_debtors 
	1 =>  care_ke_debtors 
count => 100

Exec SQL: SELECT  COUNT(*)  FROM  care_ke_debtors 

Exec SQL: SELECT  accno,name,category,os_bal,last_trans  FROM  care_ke_debtors  LIMIT 0,100

Done in 0.0086870193481445ms



====================================
Log started, 11/06/2017 01:06:35
====================================

Ready for SQL generation
field => 
	0 => 
		0 => accno
		1 => accno
	1 => 
		0 => name
		1 => name
	2 => 
		0 => category
		1 => category
	3 => 
		0 => os_bal
		1 => os_bal
	4 => 
		0 => last_trans
		1 => last_trans
id => 
	0 => accno
	1 => accno
table => 
	0 =>  care_ke_debtors 
	1 =>  care_ke_debtors 
rules => 
	0 => 
		0 => name
		1 => AO
count => 100

Exec SQL: SELECT  COUNT(*)  FROM  care_ke_debtors  WHERE name LIKE '%AO%'

Exec SQL: SELECT  accno,name,category,os_bal,last_trans  FROM  care_ke_debtors  WHERE name LIKE '%AO%' LIMIT 0,100

Done in 0.0066051483154297ms



====================================
Log started, 15/06/2017 07:06:08
====================================

Ready for SQL generation
field => 
	0 => 
		0 => partcode
		1 => partcode
	1 => 
		0 => purchasing_class
		1 => purchasing_class
	2 => 
		0 => item_description
		1 => item_description
	3 => 
		0 => unit_price
		1 => unit_price
id => 
	0 => item_id
	1 => item_id
table => 
	0 =>  care_tz_drugsandservices 
    
	1 =>  care_tz_drugsandservices 
    
count => 100

Exec SQL: SELECT  COUNT(*)  FROM  care_tz_drugsandservices 
     WHERE  item_status NOT IN (2,3,4) and purchasing_class not in('drug_list','General Supplies','Kitchen','medical-supplies')


Exec SQL: SELECT  partcode,purchasing_class,item_description,item_id,unit_price  FROM  care_tz_drugsandservices 
     WHERE  item_status NOT IN (2,3,4) and purchasing_class not in('drug_list','General Supplies','Kitchen','medical-supplies')
 LIMIT 0,100

Done in 0.21011400222778ms



====================================
Log started, 16/06/2017 09:06:48
====================================

Ready for SQL generation
field => 
	0 => 
		0 => accno
		1 => accno
	1 => 
		0 => name
		1 => name
	2 => 
		0 => category
		1 => category
	3 => 
		0 => os_bal
		1 => os_bal
	4 => 
		0 => last_trans
		1 => last_trans
id => 
	0 => accno
	1 => accno
table => 
	0 =>  care_ke_debtors 
	1 =>  care_ke_debtors 
count => 100

Exec SQL: SELECT  COUNT(*)  FROM  care_ke_debtors 

Exec SQL: SELECT  accno,name,category,os_bal,last_trans  FROM  care_ke_debtors  LIMIT 0,100

Done in 0.42480397224426ms



====================================
Log started, 16/06/2017 09:06:41
====================================

Ready for SQL generation
field => 
	0 => 
		0 => accno
		1 => accno
	1 => 
		0 => name
		1 => name
	2 => 
		0 => category
		1 => category
	3 => 
		0 => os_bal
		1 => os_bal
	4 => 
		0 => last_trans
		1 => last_trans
id => 
	0 => accno
	1 => accno
table => 
	0 =>  care_ke_debtors 
	1 =>  care_ke_debtors 
count => 100

Exec SQL: SELECT  COUNT(*)  FROM  care_ke_debtors 

Exec SQL: SELECT  accno,name,category,os_bal,last_trans  FROM  care_ke_debtors  LIMIT 0,100

Done in 0.0062029361724854ms



====================================
Log started, 16/06/2017 09:06:37
====================================

Ready for SQL generation
field => 
	0 => 
		0 => accno
		1 => accno
	1 => 
		0 => name
		1 => name
	2 => 
		0 => category
		1 => category
	3 => 
		0 => os_bal
		1 => os_bal
	4 => 
		0 => last_trans
		1 => last_trans
id => 
	0 => accno
	1 => accno
table => 
	0 =>  care_ke_debtors 
	1 =>  care_ke_debtors 
count => 100

Exec SQL: SELECT  COUNT(*)  FROM  care_ke_debtors 

Exec SQL: SELECT  accno,name,category,os_bal,last_trans  FROM  care_ke_debtors  LIMIT 0,100

Done in 0.0059270858764648ms



====================================
Log started, 16/06/2017 09:06:10
====================================

Ready for SQL generation
field => 
	0 => 
		0 => accno
		1 => accno
	1 => 
		0 => name
		1 => name
	2 => 
		0 => category
		1 => category
	3 => 
		0 => os_bal
		1 => os_bal
	4 => 
		0 => last_trans
		1 => last_trans
id => 
	0 => accno
	1 => accno
table => 
	0 =>  care_ke_debtors 
	1 =>  care_ke_debtors 
count => 100

Exec SQL: SELECT  COUNT(*)  FROM  care_ke_debtors 

Exec SQL: SELECT  accno,name,category,os_bal,last_trans  FROM  care_ke_debtors  LIMIT 0,100

Done in 0.043877840042114ms



====================================
Log started, 16/06/2017 09:06:34
====================================

Ready for SQL generation
field => 
	0 => 
		0 => accno
		1 => accno
	1 => 
		0 => name
		1 => name
	2 => 
		0 => category
		1 => category
	3 => 
		0 => os_bal
		1 => os_bal
	4 => 
		0 => last_trans
		1 => last_trans
id => 
	0 => accno
	1 => accno
table => 
	0 =>  care_ke_debtors 
	1 =>  care_ke_debtors 
count => 100

Exec SQL: SELECT  COUNT(*)  FROM  care_ke_debtors 

Exec SQL: SELECT  accno,name,category,os_bal,last_trans  FROM  care_ke_debtors  LIMIT 0,100

Done in 0.0081551074981689ms



====================================
Log started, 16/06/2017 10:06:24
====================================

Ready for SQL generation
field => 
	0 => 
		0 => accno
		1 => accno
	1 => 
		0 => name
		1 => name
	2 => 
		0 => category
		1 => category
	3 => 
		0 => os_bal
		1 => os_bal
	4 => 
		0 => last_trans
		1 => last_trans
id => 
	0 => accno
	1 => accno
table => 
	0 =>  care_ke_debtors 
	1 =>  care_ke_debtors 
count => 100

Exec SQL: SELECT  COUNT(*)  FROM  care_ke_debtors 

Exec SQL: SELECT  accno,name,category,os_bal,last_trans  FROM  care_ke_debtors  LIMIT 0,100

Done in 0.0084850788116455ms



====================================
Log started, 16/06/2017 11:06:45
====================================

Ready for SQL generation
field => 
	0 => 
		0 => accno
		1 => accno
	1 => 
		0 => name
		1 => name
	2 => 
		0 => category
		1 => category
	3 => 
		0 => os_bal
		1 => os_bal
	4 => 
		0 => last_trans
		1 => last_trans
id => 
	0 => accno
	1 => accno
table => 
	0 =>  care_ke_debtors 
	1 =>  care_ke_debtors 
count => 100

Exec SQL: SELECT  COUNT(*)  FROM  care_ke_debtors 

Exec SQL: SELECT  accno,name,category,os_bal,last_trans  FROM  care_ke_debtors  LIMIT 0,100

Done in 0.064064979553223ms



====================================
Log started, 16/06/2017 11:06:51
====================================

Ready for SQL generation
field => 
	0 => 
		0 => accno
		1 => accno
	1 => 
		0 => name
		1 => name
	2 => 
		0 => category
		1 => category
	3 => 
		0 => os_bal
		1 => os_bal
	4 => 
		0 => last_trans
		1 => last_trans
id => 
	0 => accno
	1 => accno
table => 
	0 =>  care_ke_debtors 
	1 =>  care_ke_debtors 
rules => 
	0 => 
		0 => name
		1 => mm
count => 100

Exec SQL: SELECT  COUNT(*)  FROM  care_ke_debtors  WHERE name LIKE '%mm%'

Exec SQL: SELECT  accno,name,category,os_bal,last_trans  FROM  care_ke_debtors  WHERE name LIKE '%mm%' LIMIT 0,100

Done in 0.0059959888458252ms



====================================
Log started, 16/06/2017 11:06:11
====================================

Ready for SQL generation
field => 
	0 => 
		0 => accno
		1 => accno
	1 => 
		0 => name
		1 => name
	2 => 
		0 => category
		1 => category
	3 => 
		0 => os_bal
		1 => os_bal
	4 => 
		0 => last_trans
		1 => last_trans
id => 
	0 => accno
	1 => accno
table => 
	0 =>  care_ke_debtors 
	1 =>  care_ke_debtors 
count => 100

Exec SQL: SELECT  COUNT(*)  FROM  care_ke_debtors 

Exec SQL: SELECT  accno,name,category,os_bal,last_trans  FROM  care_ke_debtors  LIMIT 0,100

Done in 0.0058159828186035ms



====================================
Log started, 16/06/2017 11:06:23
====================================

Ready for SQL generation
field => 
	0 => 
		0 => accno
		1 => accno
	1 => 
		0 => name
		1 => name
	2 => 
		0 => category
		1 => category
	3 => 
		0 => os_bal
		1 => os_bal
	4 => 
		0 => last_trans
		1 => last_trans
id => 
	0 => accno
	1 => accno
table => 
	0 =>  care_ke_debtors 
	1 =>  care_ke_debtors 
rules => 
	0 => 
		0 => name
		1 => mmh
count => 100

Exec SQL: SELECT  COUNT(*)  FROM  care_ke_debtors  WHERE name LIKE '%mmh%'

Exec SQL: SELECT  accno,name,category,os_bal,last_trans  FROM  care_ke_debtors  WHERE name LIKE '%mmh%' LIMIT 0,100

Done in 0.0038869380950928ms



====================================
Log started, 16/06/2017 11:06:19
====================================

Ready for SQL generation
field => 
	0 => 
		0 => accno
		1 => accno
	1 => 
		0 => name
		1 => name
	2 => 
		0 => category
		1 => category
	3 => 
		0 => os_bal
		1 => os_bal
	4 => 
		0 => last_trans
		1 => last_trans
id => 
	0 => accno
	1 => accno
table => 
	0 =>  care_ke_debtors 
	1 =>  care_ke_debtors 
count => 100

Exec SQL: SELECT  COUNT(*)  FROM  care_ke_debtors 

Exec SQL: SELECT  accno,name,category,os_bal,last_trans  FROM  care_ke_debtors  LIMIT 0,100

Done in 0.0052299499511719ms



====================================
Log started, 16/06/2017 11:06:23
====================================

Ready for SQL generation
field => 
	0 => 
		0 => accno
		1 => accno
	1 => 
		0 => name
		1 => name
	2 => 
		0 => category
		1 => category
	3 => 
		0 => os_bal
		1 => os_bal
	4 => 
		0 => last_trans
		1 => last_trans
id => 
	0 => accno
	1 => accno
table => 
	0 =>  care_ke_debtors 
	1 =>  care_ke_debtors 
rules => 
	0 => 
		0 => name
		1 => mmh
count => 100

Exec SQL: SELECT  COUNT(*)  FROM  care_ke_debtors  WHERE name LIKE '%mmh%'

Exec SQL: SELECT  accno,name,category,os_bal,last_trans  FROM  care_ke_debtors  WHERE name LIKE '%mmh%' LIMIT 0,100

Done in 0.0071468353271484ms



====================================
Log started, 16/06/2017 11:06:19
====================================

Ready for SQL generation
field => 
	0 => 
		0 => accno
		1 => accno
	1 => 
		0 => name
		1 => name
	2 => 
		0 => category
		1 => category
	3 => 
		0 => os_bal
		1 => os_bal
	4 => 
		0 => last_trans
		1 => last_trans
id => 
	0 => accno
	1 => accno
table => 
	0 =>  care_ke_debtors 
	1 =>  care_ke_debtors 
count => 100

Exec SQL: SELECT  COUNT(*)  FROM  care_ke_debtors 

Exec SQL: SELECT  accno,name,category,os_bal,last_trans  FROM  care_ke_debtors  LIMIT 0,100

Done in 0.0079619884490967ms



====================================
Log started, 16/06/2017 11:06:22
====================================

Ready for SQL generation
field => 
	0 => 
		0 => accno
		1 => accno
	1 => 
		0 => name
		1 => name
	2 => 
		0 => category
		1 => category
	3 => 
		0 => os_bal
		1 => os_bal
	4 => 
		0 => last_trans
		1 => last_trans
id => 
	0 => accno
	1 => accno
table => 
	0 =>  care_ke_debtors 
	1 =>  care_ke_debtors 
rules => 
	0 => 
		0 => name
		1 => mm
count => 100

Exec SQL: SELECT  COUNT(*)  FROM  care_ke_debtors  WHERE name LIKE '%mm%'

Exec SQL: SELECT  accno,name,category,os_bal,last_trans  FROM  care_ke_debtors  WHERE name LIKE '%mm%' LIMIT 0,100

Done in 0.0042769908905029ms



====================================
Log started, 16/06/2017 11:06:23
====================================

Ready for SQL generation
field => 
	0 => 
		0 => accno
		1 => accno
	1 => 
		0 => name
		1 => name
	2 => 
		0 => category
		1 => category
	3 => 
		0 => os_bal
		1 => os_bal
	4 => 
		0 => last_trans
		1 => last_trans
id => 
	0 => accno
	1 => accno
table => 
	0 =>  care_ke_debtors 
	1 =>  care_ke_debtors 
rules => 
	0 => 
		0 => name
		1 => mmh
count => 100

Exec SQL: SELECT  COUNT(*)  FROM  care_ke_debtors  WHERE name LIKE '%mmh%'

Exec SQL: SELECT  accno,name,category,os_bal,last_trans  FROM  care_ke_debtors  WHERE name LIKE '%mmh%' LIMIT 0,100

Done in 0.0058209896087646ms



====================================
Log started, 23/06/2017 10:06:38
====================================

Ready for SQL generation
field => 
	0 => 
		0 => accno
		1 => accno
	1 => 
		0 => name
		1 => name
	2 => 
		0 => category
		1 => category
	3 => 
		0 => os_bal
		1 => os_bal
	4 => 
		0 => last_trans
		1 => last_trans
id => 
	0 => accno
	1 => accno
table => 
	0 =>  care_ke_debtors 
	1 =>  care_ke_debtors 
count => 100

Exec SQL: SELECT  COUNT(*)  FROM  care_ke_debtors 

Exec SQL: SELECT  accno,name,category,os_bal,last_trans  FROM  care_ke_debtors  LIMIT 0,100

Done in 0.094317197799683ms



====================================
Log started, 23/06/2017 10:06:57
====================================

Ready for SQL generation
field => 
	0 => 
		0 => accno
		1 => accno
	1 => 
		0 => name
		1 => name
	2 => 
		0 => category
		1 => category
	3 => 
		0 => os_bal
		1 => os_bal
	4 => 
		0 => last_trans
		1 => last_trans
id => 
	0 => accno
	1 => accno
table => 
	0 =>  care_ke_debtors 
	1 =>  care_ke_debtors 
count => 100

Exec SQL: SELECT  COUNT(*)  FROM  care_ke_debtors 

Exec SQL: SELECT  accno,name,category,os_bal,last_trans  FROM  care_ke_debtors  LIMIT 0,100

Done in 0.25745511054993ms



====================================
Log started, 23/06/2017 11:06:41
====================================

Ready for SQL generation
field => 
	0 => 
		0 => accno
		1 => accno
	1 => 
		0 => name
		1 => name
	2 => 
		0 => category
		1 => category
	3 => 
		0 => os_bal
		1 => os_bal
	4 => 
		0 => last_trans
		1 => last_trans
id => 
	0 => accno
	1 => accno
table => 
	0 =>  care_ke_debtors 
	1 =>  care_ke_debtors 
count => 100

Exec SQL: SELECT  COUNT(*)  FROM  care_ke_debtors 

Exec SQL: SELECT  accno,name,category,os_bal,last_trans  FROM  care_ke_debtors  LIMIT 0,100

Done in 0.056880950927734ms



====================================
Log started, 23/06/2017 11:06:06
====================================

Ready for SQL generation
field => 
	0 => 
		0 => accno
		1 => accno
	1 => 
		0 => name
		1 => name
	2 => 
		0 => category
		1 => category
	3 => 
		0 => os_bal
		1 => os_bal
	4 => 
		0 => last_trans
		1 => last_trans
id => 
	0 => accno
	1 => accno
table => 
	0 =>  care_ke_debtors 
	1 =>  care_ke_debtors 
count => 100

Exec SQL: SELECT  COUNT(*)  FROM  care_ke_debtors 

Exec SQL: SELECT  accno,name,category,os_bal,last_trans  FROM  care_ke_debtors  LIMIT 0,100

Done in 0.0067591667175293ms



====================================
Log started, 23/06/2017 11:06:16
====================================

Ready for SQL generation
field => 
	0 => 
		0 => accno
		1 => accno
	1 => 
		0 => name
		1 => name
	2 => 
		0 => category
		1 => category
	3 => 
		0 => os_bal
		1 => os_bal
	4 => 
		0 => last_trans
		1 => last_trans
id => 
	0 => accno
	1 => accno
table => 
	0 =>  care_ke_debtors 
	1 =>  care_ke_debtors 
count => 100

Exec SQL: SELECT  COUNT(*)  FROM  care_ke_debtors 

Exec SQL: SELECT  accno,name,category,os_bal,last_trans  FROM  care_ke_debtors  LIMIT 0,100

Done in 0.0097248554229736ms



====================================
Log started, 29/06/2017 11:06:43
====================================

Ready for SQL generation
field => 
	0 => 
		0 => accno
		1 => accno
	1 => 
		0 => name
		1 => name
	2 => 
		0 => category
		1 => category
	3 => 
		0 => os_bal
		1 => os_bal
	4 => 
		0 => last_trans
		1 => last_trans
id => 
	0 => accno
	1 => accno
table => 
	0 =>  care_ke_debtors 
	1 =>  care_ke_debtors 
count => 100

Exec SQL: SELECT  COUNT(*)  FROM  care_ke_debtors 

Exec SQL: SELECT  accno,name,category,os_bal,last_trans  FROM  care_ke_debtors  LIMIT 0,100

Done in 0.15946984291077ms



====================================
Log started, 29/06/2017 11:06:29
====================================

Ready for SQL generation
field => 
	0 => 
		0 => accno
		1 => accno
	1 => 
		0 => name
		1 => name
	2 => 
		0 => category
		1 => category
	3 => 
		0 => os_bal
		1 => os_bal
	4 => 
		0 => last_trans
		1 => last_trans
id => 
	0 => accno
	1 => accno
table => 
	0 =>  care_ke_debtors 
	1 =>  care_ke_debtors 
count => 100

Exec SQL: SELECT  COUNT(*)  FROM  care_ke_debtors 

Exec SQL: SELECT  accno,name,category,os_bal,last_trans  FROM  care_ke_debtors  LIMIT 0,100

Done in 0.092823028564453ms



====================================
Log started, 29/06/2017 11:06:49
====================================

Ready for SQL generation
field => 
	0 => 
		0 => accno
		1 => accno
	1 => 
		0 => name
		1 => name
	2 => 
		0 => category
		1 => category
	3 => 
		0 => os_bal
		1 => os_bal
	4 => 
		0 => last_trans
		1 => last_trans
id => 
	0 => accno
	1 => accno
table => 
	0 =>  care_ke_debtors 
	1 =>  care_ke_debtors 
count => 100

Exec SQL: SELECT  COUNT(*)  FROM  care_ke_debtors 

Exec SQL: SELECT  accno,name,category,os_bal,last_trans  FROM  care_ke_debtors  LIMIT 0,100

Done in 0.0095429420471191ms



====================================
Log started, 29/06/2017 11:06:30
====================================

Ready for SQL generation
field => 
	0 => 
		0 => accno
		1 => accno
	1 => 
		0 => name
		1 => name
	2 => 
		0 => category
		1 => category
	3 => 
		0 => os_bal
		1 => os_bal
	4 => 
		0 => last_trans
		1 => last_trans
id => 
	0 => accno
	1 => accno
table => 
	0 =>  care_ke_debtors 
	1 =>  care_ke_debtors 
count => 100

Exec SQL: SELECT  COUNT(*)  FROM  care_ke_debtors 

Exec SQL: SELECT  accno,name,category,os_bal,last_trans  FROM  care_ke_debtors  LIMIT 0,100

Done in 0.0082070827484131ms



====================================
Log started, 29/06/2017 11:06:39
====================================

Ready for SQL generation
field => 
	0 => 
		0 => accno
		1 => accno
	1 => 
		0 => name
		1 => name
	2 => 
		0 => category
		1 => category
	3 => 
		0 => os_bal
		1 => os_bal
	4 => 
		0 => last_trans
		1 => last_trans
id => 
	0 => accno
	1 => accno
table => 
	0 =>  care_ke_debtors 
	1 =>  care_ke_debtors 
count => 100

Exec SQL: SELECT  COUNT(*)  FROM  care_ke_debtors 

Exec SQL: SELECT  accno,name,category,os_bal,last_trans  FROM  care_ke_debtors  LIMIT 0,100

Done in 0.01128101348877ms



====================================
Log started, 29/06/2017 11:06:31
====================================

Ready for SQL generation
field => 
	0 => 
		0 => accno
		1 => accno
	1 => 
		0 => name
		1 => name
	2 => 
		0 => category
		1 => category
	3 => 
		0 => os_bal
		1 => os_bal
	4 => 
		0 => last_trans
		1 => last_trans
id => 
	0 => accno
	1 => accno
table => 
	0 =>  care_ke_debtors 
	1 =>  care_ke_debtors 
count => 100

Exec SQL: SELECT  COUNT(*)  FROM  care_ke_debtors 

Exec SQL: SELECT  accno,name,category,os_bal,last_trans  FROM  care_ke_debtors  LIMIT 0,100

Done in 0.099138021469116ms



====================================
Log started, 29/06/2017 11:06:53
====================================

Ready for SQL generation
field => 
	0 => 
		0 => accno
		1 => accno
	1 => 
		0 => name
		1 => name
	2 => 
		0 => category
		1 => category
	3 => 
		0 => os_bal
		1 => os_bal
	4 => 
		0 => last_trans
		1 => last_trans
id => 
	0 => accno
	1 => accno
table => 
	0 =>  care_ke_debtors 
	1 =>  care_ke_debtors 
count => 100

Exec SQL: SELECT  COUNT(*)  FROM  care_ke_debtors 

Exec SQL: SELECT  accno,name,category,os_bal,last_trans  FROM  care_ke_debtors  LIMIT 0,100

Done in 0.085958957672119ms



====================================
Log started, 29/06/2017 11:06:20
====================================

Ready for SQL generation
field => 
	0 => 
		0 => accno
		1 => accno
	1 => 
		0 => name
		1 => name
	2 => 
		0 => category
		1 => category
	3 => 
		0 => os_bal
		1 => os_bal
	4 => 
		0 => last_trans
		1 => last_trans
id => 
	0 => accno
	1 => accno
table => 
	0 =>  care_ke_debtors 
	1 =>  care_ke_debtors 
count => 100

Exec SQL: SELECT  COUNT(*)  FROM  care_ke_debtors 

Exec SQL: SELECT  accno,name,category,os_bal,last_trans  FROM  care_ke_debtors  LIMIT 0,100

Done in 0.0057861804962158ms



====================================
Log started, 29/06/2017 11:06:49
====================================

Ready for SQL generation
field => 
	0 => 
		0 => accno
		1 => accno
	1 => 
		0 => name
		1 => name
	2 => 
		0 => category
		1 => category
	3 => 
		0 => os_bal
		1 => os_bal
	4 => 
		0 => last_trans
		1 => last_trans
id => 
	0 => accno
	1 => accno
table => 
	0 =>  care_ke_debtors 
	1 =>  care_ke_debtors 
count => 100

Exec SQL: SELECT  COUNT(*)  FROM  care_ke_debtors 

Exec SQL: SELECT  accno,name,category,os_bal,last_trans  FROM  care_ke_debtors  LIMIT 0,100

Done in 0.081654071807861ms



====================================
Log started, 29/06/2017 11:06:07
====================================

Ready for SQL generation
field => 
	0 => 
		0 => accno
		1 => accno
	1 => 
		0 => name
		1 => name
	2 => 
		0 => category
		1 => category
	3 => 
		0 => os_bal
		1 => os_bal
	4 => 
		0 => last_trans
		1 => last_trans
id => 
	0 => accno
	1 => accno
table => 
	0 =>  care_ke_debtors 
	1 =>  care_ke_debtors 
count => 100

Exec SQL: SELECT  COUNT(*)  FROM  care_ke_debtors 

Exec SQL: SELECT  accno,name,category,os_bal,last_trans  FROM  care_ke_debtors  LIMIT 0,100

Done in 0.007990837097168ms



====================================
Log started, 29/06/2017 11:06:17
====================================

Ready for SQL generation
field => 
	0 => 
		0 => accno
		1 => accno
	1 => 
		0 => name
		1 => name
	2 => 
		0 => category
		1 => category
	3 => 
		0 => os_bal
		1 => os_bal
	4 => 
		0 => last_trans
		1 => last_trans
id => 
	0 => accno
	1 => accno
table => 
	0 =>  care_ke_debtors 
	1 =>  care_ke_debtors 
count => 100

Exec SQL: SELECT  COUNT(*)  FROM  care_ke_debtors 

Exec SQL: SELECT  accno,name,category,os_bal,last_trans  FROM  care_ke_debtors  LIMIT 0,100

Done in 0.0067601203918457ms



====================================
Log started, 11/07/2017 11:07:52
====================================

Ready for SQL generation
field => 
	0 => 
		0 => accno
		1 => accno
	1 => 
		0 => name
		1 => name
	2 => 
		0 => category
		1 => category
	3 => 
		0 => os_bal
		1 => os_bal
	4 => 
		0 => last_trans
		1 => last_trans
id => 
	0 => accno
	1 => accno
table => 
	0 =>  care_ke_debtors 
	1 =>  care_ke_debtors 
count => 100

Exec SQL: SELECT  COUNT(*)  FROM  care_ke_debtors 

Exec SQL: SELECT  accno,name,category,os_bal,last_trans  FROM  care_ke_debtors  LIMIT 0,100

Done in 0.17751002311707ms



====================================
Log started, 11/07/2017 12:07:09
====================================

Ready for SQL generation
field => 
	0 => 
		0 => accno
		1 => accno
	1 => 
		0 => name
		1 => name
	2 => 
		0 => category
		1 => category
	3 => 
		0 => os_bal
		1 => os_bal
	4 => 
		0 => last_trans
		1 => last_trans
id => 
	0 => accno
	1 => accno
table => 
	0 =>  care_ke_debtors 
	1 =>  care_ke_debtors 
count => 100

Exec SQL: SELECT  COUNT(*)  FROM  care_ke_debtors 

Exec SQL: SELECT  accno,name,category,os_bal,last_trans  FROM  care_ke_debtors  LIMIT 0,100

Done in 0.010112047195435ms



====================================
Log started, 11/07/2017 04:07:16
====================================

Ready for SQL generation
field => 
	0 => 
		0 => accno
		1 => accno
	1 => 
		0 => name
		1 => name
	2 => 
		0 => category
		1 => category
	3 => 
		0 => os_bal
		1 => os_bal
	4 => 
		0 => last_trans
		1 => last_trans
id => 
	0 => accno
	1 => accno
table => 
	0 =>  care_ke_debtors 
	1 =>  care_ke_debtors 
count => 100

Exec SQL: SELECT  COUNT(*)  FROM  care_ke_debtors 

Exec SQL: SELECT  accno,name,category,os_bal,last_trans  FROM  care_ke_debtors  LIMIT 0,100

Done in 0.12102293968201ms



====================================
Log started, 11/07/2017 04:07:39
====================================

Ready for SQL generation
field => 
	0 => 
		0 => accno
		1 => accno
	1 => 
		0 => name
		1 => name
	2 => 
		0 => category
		1 => category
	3 => 
		0 => os_bal
		1 => os_bal
	4 => 
		0 => last_trans
		1 => last_trans
id => 
	0 => accno
	1 => accno
table => 
	0 =>  care_ke_debtors 
	1 =>  care_ke_debtors 
count => 100

Exec SQL: SELECT  COUNT(*)  FROM  care_ke_debtors 

Exec SQL: SELECT  accno,name,category,os_bal,last_trans  FROM  care_ke_debtors  LIMIT 0,100

Done in 0.075158834457397ms



====================================
Log started, 11/07/2017 04:07:53
====================================

Ready for SQL generation
field => 
	0 => 
		0 => accno
		1 => accno
	1 => 
		0 => name
		1 => name
	2 => 
		0 => category
		1 => category
	3 => 
		0 => os_bal
		1 => os_bal
	4 => 
		0 => last_trans
		1 => last_trans
id => 
	0 => accno
	1 => accno
table => 
	0 =>  care_ke_debtors 
	1 =>  care_ke_debtors 
count => 100

Exec SQL: SELECT  COUNT(*)  FROM  care_ke_debtors 

Exec SQL: SELECT  accno,name,category,os_bal,last_trans  FROM  care_ke_debtors  LIMIT 0,100

Done in 0.012393951416016ms



====================================
Log started, 11/07/2017 04:07:44
====================================

Ready for SQL generation
field => 
	0 => 
		0 => accno
		1 => accno
	1 => 
		0 => name
		1 => name
	2 => 
		0 => category
		1 => category
	3 => 
		0 => os_bal
		1 => os_bal
	4 => 
		0 => last_trans
		1 => last_trans
id => 
	0 => accno
	1 => accno
table => 
	0 =>  care_ke_debtors 
	1 =>  care_ke_debtors 
count => 100

Exec SQL: SELECT  COUNT(*)  FROM  care_ke_debtors 

Exec SQL: SELECT  accno,name,category,os_bal,last_trans  FROM  care_ke_debtors  LIMIT 0,100

Done in 0.0089929103851318ms



====================================
Log started, 11/07/2017 04:07:33
====================================

Ready for SQL generation
field => 
	0 => 
		0 => accno
		1 => accno
	1 => 
		0 => name
		1 => name
	2 => 
		0 => category
		1 => category
	3 => 
		0 => os_bal
		1 => os_bal
	4 => 
		0 => last_trans
		1 => last_trans
id => 
	0 => accno
	1 => accno
table => 
	0 =>  care_ke_debtors 
	1 =>  care_ke_debtors 
count => 100

Exec SQL: SELECT  COUNT(*)  FROM  care_ke_debtors 

Exec SQL: SELECT  accno,name,category,os_bal,last_trans  FROM  care_ke_debtors  LIMIT 0,100

Done in 0.0042681694030762ms



====================================
Log started, 11/07/2017 04:07:29
====================================

Ready for SQL generation
field => 
	0 => 
		0 => accno
		1 => accno
	1 => 
		0 => name
		1 => name
	2 => 
		0 => category
		1 => category
	3 => 
		0 => os_bal
		1 => os_bal
	4 => 
		0 => last_trans
		1 => last_trans
id => 
	0 => accno
	1 => accno
table => 
	0 =>  care_ke_debtors 
	1 =>  care_ke_debtors 
count => 100

Exec SQL: SELECT  COUNT(*)  FROM  care_ke_debtors 

Exec SQL: SELECT  accno,name,category,os_bal,last_trans  FROM  care_ke_debtors  LIMIT 0,100

Done in 0.03181004524231ms



====================================
Log started, 11/07/2017 05:07:22
====================================

Ready for SQL generation
field => 
	0 => 
		0 => accno
		1 => accno
	1 => 
		0 => name
		1 => name
	2 => 
		0 => category
		1 => category
	3 => 
		0 => os_bal
		1 => os_bal
	4 => 
		0 => last_trans
		1 => last_trans
id => 
	0 => accno
	1 => accno
table => 
	0 =>  care_ke_debtors 
	1 =>  care_ke_debtors 
count => 100

Exec SQL: SELECT  COUNT(*)  FROM  care_ke_debtors 

Exec SQL: SELECT  accno,name,category,os_bal,last_trans  FROM  care_ke_debtors  LIMIT 0,100

Done in 0.054465055465698ms



====================================
Log started, 17/07/2017 11:07:01
====================================

Ready for SQL generation
field => 
	0 => 
		0 => accno
		1 => accno
	1 => 
		0 => name
		1 => name
	2 => 
		0 => category
		1 => category
	3 => 
		0 => os_bal
		1 => os_bal
	4 => 
		0 => last_trans
		1 => last_trans
id => 
	0 => accno
	1 => accno
table => 
	0 =>  care_ke_debtors 
	1 =>  care_ke_debtors 
count => 100

Exec SQL: SELECT  COUNT(*)  FROM  care_ke_debtors 

Exec SQL: SELECT  accno,name,category,os_bal,last_trans  FROM  care_ke_debtors  LIMIT 0,100

Done in 1.1132309436798ms



====================================
Log started, 17/07/2017 11:07:33
====================================

Ready for SQL generation
field => 
	0 => 
		0 => accno
		1 => accno
	1 => 
		0 => name
		1 => name
	2 => 
		0 => category
		1 => category
	3 => 
		0 => os_bal
		1 => os_bal
	4 => 
		0 => last_trans
		1 => last_trans
id => 
	0 => accno
	1 => accno
table => 
	0 =>  care_ke_debtors 
	1 =>  care_ke_debtors 
count => 100

Exec SQL: SELECT  COUNT(*)  FROM  care_ke_debtors 

Exec SQL: SELECT  accno,name,category,os_bal,last_trans  FROM  care_ke_debtors  LIMIT 0,100

Done in 0.048853874206543ms



====================================
Log started, 17/07/2017 11:07:55
====================================

Ready for SQL generation
field => 
	0 => 
		0 => accno
		1 => accno
	1 => 
		0 => name
		1 => name
	2 => 
		0 => category
		1 => category
	3 => 
		0 => os_bal
		1 => os_bal
	4 => 
		0 => last_trans
		1 => last_trans
id => 
	0 => accno
	1 => accno
table => 
	0 =>  care_ke_debtors 
	1 =>  care_ke_debtors 
count => 100

Exec SQL: SELECT  COUNT(*)  FROM  care_ke_debtors 

Exec SQL: SELECT  accno,name,category,os_bal,last_trans  FROM  care_ke_debtors  LIMIT 0,100

Done in 0.048464059829712ms



====================================
Log started, 17/07/2017 11:07:40
====================================

Ready for SQL generation
field => 
	0 => 
		0 => accno
		1 => accno
	1 => 
		0 => name
		1 => name
	2 => 
		0 => category
		1 => category
	3 => 
		0 => os_bal
		1 => os_bal
	4 => 
		0 => last_trans
		1 => last_trans
id => 
	0 => accno
	1 => accno
table => 
	0 =>  care_ke_debtors 
	1 =>  care_ke_debtors 
count => 100

Exec SQL: SELECT  COUNT(*)  FROM  care_ke_debtors 

Exec SQL: SELECT  accno,name,category,os_bal,last_trans  FROM  care_ke_debtors  LIMIT 0,100

Done in 0.44412589073181ms



====================================
Log started, 20/07/2017 12:07:28
====================================

Ready for SQL generation
field => 
	0 => 
		0 => accno
		1 => accno
	1 => 
		0 => name
		1 => name
	2 => 
		0 => category
		1 => category
	3 => 
		0 => os_bal
		1 => os_bal
	4 => 
		0 => last_trans
		1 => last_trans
id => 
	0 => accno
	1 => accno
table => 
	0 =>  care_ke_debtors 
	1 =>  care_ke_debtors 
count => 100

Exec SQL: SELECT  COUNT(*)  FROM  care_ke_debtors 

Exec SQL: SELECT  accno,name,category,os_bal,last_trans  FROM  care_ke_debtors  LIMIT 0,100

Done in 0.29165506362915ms



====================================
Log started, 25/07/2017 01:07:29
====================================

Ready for SQL generation
field => 
	0 => 
		0 => accno
		1 => accno
	1 => 
		0 => name
		1 => name
	2 => 
		0 => category
		1 => category
	3 => 
		0 => os_bal
		1 => os_bal
	4 => 
		0 => last_trans
		1 => last_trans
id => 
	0 => accno
	1 => accno
table => 
	0 =>  care_ke_debtors 
	1 =>  care_ke_debtors 
count => 100

Exec SQL: SELECT  COUNT(*)  FROM  care_ke_debtors 

Exec SQL: SELECT  accno,name,category,os_bal,last_trans  FROM  care_ke_debtors  LIMIT 0,100

Done in 0.17655086517334ms



====================================
Log started, 25/07/2017 01:07:53
====================================

Ready for SQL generation
field => 
	0 => 
		0 => accno
		1 => accno
	1 => 
		0 => name
		1 => name
	2 => 
		0 => category
		1 => category
	3 => 
		0 => os_bal
		1 => os_bal
	4 => 
		0 => last_trans
		1 => last_trans
id => 
	0 => accno
	1 => accno
table => 
	0 =>  care_ke_debtors 
	1 =>  care_ke_debtors 
count => 100

Exec SQL: SELECT  COUNT(*)  FROM  care_ke_debtors 

Exec SQL: SELECT  accno,name,category,os_bal,last_trans  FROM  care_ke_debtors  LIMIT 0,100

Done in 0.031284093856812ms



====================================
Log started, 25/07/2017 01:07:18
====================================

Ready for SQL generation
field => 
	0 => 
		0 => accno
		1 => accno
	1 => 
		0 => name
		1 => name
	2 => 
		0 => category
		1 => category
	3 => 
		0 => os_bal
		1 => os_bal
	4 => 
		0 => last_trans
		1 => last_trans
id => 
	0 => accno
	1 => accno
table => 
	0 =>  care_ke_debtors 
	1 =>  care_ke_debtors 
count => 100

Exec SQL: SELECT  COUNT(*)  FROM  care_ke_debtors 

Exec SQL: SELECT  accno,name,category,os_bal,last_trans  FROM  care_ke_debtors  LIMIT 0,100

Done in 0.10362792015076ms



====================================
Log started, 25/07/2017 01:07:53
====================================

Ready for SQL generation
field => 
	0 => 
		0 => accno
		1 => accno
	1 => 
		0 => name
		1 => name
	2 => 
		0 => category
		1 => category
	3 => 
		0 => os_bal
		1 => os_bal
	4 => 
		0 => last_trans
		1 => last_trans
id => 
	0 => accno
	1 => accno
table => 
	0 =>  care_ke_debtors 
	1 =>  care_ke_debtors 
count => 100

Exec SQL: SELECT  COUNT(*)  FROM  care_ke_debtors 

Exec SQL: SELECT  accno,name,category,os_bal,last_trans  FROM  care_ke_debtors  LIMIT 0,100

Done in 0.10781407356262ms



====================================
Log started, 25/07/2017 02:07:19
====================================

Ready for SQL generation
field => 
	0 => 
		0 => accno
		1 => accno
	1 => 
		0 => name
		1 => name
	2 => 
		0 => category
		1 => category
	3 => 
		0 => os_bal
		1 => os_bal
	4 => 
		0 => last_trans
		1 => last_trans
id => 
	0 => accno
	1 => accno
table => 
	0 =>  care_ke_debtors 
	1 =>  care_ke_debtors 
count => 100

Exec SQL: SELECT  COUNT(*)  FROM  care_ke_debtors 

Exec SQL: SELECT  accno,name,category,os_bal,last_trans  FROM  care_ke_debtors  LIMIT 0,100

Done in 0.55375695228577ms



====================================
Log started, 25/07/2017 02:07:19
====================================

Ready for SQL generation
field => 
	0 => 
		0 => accno
		1 => accno
	1 => 
		0 => name
		1 => name
	2 => 
		0 => category
		1 => category
	3 => 
		0 => os_bal
		1 => os_bal
	4 => 
		0 => last_trans
		1 => last_trans
id => 
	0 => accno
	1 => accno
table => 
	0 =>  care_ke_debtors 
	1 =>  care_ke_debtors 
count => 100

Exec SQL: SELECT  COUNT(*)  FROM  care_ke_debtors 

Exec SQL: SELECT  accno,name,category,os_bal,last_trans  FROM  care_ke_debtors  LIMIT 0,100

Done in 0.15990090370178ms



====================================
Log started, 25/07/2017 02:07:57
====================================

Ready for SQL generation
field => 
	0 => 
		0 => accno
		1 => accno
	1 => 
		0 => name
		1 => name
	2 => 
		0 => category
		1 => category
	3 => 
		0 => os_bal
		1 => os_bal
	4 => 
		0 => last_trans
		1 => last_trans
id => 
	0 => accno
	1 => accno
table => 
	0 =>  care_ke_debtors 
	1 =>  care_ke_debtors 
count => 100

Exec SQL: SELECT  COUNT(*)  FROM  care_ke_debtors 

Exec SQL: SELECT  accno,name,category,os_bal,last_trans  FROM  care_ke_debtors  LIMIT 0,100

Done in 0.37133002281189ms



====================================
Log started, 25/07/2017 03:07:33
====================================

Ready for SQL generation
field => 
	0 => 
		0 => accno
		1 => accno
	1 => 
		0 => name
		1 => name
	2 => 
		0 => category
		1 => category
	3 => 
		0 => os_bal
		1 => os_bal
	4 => 
		0 => last_trans
		1 => last_trans
id => 
	0 => accno
	1 => accno
table => 
	0 =>  care_ke_debtors 
	1 =>  care_ke_debtors 
count => 100

Exec SQL: SELECT  COUNT(*)  FROM  care_ke_debtors 

Exec SQL: SELECT  accno,name,category,os_bal,last_trans  FROM  care_ke_debtors  LIMIT 0,100

Done in 0.20604205131531ms



====================================
Log started, 27/07/2017 09:07:01
====================================

Ready for SQL generation
field => 
	0 => 
		0 => accno
		1 => accno
	1 => 
		0 => name
		1 => name
	2 => 
		0 => category
		1 => category
	3 => 
		0 => os_bal
		1 => os_bal
	4 => 
		0 => last_trans
		1 => last_trans
id => 
	0 => accno
	1 => accno
table => 
	0 =>  care_ke_debtors 
	1 =>  care_ke_debtors 
count => 100

Exec SQL: SELECT  COUNT(*)  FROM  care_ke_debtors 

Exec SQL: SELECT  accno,name,category,os_bal,last_trans  FROM  care_ke_debtors  LIMIT 0,100

Done in 0.029329061508179ms



====================================
Log started, 27/07/2017 09:07:53
====================================

Ready for SQL generation
field => 
	0 => 
		0 => accno
		1 => accno
	1 => 
		0 => name
		1 => name
	2 => 
		0 => category
		1 => category
	3 => 
		0 => os_bal
		1 => os_bal
	4 => 
		0 => last_trans
		1 => last_trans
id => 
	0 => accno
	1 => accno
table => 
	0 =>  care_ke_debtors 
	1 =>  care_ke_debtors 
count => 100

Exec SQL: SELECT  COUNT(*)  FROM  care_ke_debtors 

Exec SQL: SELECT  accno,name,category,os_bal,last_trans  FROM  care_ke_debtors  LIMIT 0,100

Done in 0.085430145263672ms



====================================
Log started, 27/07/2017 09:07:32
====================================

Ready for SQL generation
field => 
	0 => 
		0 => accno
		1 => accno
	1 => 
		0 => name
		1 => name
	2 => 
		0 => category
		1 => category
	3 => 
		0 => os_bal
		1 => os_bal
	4 => 
		0 => last_trans
		1 => last_trans
id => 
	0 => accno
	1 => accno
table => 
	0 =>  care_ke_debtors 
	1 =>  care_ke_debtors 
count => 100

Exec SQL: SELECT  COUNT(*)  FROM  care_ke_debtors 

Exec SQL: SELECT  accno,name,category,os_bal,last_trans  FROM  care_ke_debtors  LIMIT 0,100

Done in 0.050467014312744ms



====================================
Log started, 28/07/2017 08:07:47
====================================

Ready for SQL generation
field => 
	0 => 
		0 => accno
		1 => accno
	1 => 
		0 => name
		1 => name
	2 => 
		0 => category
		1 => category
	3 => 
		0 => os_bal
		1 => os_bal
	4 => 
		0 => last_trans
		1 => last_trans
id => 
	0 => accno
	1 => accno
table => 
	0 =>  care_ke_debtors 
	1 =>  care_ke_debtors 
count => 100

Exec SQL: SELECT  COUNT(*)  FROM  care_ke_debtors 

Exec SQL: SELECT  accno,name,category,os_bal,last_trans  FROM  care_ke_debtors  LIMIT 0,100

Done in 0.30724692344666ms



====================================
Log started, 28/07/2017 09:07:54
====================================

Ready for SQL generation
field => 
	0 => 
		0 => accno
		1 => accno
	1 => 
		0 => name
		1 => name
	2 => 
		0 => category
		1 => category
	3 => 
		0 => os_bal
		1 => os_bal
	4 => 
		0 => last_trans
		1 => last_trans
id => 
	0 => accno
	1 => accno
table => 
	0 =>  care_ke_debtors 
	1 =>  care_ke_debtors 
count => 100

Exec SQL: SELECT  COUNT(*)  FROM  care_ke_debtors 

Exec SQL: SELECT  accno,name,category,os_bal,last_trans  FROM  care_ke_debtors  LIMIT 0,100

Done in 0.018433094024658ms



====================================
Log started, 28/07/2017 09:07:44
====================================

Ready for SQL generation
field => 
	0 => 
		0 => accno
		1 => accno
	1 => 
		0 => name
		1 => name
	2 => 
		0 => category
		1 => category
	3 => 
		0 => os_bal
		1 => os_bal
	4 => 
		0 => last_trans
		1 => last_trans
id => 
	0 => accno
	1 => accno
table => 
	0 =>  care_ke_debtors 
	1 =>  care_ke_debtors 
count => 100

Exec SQL: SELECT  COUNT(*)  FROM  care_ke_debtors 

Exec SQL: SELECT  accno,name,category,os_bal,last_trans  FROM  care_ke_debtors  LIMIT 0,100

Done in 0.028131008148193ms



====================================
Log started, 28/07/2017 09:07:36
====================================

Ready for SQL generation
field => 
	0 => 
		0 => accno
		1 => accno
	1 => 
		0 => name
		1 => name
	2 => 
		0 => category
		1 => category
	3 => 
		0 => os_bal
		1 => os_bal
	4 => 
		0 => last_trans
		1 => last_trans
id => 
	0 => accno
	1 => accno
table => 
	0 =>  care_ke_debtors 
	1 =>  care_ke_debtors 
count => 100

Exec SQL: SELECT  COUNT(*)  FROM  care_ke_debtors 

Exec SQL: SELECT  accno,name,category,os_bal,last_trans  FROM  care_ke_debtors  LIMIT 0,100

Done in 0.020056009292603ms



====================================
Log started, 28/07/2017 09:07:25
====================================

Ready for SQL generation
field => 
	0 => 
		0 => accno
		1 => accno
	1 => 
		0 => name
		1 => name
	2 => 
		0 => category
		1 => category
	3 => 
		0 => os_bal
		1 => os_bal
	4 => 
		0 => last_trans
		1 => last_trans
id => 
	0 => accno
	1 => accno
table => 
	0 =>  care_ke_debtors 
	1 =>  care_ke_debtors 
count => 100

Exec SQL: SELECT  COUNT(*)  FROM  care_ke_debtors 

Exec SQL: SELECT  accno,name,category,os_bal,last_trans  FROM  care_ke_debtors  LIMIT 0,100

Done in 0.015965938568115ms



====================================
Log started, 28/07/2017 10:07:45
====================================

Ready for SQL generation
field => 
	0 => 
		0 => accno
		1 => accno
	1 => 
		0 => name
		1 => name
	2 => 
		0 => category
		1 => category
	3 => 
		0 => os_bal
		1 => os_bal
	4 => 
		0 => last_trans
		1 => last_trans
id => 
	0 => accno
	1 => accno
table => 
	0 =>  care_ke_debtors 
	1 =>  care_ke_debtors 
count => 100

Exec SQL: SELECT  COUNT(*)  FROM  care_ke_debtors 

Exec SQL: SELECT  accno,name,category,os_bal,last_trans  FROM  care_ke_debtors  LIMIT 0,100

Done in 0.027674913406372ms



====================================
Log started, 28/07/2017 10:07:33
====================================

Ready for SQL generation
field => 
	0 => 
		0 => accno
		1 => accno
	1 => 
		0 => name
		1 => name
	2 => 
		0 => category
		1 => category
	3 => 
		0 => os_bal
		1 => os_bal
	4 => 
		0 => last_trans
		1 => last_trans
id => 
	0 => accno
	1 => accno
table => 
	0 =>  care_ke_debtors 
	1 =>  care_ke_debtors 
count => 100

Exec SQL: SELECT  COUNT(*)  FROM  care_ke_debtors 

Exec SQL: SELECT  accno,name,category,os_bal,last_trans  FROM  care_ke_debtors  LIMIT 0,100

Done in 0.025393962860107ms



====================================
Log started, 28/07/2017 10:07:14
====================================

Ready for SQL generation
field => 
	0 => 
		0 => accno
		1 => accno
	1 => 
		0 => name
		1 => name
	2 => 
		0 => category
		1 => category
	3 => 
		0 => os_bal
		1 => os_bal
	4 => 
		0 => last_trans
		1 => last_trans
id => 
	0 => accno
	1 => accno
table => 
	0 =>  care_ke_debtors 
	1 =>  care_ke_debtors 
count => 100

Exec SQL: SELECT  COUNT(*)  FROM  care_ke_debtors 

Exec SQL: SELECT  accno,name,category,os_bal,last_trans  FROM  care_ke_debtors  LIMIT 0,100

Done in 0.070802211761475ms



====================================
Log started, 28/07/2017 10:07:33
====================================

Ready for SQL generation
field => 
	0 => 
		0 => accno
		1 => accno
	1 => 
		0 => name
		1 => name
	2 => 
		0 => category
		1 => category
	3 => 
		0 => os_bal
		1 => os_bal
	4 => 
		0 => last_trans
		1 => last_trans
id => 
	0 => accno
	1 => accno
table => 
	0 =>  care_ke_debtors 
	1 =>  care_ke_debtors 
count => 100

Exec SQL: SELECT  COUNT(*)  FROM  care_ke_debtors 

Exec SQL: SELECT  accno,name,category,os_bal,last_trans  FROM  care_ke_debtors  LIMIT 0,100

Done in 0.018762111663818ms



====================================
Log started, 28/07/2017 11:07:57
====================================

Ready for SQL generation
field => 
	0 => 
		0 => accno
		1 => accno
	1 => 
		0 => name
		1 => name
	2 => 
		0 => category
		1 => category
	3 => 
		0 => os_bal
		1 => os_bal
	4 => 
		0 => last_trans
		1 => last_trans
id => 
	0 => accno
	1 => accno
table => 
	0 =>  care_ke_debtors 
	1 =>  care_ke_debtors 
count => 100

Exec SQL: SELECT  COUNT(*)  FROM  care_ke_debtors 

Exec SQL: SELECT  accno,name,category,os_bal,last_trans  FROM  care_ke_debtors  LIMIT 0,100

Done in 0.03062105178833ms



====================================
Log started, 28/07/2017 11:07:41
====================================

Ready for SQL generation
field => 
	0 => 
		0 => accno
		1 => accno
	1 => 
		0 => name
		1 => name
	2 => 
		0 => category
		1 => category
	3 => 
		0 => os_bal
		1 => os_bal
	4 => 
		0 => last_trans
		1 => last_trans
id => 
	0 => accno
	1 => accno
table => 
	0 =>  care_ke_debtors 
	1 =>  care_ke_debtors 
count => 100

Exec SQL: SELECT  COUNT(*)  FROM  care_ke_debtors 

Exec SQL: SELECT  accno,name,category,os_bal,last_trans  FROM  care_ke_debtors  LIMIT 0,100

Done in 0.021032094955444ms



====================================
Log started, 28/07/2017 11:07:37
====================================

Ready for SQL generation
field => 
	0 => 
		0 => accno
		1 => accno
	1 => 
		0 => name
		1 => name
	2 => 
		0 => category
		1 => category
	3 => 
		0 => os_bal
		1 => os_bal
	4 => 
		0 => last_trans
		1 => last_trans
id => 
	0 => accno
	1 => accno
table => 
	0 =>  care_ke_debtors 
	1 =>  care_ke_debtors 
count => 100

Exec SQL: SELECT  COUNT(*)  FROM  care_ke_debtors 

Exec SQL: SELECT  accno,name,category,os_bal,last_trans  FROM  care_ke_debtors  LIMIT 0,100

Done in 0.054425001144409ms



====================================
Log started, 28/07/2017 11:07:27
====================================

Ready for SQL generation
field => 
	0 => 
		0 => accno
		1 => accno
	1 => 
		0 => name
		1 => name
	2 => 
		0 => category
		1 => category
	3 => 
		0 => os_bal
		1 => os_bal
	4 => 
		0 => last_trans
		1 => last_trans
id => 
	0 => accno
	1 => accno
table => 
	0 =>  care_ke_debtors 
	1 =>  care_ke_debtors 
count => 100

Exec SQL: SELECT  COUNT(*)  FROM  care_ke_debtors 

Exec SQL: SELECT  accno,name,category,os_bal,last_trans  FROM  care_ke_debtors  LIMIT 0,100

Done in 0.020192861557007ms



====================================
Log started, 28/07/2017 12:07:04
====================================

Ready for SQL generation
field => 
	0 => 
		0 => accno
		1 => accno
	1 => 
		0 => name
		1 => name
	2 => 
		0 => category
		1 => category
	3 => 
		0 => os_bal
		1 => os_bal
	4 => 
		0 => last_trans
		1 => last_trans
id => 
	0 => accno
	1 => accno
table => 
	0 =>  care_ke_debtors 
	1 =>  care_ke_debtors 
count => 100

Exec SQL: SELECT  COUNT(*)  FROM  care_ke_debtors 

Exec SQL: SELECT  accno,name,category,os_bal,last_trans  FROM  care_ke_debtors  LIMIT 0,100

Done in 0.024174928665161ms



====================================
Log started, 28/07/2017 03:07:24
====================================

Ready for SQL generation
field => 
	0 => 
		0 => accno
		1 => accno
	1 => 
		0 => name
		1 => name
	2 => 
		0 => category
		1 => category
	3 => 
		0 => os_bal
		1 => os_bal
	4 => 
		0 => last_trans
		1 => last_trans
id => 
	0 => accno
	1 => accno
table => 
	0 =>  care_ke_debtors 
	1 =>  care_ke_debtors 
count => 100

Exec SQL: SELECT  COUNT(*)  FROM  care_ke_debtors 

Exec SQL: SELECT  accno,name,category,os_bal,last_trans  FROM  care_ke_debtors  LIMIT 0,100

Done in 0.11249208450317ms



====================================
Log started, 28/07/2017 05:07:41
====================================

Ready for SQL generation
field => 
	0 => 
		0 => accno
		1 => accno
	1 => 
		0 => name
		1 => name
	2 => 
		0 => category
		1 => category
	3 => 
		0 => os_bal
		1 => os_bal
	4 => 
		0 => last_trans
		1 => last_trans
id => 
	0 => accno
	1 => accno
table => 
	0 =>  care_ke_debtors 
	1 =>  care_ke_debtors 
count => 100

Exec SQL: SELECT  COUNT(*)  FROM  care_ke_debtors 

Exec SQL: SELECT  accno,name,category,os_bal,last_trans  FROM  care_ke_debtors  LIMIT 0,100

Done in 0.043558120727539ms



====================================
Log started, 01/08/2017 05:08:11
====================================

Ready for SQL generation
field => 
	0 => 
		0 => accno
		1 => accno
	1 => 
		0 => name
		1 => name
	2 => 
		0 => category
		1 => category
	3 => 
		0 => os_bal
		1 => os_bal
	4 => 
		0 => last_trans
		1 => last_trans
id => 
	0 => accno
	1 => accno
table => 
	0 =>  care_ke_debtors 
	1 =>  care_ke_debtors 
count => 100

Exec SQL: SELECT  COUNT(*)  FROM  care_ke_debtors 

Exec SQL: SELECT  accno,name,category,os_bal,last_trans  FROM  care_ke_debtors  LIMIT 0,100

Done in 0.081547021865845ms



====================================
Log started, 01/08/2017 05:08:23
====================================

Ready for SQL generation
field => 
	0 => 
		0 => accno
		1 => accno
	1 => 
		0 => name
		1 => name
	2 => 
		0 => category
		1 => category
	3 => 
		0 => os_bal
		1 => os_bal
	4 => 
		0 => last_trans
		1 => last_trans
id => 
	0 => accno
	1 => accno
table => 
	0 =>  care_ke_debtors 
	1 =>  care_ke_debtors 
count => 100

Exec SQL: SELECT  COUNT(*)  FROM  care_ke_debtors 

Exec SQL: SELECT  accno,name,category,os_bal,last_trans  FROM  care_ke_debtors  LIMIT 0,100

Done in 0.034997940063477ms



====================================
Log started, 10/08/2017 11:08:52
====================================

Ready for SQL generation
field => 
	0 => 
		0 => accno
		1 => accno
	1 => 
		0 => name
		1 => name
	2 => 
		0 => category
		1 => category
	3 => 
		0 => os_bal
		1 => os_bal
	4 => 
		0 => last_trans
		1 => last_trans
id => 
	0 => accno
	1 => accno
table => 
	0 =>  care_ke_debtors 
	1 =>  care_ke_debtors 
count => 100

Exec SQL: SELECT  COUNT(*)  FROM  care_ke_debtors 

Exec SQL: SELECT  accno,name,category,os_bal,last_trans  FROM  care_ke_debtors  LIMIT 0,100

Done in 0.24778413772583ms



====================================
Log started, 10/08/2017 11:08:16
====================================

Ready for SQL generation
field => 
	0 => 
		0 => accno
		1 => accno
	1 => 
		0 => name
		1 => name
	2 => 
		0 => category
		1 => category
	3 => 
		0 => os_bal
		1 => os_bal
	4 => 
		0 => last_trans
		1 => last_trans
id => 
	0 => accno
	1 => accno
table => 
	0 =>  care_ke_debtors 
	1 =>  care_ke_debtors 
count => 100

Exec SQL: SELECT  COUNT(*)  FROM  care_ke_debtors 

Exec SQL: SELECT  accno,name,category,os_bal,last_trans  FROM  care_ke_debtors  LIMIT 0,100

Done in 0.04504919052124ms



====================================
Log started, 10/08/2017 04:08:02
====================================

Ready for SQL generation
field => 
	0 => 
		0 => accno
		1 => accno
	1 => 
		0 => name
		1 => name
	2 => 
		0 => category
		1 => category
	3 => 
		0 => os_bal
		1 => os_bal
	4 => 
		0 => last_trans
		1 => last_trans
id => 
	0 => accno
	1 => accno
table => 
	0 =>  care_ke_debtors 
	1 =>  care_ke_debtors 
count => 100

Exec SQL: SELECT  COUNT(*)  FROM  care_ke_debtors 

Exec SQL: SELECT  accno,name,category,os_bal,last_trans  FROM  care_ke_debtors  LIMIT 0,100

Done in 0.037965059280396ms



====================================
Log started, 10/08/2017 04:08:52
====================================

Ready for SQL generation
field => 
	0 => 
		0 => accno
		1 => accno
	1 => 
		0 => name
		1 => name
	2 => 
		0 => category
		1 => category
	3 => 
		0 => os_bal
		1 => os_bal
	4 => 
		0 => last_trans
		1 => last_trans
id => 
	0 => accno
	1 => accno
table => 
	0 =>  care_ke_debtors 
	1 =>  care_ke_debtors 
count => 100

Exec SQL: SELECT  COUNT(*)  FROM  care_ke_debtors 

Exec SQL: SELECT  accno,name,category,os_bal,last_trans  FROM  care_ke_debtors  LIMIT 0,100

Done in 0.01793098449707ms



====================================
Log started, 10/08/2017 04:08:15
====================================

Ready for SQL generation
field => 
	0 => 
		0 => accno
		1 => accno
	1 => 
		0 => name
		1 => name
	2 => 
		0 => category
		1 => category
	3 => 
		0 => os_bal
		1 => os_bal
	4 => 
		0 => last_trans
		1 => last_trans
id => 
	0 => accno
	1 => accno
table => 
	0 =>  care_ke_debtors 
	1 =>  care_ke_debtors 
count => 100

Exec SQL: SELECT  COUNT(*)  FROM  care_ke_debtors 

Exec SQL: SELECT  accno,name,category,os_bal,last_trans  FROM  care_ke_debtors  LIMIT 0,100

Done in 0.021784067153931ms



====================================
Log started, 10/08/2017 04:08:12
====================================

Ready for SQL generation
field => 
	0 => 
		0 => accno
		1 => accno
	1 => 
		0 => name
		1 => name
	2 => 
		0 => category
		1 => category
	3 => 
		0 => os_bal
		1 => os_bal
	4 => 
		0 => last_trans
		1 => last_trans
id => 
	0 => accno
	1 => accno
table => 
	0 =>  care_ke_debtors 
	1 =>  care_ke_debtors 
count => 100

Exec SQL: SELECT  COUNT(*)  FROM  care_ke_debtors 

Exec SQL: SELECT  accno,name,category,os_bal,last_trans  FROM  care_ke_debtors  LIMIT 0,100

Done in 0.018409967422485ms



====================================
Log started, 10/08/2017 05:08:55
====================================

Ready for SQL generation
field => 
	0 => 
		0 => accno
		1 => accno
	1 => 
		0 => name
		1 => name
	2 => 
		0 => category
		1 => category
	3 => 
		0 => os_bal
		1 => os_bal
	4 => 
		0 => last_trans
		1 => last_trans
id => 
	0 => accno
	1 => accno
table => 
	0 =>  care_ke_debtors 
	1 =>  care_ke_debtors 
count => 100

Exec SQL: SELECT  COUNT(*)  FROM  care_ke_debtors 

Exec SQL: SELECT  accno,name,category,os_bal,last_trans  FROM  care_ke_debtors  LIMIT 0,100

Done in 0.017524003982544ms



====================================
Log started, 10/08/2017 05:08:38
====================================

Ready for SQL generation
field => 
	0 => 
		0 => accno
		1 => accno
	1 => 
		0 => name
		1 => name
	2 => 
		0 => category
		1 => category
	3 => 
		0 => os_bal
		1 => os_bal
	4 => 
		0 => last_trans
		1 => last_trans
id => 
	0 => accno
	1 => accno
table => 
	0 =>  care_ke_debtors 
	1 =>  care_ke_debtors 
count => 100

Exec SQL: SELECT  COUNT(*)  FROM  care_ke_debtors 

Exec SQL: SELECT  accno,name,category,os_bal,last_trans  FROM  care_ke_debtors  LIMIT 0,100

Done in 0.019833087921143ms



====================================
Log started, 10/08/2017 06:08:54
====================================

Ready for SQL generation
field => 
	0 => 
		0 => accno
		1 => accno
	1 => 
		0 => name
		1 => name
	2 => 
		0 => category
		1 => category
	3 => 
		0 => os_bal
		1 => os_bal
	4 => 
		0 => last_trans
		1 => last_trans
id => 
	0 => accno
	1 => accno
table => 
	0 =>  care_ke_debtors 
	1 =>  care_ke_debtors 
count => 100

Exec SQL: SELECT  COUNT(*)  FROM  care_ke_debtors 

Exec SQL: SELECT  accno,name,category,os_bal,last_trans  FROM  care_ke_debtors  LIMIT 0,100

Done in 0.01923394203186ms



====================================
Log started, 10/08/2017 06:08:00
====================================

Ready for SQL generation
field => 
	0 => 
		0 => accno
		1 => accno
	1 => 
		0 => name
		1 => name
	2 => 
		0 => category
		1 => category
	3 => 
		0 => os_bal
		1 => os_bal
	4 => 
		0 => last_trans
		1 => last_trans
id => 
	0 => accno
	1 => accno
table => 
	0 =>  care_ke_debtors 
	1 =>  care_ke_debtors 
count => 100

Exec SQL: SELECT  COUNT(*)  FROM  care_ke_debtors 

Exec SQL: SELECT  accno,name,category,os_bal,last_trans  FROM  care_ke_debtors  LIMIT 0,100

Done in 0.0191490650177ms



====================================
Log started, 22/08/2017 04:08:57
====================================

Ready for SQL generation
field => 
	0 => 
		0 => accno
		1 => accno
	1 => 
		0 => name
		1 => name
	2 => 
		0 => category
		1 => category
	3 => 
		0 => os_bal
		1 => os_bal
	4 => 
		0 => last_trans
		1 => last_trans
id => 
	0 => accno
	1 => accno
table => 
	0 =>  care_ke_debtors 
	1 =>  care_ke_debtors 
count => 100

Exec SQL: SELECT  COUNT(*)  FROM  care_ke_debtors 

Exec SQL: SELECT  accno,name,category,os_bal,last_trans  FROM  care_ke_debtors  LIMIT 0,100

Done in 0.078447103500366ms



====================================
Log started, 22/08/2017 04:08:11
====================================

Ready for SQL generation
field => 
	0 => 
		0 => accno
		1 => accno
	1 => 
		0 => name
		1 => name
	2 => 
		0 => category
		1 => category
	3 => 
		0 => os_bal
		1 => os_bal
	4 => 
		0 => last_trans
		1 => last_trans
id => 
	0 => accno
	1 => accno
table => 
	0 =>  care_ke_debtors 
	1 =>  care_ke_debtors 
count => 100

Exec SQL: SELECT  COUNT(*)  FROM  care_ke_debtors 

Exec SQL: SELECT  accno,name,category,os_bal,last_trans  FROM  care_ke_debtors  LIMIT 0,100

Done in 0.019970893859863ms



====================================
Log started, 27/09/2017 02:09:12
====================================

Ready for SQL generation
field => 
	0 => 
		0 => pid
		1 => pid
	1 => 
		0 => name_first
		1 => name_first
	2 => 
		0 => name_2
		1 => name_2
	3 => 
		0 => name_last
		1 => name_last
	4 => 
		0 => encounter_nr
		1 => encounter_nr
id => 
	0 => pid
	1 => pid
table => 
	0 =>  care2x.care_person a
INNER JOIN care2x.care_encounter b ON a.pid=b.pid 
	1 => pid 
count => 100

Exec SQL: SELECT  COUNT(*)  FROM  care2x.care_person a
INNER JOIN care2x.care_encounter b ON a.pid=b.pid  WHERE  b.encounter_class_nr=1

Exec SQL: SELECT   a.pid,a.name_first,a.name_2,a.name_last,b.encounter_nr  FROM  care2x.care_person a
INNER JOIN care2x.care_encounter b ON a.pid=b.pid  WHERE  b.encounter_class_nr=1 LIMIT 0,100

Done in 10.498677015305ms



====================================
Log started, 06/10/2017 11:10:44
====================================

Ready for SQL generation
field => 
	0 => 
		0 => accno
		1 => accno
	1 => 
		0 => name
		1 => name
	2 => 
		0 => category
		1 => category
	3 => 
		0 => os_bal
		1 => os_bal
	4 => 
		0 => last_trans
		1 => last_trans
id => 
	0 => accno
	1 => accno
table => 
	0 =>  care_ke_debtors 
	1 =>  care_ke_debtors 
count => 100

Exec SQL: SELECT  COUNT(*)  FROM  care_ke_debtors 

Exec SQL: SELECT  accno,name,category,os_bal,last_trans  FROM  care_ke_debtors  LIMIT 0,100

Done in 0.13201403617859ms



====================================
Log started, 06/10/2017 11:10:48
====================================

Ready for SQL generation
field => 
	0 => 
		0 => accno
		1 => accno
	1 => 
		0 => name
		1 => name
	2 => 
		0 => category
		1 => category
	3 => 
		0 => os_bal
		1 => os_bal
	4 => 
		0 => last_trans
		1 => last_trans
id => 
	0 => accno
	1 => accno
table => 
	0 =>  care_ke_debtors 
	1 =>  care_ke_debtors 
rules => 
	0 => 
		0 => accno
		1 => m
count => 100

Exec SQL: SELECT  COUNT(*)  FROM  care_ke_debtors  WHERE accno LIKE '%m%'

Exec SQL: SELECT  accno,name,category,os_bal,last_trans  FROM  care_ke_debtors  WHERE accno LIKE '%m%' LIMIT 0,100

Done in 0.070811033248901ms



====================================
Log started, 06/10/2017 11:10:49
====================================

Ready for SQL generation
field => 
	0 => 
		0 => accno
		1 => accno
	1 => 
		0 => name
		1 => name
	2 => 
		0 => category
		1 => category
	3 => 
		0 => os_bal
		1 => os_bal
	4 => 
		0 => last_trans
		1 => last_trans
id => 
	0 => accno
	1 => accno
table => 
	0 =>  care_ke_debtors 
	1 =>  care_ke_debtors 
rules => 
	0 => 
		0 => accno
		1 => m00
count => 100

Exec SQL: SELECT  COUNT(*)  FROM  care_ke_debtors  WHERE accno LIKE '%m00%'

Exec SQL: SELECT  accno,name,category,os_bal,last_trans  FROM  care_ke_debtors  WHERE accno LIKE '%m00%' LIMIT 0,100

Done in 0.034441947937012ms



====================================
Log started, 06/10/2017 11:10:50
====================================

Ready for SQL generation
field => 
	0 => 
		0 => accno
		1 => accno
	1 => 
		0 => name
		1 => name
	2 => 
		0 => category
		1 => category
	3 => 
		0 => os_bal
		1 => os_bal
	4 => 
		0 => last_trans
		1 => last_trans
id => 
	0 => accno
	1 => accno
table => 
	0 =>  care_ke_debtors 
	1 =>  care_ke_debtors 
rules => 
	0 => 
		0 => accno
		1 => m009
count => 100

Exec SQL: SELECT  COUNT(*)  FROM  care_ke_debtors  WHERE accno LIKE '%m009%'

Exec SQL: SELECT  accno,name,category,os_bal,last_trans  FROM  care_ke_debtors  WHERE accno LIKE '%m009%' LIMIT 0,100

Done in 0.019057989120483ms



====================================
Log started, 06/10/2017 11:10:51
====================================

Ready for SQL generation
field => 
	0 => 
		0 => accno
		1 => accno
	1 => 
		0 => name
		1 => name
	2 => 
		0 => category
		1 => category
	3 => 
		0 => os_bal
		1 => os_bal
	4 => 
		0 => last_trans
		1 => last_trans
id => 
	0 => accno
	1 => accno
table => 
	0 =>  care_ke_debtors 
	1 =>  care_ke_debtors 
rules => 
	0 => 
		0 => accno
		1 => m0091
count => 100

Exec SQL: SELECT  COUNT(*)  FROM  care_ke_debtors  WHERE accno LIKE '%m0091%'

Exec SQL: SELECT  accno,name,category,os_bal,last_trans  FROM  care_ke_debtors  WHERE accno LIKE '%m0091%' LIMIT 0,100

Done in 0.018082857131958ms



====================================
Log started, 05/11/2017 05:11:59
====================================

Ready for SQL generation
field => 
	0 => 
		0 => pid
		1 => pid
	1 => 
		0 => name_first
		1 => name_first
	2 => 
		0 => name_2
		1 => name_2
	3 => 
		0 => name_last
		1 => name_last
	4 => 
		0 => encounter_nr
		1 => encounter_nr
id => 
	0 => pid
	1 => pid
table => 
	0 =>  care2x.care_person a
INNER JOIN care2x.care_encounter b ON a.pid=b.pid 
	1 => pid 
count => 100

Exec SQL: SELECT  COUNT(*)  FROM  care2x.care_person a
INNER JOIN care2x.care_encounter b ON a.pid=b.pid  WHERE  b.encounter_class_nr=1

Exec SQL: SELECT   a.pid,a.name_first,a.name_2,a.name_last,b.encounter_nr  FROM  care2x.care_person a
INNER JOIN care2x.care_encounter b ON a.pid=b.pid  WHERE  b.encounter_class_nr=1 LIMIT 0,100

Done in 1.4333980083466ms



====================================
Log started, 15/11/2017 11:11:57
====================================

Ready for SQL generation
field => 
	0 => 
		0 => accno
		1 => accno
	1 => 
		0 => name
		1 => name
	2 => 
		0 => category
		1 => category
	3 => 
		0 => os_bal
		1 => os_bal
	4 => 
		0 => last_trans
		1 => last_trans
id => 
	0 => accno
	1 => accno
table => 
	0 =>  care_ke_debtors 
	1 =>  care_ke_debtors 
count => 100

Exec SQL: SELECT  COUNT(*)  FROM  care_ke_debtors 

Exec SQL: SELECT  accno,name,category,os_bal,last_trans  FROM  care_ke_debtors  LIMIT 0,100

Done in 0.12895703315735ms



====================================
Log started, 06/02/2018 11:02:42
====================================

Ready for SQL generation
field => 
	0 => 
		0 => accno
		1 => accno
	1 => 
		0 => name
		1 => name
	2 => 
		0 => category
		1 => category
	3 => 
		0 => os_bal
		1 => os_bal
	4 => 
		0 => last_trans
		1 => last_trans
id => 
	0 => accno
	1 => accno
table => 
	0 =>  care_ke_debtors 
	1 =>  care_ke_debtors 
count => 100

Exec SQL: SELECT  COUNT(*)  FROM  care_ke_debtors 

Exec SQL: SELECT  accno,name,category,os_bal,last_trans  FROM  care_ke_debtors  LIMIT 0,100

Done in 0.32310104370117ms



====================================
Log started, 06/02/2018 11:02:49
====================================

Ready for SQL generation
field => 
	0 => 
		0 => accno
		1 => accno
	1 => 
		0 => name
		1 => name
	2 => 
		0 => category
		1 => category
	3 => 
		0 => os_bal
		1 => os_bal
	4 => 
		0 => last_trans
		1 => last_trans
id => 
	0 => accno
	1 => accno
table => 
	0 =>  care_ke_debtors 
	1 =>  care_ke_debtors 
rules => 
	0 => 
		0 => name
		1 => nhif
count => 100

Exec SQL: SELECT  COUNT(*)  FROM  care_ke_debtors  WHERE name LIKE '%nhif%'

Exec SQL: SELECT  accno,name,category,os_bal,last_trans  FROM  care_ke_debtors  WHERE name LIKE '%nhif%' LIMIT 0,100

Done in 0.12660694122314ms



====================================
Log started, 06/02/2018 11:02:11
====================================

Ready for SQL generation
field => 
	0 => 
		0 => accno
		1 => accno
	1 => 
		0 => name
		1 => name
	2 => 
		0 => category
		1 => category
	3 => 
		0 => os_bal
		1 => os_bal
	4 => 
		0 => last_trans
		1 => last_trans
id => 
	0 => accno
	1 => accno
table => 
	0 =>  care_ke_debtors 
	1 =>  care_ke_debtors 
count => 100

Exec SQL: SELECT  COUNT(*)  FROM  care_ke_debtors 

Exec SQL: SELECT  accno,name,category,os_bal,last_trans  FROM  care_ke_debtors  LIMIT 0,100

Done in 0.043766975402832ms



====================================
Log started, 06/02/2018 11:02:11
====================================

Ready for SQL generation
field => 
	0 => 
		0 => accno
		1 => accno
	1 => 
		0 => name
		1 => name
	2 => 
		0 => category
		1 => category
	3 => 
		0 => os_bal
		1 => os_bal
	4 => 
		0 => last_trans
		1 => last_trans
id => 
	0 => accno
	1 => accno
table => 
	0 =>  care_ke_debtors 
	1 =>  care_ke_debtors 
rules => 
	0 => 
		0 => name
		1 => nhi
count => 100

Exec SQL: SELECT  COUNT(*)  FROM  care_ke_debtors  WHERE name LIKE '%nhi%'

Exec SQL: SELECT  accno,name,category,os_bal,last_trans  FROM  care_ke_debtors  WHERE name LIKE '%nhi%' LIMIT 0,100

Done in 0.048485040664673ms



====================================
Log started, 06/02/2018 11:02:11
====================================

Ready for SQL generation
field => 
	0 => 
		0 => accno
		1 => accno
	1 => 
		0 => name
		1 => name
	2 => 
		0 => category
		1 => category
	3 => 
		0 => os_bal
		1 => os_bal
	4 => 
		0 => last_trans
		1 => last_trans
id => 
	0 => accno
	1 => accno
table => 
	0 =>  care_ke_debtors 
	1 =>  care_ke_debtors 
rules => 
	0 => 
		0 => name
		1 => nhif
count => 100

Exec SQL: SELECT  COUNT(*)  FROM  care_ke_debtors  WHERE name LIKE '%nhif%'

Exec SQL: SELECT  accno,name,category,os_bal,last_trans  FROM  care_ke_debtors  WHERE name LIKE '%nhif%' LIMIT 0,100

Done in 0.072741031646729ms



====================================
Log started, 02/10/2018 10:10:39
====================================

session_start(): A session had already been started - ignoring at C:\xampp2\htdocs\litein\include\dhtmlxConnector\codebase\xss_filter.php line 178

SELECT  accno,name,category,os_bal,last_trans FROM care_ke_debtors LIMIT 0,100

!!!Uncaught Exception
Code: 0
Message: Call to undefined function mysql_query()



====================================
Log started, 11/09/2019 01:36:46
====================================

!!!Uncaught Exception
Code: 0
Message: Call to undefined method ADODB_mysqli::getAttribute()



====================================
Log started, 11/09/2019 01:37:13
====================================

!!!Uncaught Exception
Code: 0
Message: Call to undefined method ADODB_mysqli::getAttribute()



====================================
Log started, 11/09/2019 01:40:15
====================================

SELECT  accno,name,category,os_bal,last_trans FROM care_ke_debtors LIMIT 0,100

SELECT COUNT(*) as DHX_COUNT  FROM care_ke_debtors

Done in 0.005051851272583s



====================================
Log started, 11/09/2019 02:03:50
====================================

SELECT  accno,name,category,os_bal,last_trans FROM care_ke_debtors LIMIT 0,100

SELECT COUNT(*) as DHX_COUNT  FROM care_ke_debtors

Done in 0.12788796424866s



====================================
Log started, 11/09/2019 02:04:15
====================================

SELECT  accno,name,category,os_bal,last_trans FROM care_ke_debtors LIMIT 0,100

SELECT COUNT(*) as DHX_COUNT  FROM care_ke_debtors

Done in 0.0066781044006348s



====================================
Log started, 11/09/2019 02:06:44
====================================

SELECT  accno,name,category,os_bal,last_trans FROM care_ke_debtors LIMIT 0,100

SELECT COUNT(*) as DHX_COUNT  FROM care_ke_debtors

Done in 0.05644416809082s



====================================
Log started, 17/02/2020 06:03:26
====================================

!!!Uncaught Exception
Code: 0
Message: Call to undefined method ADODB_mysqli::getAttribute()



====================================
Log started, 18/02/2020 09:33:30
====================================

!!!Uncaught Exception
Code: 0
Message: Call to undefined method ADODB_mysqli::getAttribute()



====================================
Log started, 18/02/2020 02:14:04
====================================

!!!Uncaught Exception
Code: 0
Message: Call to undefined method ADODB_mysqli::getAttribute()



====================================
Log started, 19/02/2020 10:10:49
====================================

SELECT  partcode,purchasing_class,item_description,item_id,unit_price FROM care_tz_drugsandservices WHERE ( item_status NOT IN (2,3,4) and purchasing_class not in('drug_list','General Supplies','Kitchen','medical-supplies')
) LIMIT 0,100

SELECT COUNT(*) as DHX_COUNT  FROM care_tz_drugsandservices WHERE ( item_status NOT IN (2,3,4) and purchasing_class not in('drug_list','General Supplies','Kitchen','medical-supplies')
)

Done in 0.010282039642334s



====================================
Log started, 19/02/2020 10:10:52
====================================

SELECT  partcode,purchasing_class,item_description,item_id,unit_price FROM care_tz_drugsandservices WHERE ( item_status NOT IN (2,3,4) and purchasing_class not in('drug_list','General Supplies','Kitchen','medical-supplies')
) AND `item_description` LIKE '%P%' LIMIT 0,100

SELECT COUNT(*) as DHX_COUNT  FROM care_tz_drugsandservices WHERE ( item_status NOT IN (2,3,4) and purchasing_class not in('drug_list','General Supplies','Kitchen','medical-supplies')
) AND `item_description` LIKE '%P%'

Done in 0.010214805603027s



====================================
Log started, 19/02/2020 10:10:53
====================================

SELECT  partcode,purchasing_class,item_description,item_id,unit_price FROM care_tz_drugsandservices WHERE ( item_status NOT IN (2,3,4) and purchasing_class not in('drug_list','General Supplies','Kitchen','medical-supplies')
) AND `item_description` LIKE '%PREGA%' LIMIT 0,100

SELECT COUNT(*) as DHX_COUNT  FROM care_tz_drugsandservices WHERE ( item_status NOT IN (2,3,4) and purchasing_class not in('drug_list','General Supplies','Kitchen','medical-supplies')
) AND `item_description` LIKE '%PREGA%'

Done in 0.016663074493408s



====================================
Log started, 19/02/2020 10:10:56
====================================

SELECT  partcode,purchasing_class,item_description,item_id,unit_price FROM care_tz_drugsandservices WHERE ( item_status NOT IN (2,3,4) and purchasing_class not in('drug_list','General Supplies','Kitchen','medical-supplies')
) AND `item_description` LIKE '%PREGAB%' LIMIT 0,100

SELECT COUNT(*) as DHX_COUNT  FROM care_tz_drugsandservices WHERE ( item_status NOT IN (2,3,4) and purchasing_class not in('drug_list','General Supplies','Kitchen','medical-supplies')
) AND `item_description` LIKE '%PREGAB%'

Done in 0.0094940662384033s



====================================
Log started, 19/02/2020 10:10:58
====================================

SELECT  partcode,purchasing_class,item_description,item_id,unit_price FROM care_tz_drugsandservices WHERE ( item_status NOT IN (2,3,4) and purchasing_class not in('drug_list','General Supplies','Kitchen','medical-supplies')
) LIMIT 0,100

SELECT COUNT(*) as DHX_COUNT  FROM care_tz_drugsandservices WHERE ( item_status NOT IN (2,3,4) and purchasing_class not in('drug_list','General Supplies','Kitchen','medical-supplies')
)

Done in 0.0089061260223389s



====================================
Log started, 20/02/2020 07:44:14
====================================

!!!Uncaught Exception
Code: 0
Message: Call to undefined method ADODB_mysqli::getAttribute()

