

====================================
Log started, 13/01/2010 03:01:08
====================================

Ready for SQL generation
field => 
	0 => 
		0 => st_id
		1 => st_id
	1 => 
		0 => st_name
		1 => st_name
id => 
	0 => id
	1 => id
table => 
	0 =>  care_ke_stlocation
	1 =>  care_ke_stlocation
count => 100

Exec SQL: SELECT  COUNT(*)  FROM  care_ke_stlocation

Exec SQL: SELECT  *  FROM  care_ke_stlocation LIMIT 0,100

Done in 0.280893087387ms



====================================
Log started, 13/01/2010 03:01:59
====================================

Ready for SQL generation
field => 
	0 => 
		0 => st_id
		1 => st_id
	1 => 
		0 => st_name
		1 => st_name
id => 
	0 => id
	1 => id
table => 
	0 =>  care_ke_stlocation
	1 =>  care_ke_stlocation
count => 100

Exec SQL: SELECT  COUNT(*)  FROM  care_ke_stlocation

Exec SQL: SELECT  *  FROM  care_ke_stlocation LIMIT 0,100

Done in 0.0186738967896ms



====================================
Log started, 13/01/2010 03:01:24
====================================

Ready for SQL generation
field => 
	0 => 
		0 => st_id
		1 => st_id
	1 => 
		0 => st_name
		1 => st_name
id => 
	0 => id
	1 => id
table => 
	0 =>  care_ke_stlocation
	1 =>  care_ke_stlocation
count => 100

Exec SQL: SELECT  COUNT(*)  FROM  care_ke_stlocation

Exec SQL: SELECT  *  FROM  care_ke_stlocation LIMIT 0,100

Done in 0.0398349761963ms



====================================
Log started, 13/01/2010 03:01:30
====================================

Ready for SQL generation
field => 
	0 => 
		0 => st_id
		1 => st_id
	1 => 
		0 => st_name
		1 => st_name
id => 
	0 => id
	1 => id
table => 
	0 =>  care_ke_stlocation
	1 =>  care_ke_stlocation
count => 100

Exec SQL: SELECT  COUNT(*)  FROM  care_ke_stlocation

Exec SQL: SELECT  *  FROM  care_ke_stlocation LIMIT 0,100

Done in 0.0383751392365ms



====================================
Log started, 13/01/2010 03:01:15
====================================

Ready for SQL generation
field => 
	0 => 
		0 => st_id
		1 => st_id
	1 => 
		0 => st_name
		1 => st_name
id => 
	0 => id
	1 => id
table => 
	0 =>  care_ke_stlocation
	1 =>  care_ke_stlocation
count => 100

Exec SQL: SELECT  COUNT(*)  FROM  care_ke_stlocation

Exec SQL: SELECT  *  FROM  care_ke_stlocation LIMIT 0,100

Done in 0.0551750659943ms



====================================
Log started, 13/01/2010 03:01:57
====================================

Ready for SQL generation
field => 
	0 => 
		0 => st_id
		1 => st_id
	1 => 
		0 => st_name
		1 => st_name
id => 
	0 => id
	1 => id
table => 
	0 =>  care_ke_stlocation
	1 =>  care_ke_stlocation
count => 100

Exec SQL: SELECT  COUNT(*)  FROM  care_ke_stlocation

Exec SQL: SELECT  *  FROM  care_ke_stlocation LIMIT 0,100

Done in 0.0597009658813ms



====================================
Log started, 13/01/2010 03:01:04
====================================

Ready for SQL generation
field => 
	0 => 
		0 => st_id
		1 => st_id
	1 => 
		0 => st_name
		1 => st_name
id => 
	0 => id
	1 => id
table => 
	0 =>  care_ke_stlocation
	1 =>  care_ke_stlocation
count => 100

Exec SQL: SELECT  COUNT(*)  FROM  care_ke_stlocation

Exec SQL: SELECT  *  FROM  care_ke_stlocation LIMIT 0,100

Done in 0.00771617889404ms



====================================
Log started, 13/01/2010 08:01:00
====================================

Ready for SQL generation
field => 
	0 => 
		0 => st_id
		1 => st_id
	1 => 
		0 => st_name
		1 => st_name
id => 
	0 => id
	1 => id
table => 
	0 =>  care_ke_stlocation
	1 =>  care_ke_stlocation
count => 100

Exec SQL: SELECT  COUNT(*)  FROM  care_ke_stlocation

Exec SQL: SELECT  *  FROM  care_ke_stlocation LIMIT 0,100

Done in 0.324187994003ms



====================================
Log started, 13/01/2010 08:01:19
====================================

Ready for SQL generation
field => 
	0 => 
		0 => st_id
		1 => st_id
	1 => 
		0 => st_name
		1 => st_name
id => 
	0 => id
	1 => id
table => 
	0 =>  care_ke_stlocation
	1 =>  care_ke_stlocation
count => 100

Exec SQL: SELECT  COUNT(*)  FROM  care_ke_stlocation

Exec SQL: SELECT  *  FROM  care_ke_stlocation LIMIT 0,100

Done in 0.0161738395691ms



====================================
Log started, 13/01/2010 08:01:45
====================================

Ready for SQL generation
field => 
	0 => 
		0 => st_id
		1 => st_id
	1 => 
		0 => st_name
		1 => st_name
id => 
	0 => id
	1 => id
table => 
	0 =>  care_ke_stlocation
	1 =>  care_ke_stlocation
count => 100

Exec SQL: SELECT  COUNT(*)  FROM  care_ke_stlocation

Exec SQL: SELECT  *  FROM  care_ke_stlocation LIMIT 0,100

Done in 0.0261559486389ms



====================================
Log started, 13/01/2010 08:01:18
====================================

Ready for SQL generation
field => 
	0 => 
		0 => st_id
		1 => st_id
	1 => 
		0 => st_name
		1 => st_name
id => 
	0 => id
	1 => id
table => 
	0 =>  care_ke_stlocation
	1 =>  care_ke_stlocation
count => 100

Exec SQL: SELECT  COUNT(*)  FROM  care_ke_stlocation

Exec SQL: SELECT  *  FROM  care_ke_stlocation LIMIT 0,100

Done in 0.0343399047852ms



====================================
Log started, 13/01/2010 08:01:50
====================================

Ready for SQL generation
field => 
	0 => 
		0 => st_id
		1 => st_id
	1 => 
		0 => st_name
		1 => st_name
id => 
	0 => id
	1 => id
table => 
	0 =>  care_ke_stlocation
	1 =>  care_ke_stlocation
count => 100

Exec SQL: SELECT  COUNT(*)  FROM  care_ke_stlocation

Exec SQL: SELECT  *  FROM  care_ke_stlocation LIMIT 0,100

Done in 0.0199728012085ms



====================================
Log started, 13/01/2010 08:01:58
====================================

Ready for SQL generation
field => 
	0 => 
		0 => st_id
		1 => st_id
	1 => 
		0 => st_name
		1 => st_name
id => 
	0 => id
	1 => id
table => 
	0 =>  care_ke_stlocation
	1 =>  care_ke_stlocation
count => 100

Exec SQL: SELECT  COUNT(*)  FROM  care_ke_stlocation

Exec SQL: SELECT  *  FROM  care_ke_stlocation LIMIT 0,100

Done in 0.0320930480957ms



====================================
Log started, 13/01/2010 08:01:04
====================================

Ready for SQL generation
field => 
	0 => 
		0 => st_id
		1 => st_id
	1 => 
		0 => st_name
		1 => st_name
id => 
	0 => id
	1 => id
table => 
	0 =>  care_ke_stlocation
	1 =>  care_ke_stlocation
count => 100

Exec SQL: SELECT  COUNT(*)  FROM  care_ke_stlocation

Exec SQL: SELECT  *  FROM  care_ke_stlocation LIMIT 0,100

Done in 0.0475490093231ms



====================================
Log started, 13/01/2010 08:01:14
====================================

Ready for SQL generation
field => 
	0 => 
		0 => st_id
		1 => st_id
	1 => 
		0 => st_name
		1 => st_name
id => 
	0 => id
	1 => id
table => 
	0 =>  care_ke_stlocation
	1 =>  care_ke_stlocation
count => 100

Exec SQL: SELECT  COUNT(*)  FROM  care_ke_stlocation

Exec SQL: SELECT  *  FROM  care_ke_stlocation LIMIT 0,100

Done in 0.0523951053619ms



====================================
Log started, 13/01/2010 08:01:31
====================================

Ready for SQL generation
field => 
	0 => 
		0 => st_id
		1 => st_id
	1 => 
		0 => st_name
		1 => st_name
id => 
	0 => id
	1 => id
table => 
	0 =>  care_ke_stlocation
	1 =>  care_ke_stlocation
count => 100

Exec SQL: SELECT  COUNT(*)  FROM  care_ke_stlocation

Exec SQL: SELECT  *  FROM  care_ke_stlocation LIMIT 0,100

Done in 0.0202479362488ms



====================================
Log started, 22/01/2010 07:01:42
====================================

Ready for SQL generation
field => 
	0 => 
		0 => st_id
		1 => st_id
	1 => 
		0 => st_name
		1 => st_name
id => 
	0 => id
	1 => id
table => 
	0 =>  care_ke_stlocation
	1 =>  care_ke_stlocation
count => 100

Exec SQL: SELECT  COUNT(*)  FROM  care_ke_stlocation

Exec SQL: SELECT  *  FROM  care_ke_stlocation LIMIT 0,100

Done in 0.144444942474ms



====================================
Log started, 17/03/2011 01:03:28
====================================

Ready for SQL generation
field => 
	0 => 
		0 => st_id
		1 => st_id
	1 => 
		0 => st_name
		1 => st_name
id => 
	0 => id
	1 => id
table => 
	0 =>  care_ke_stlocation
	1 =>  care_ke_stlocation
count => 100

Exec SQL: SELECT  COUNT(*)  FROM  care_ke_stlocation

Exec SQL: SELECT  *  FROM  care_ke_stlocation LIMIT 0,100

Done in 0.11793494224548ms



====================================
Log started, 06/05/2011 11:05:24
====================================

Ready for SQL generation
field => 
	0 => 
		0 => st_id
		1 => st_id
	1 => 
		0 => st_name
		1 => st_name
id => 
	0 => id
	1 => id
table => 
	0 =>  care_ke_stlocation
	1 =>  care_ke_stlocation
count => 100

Exec SQL: SELECT  COUNT(*)  FROM  care_ke_stlocation

Exec SQL: SELECT  *  FROM  care_ke_stlocation LIMIT 0,100

Done in 0.016813039779663ms



====================================
Log started, 06/05/2011 11:05:06
====================================

Ready for SQL generation
field => 
	0 => 
		0 => st_id
		1 => st_id
	1 => 
		0 => st_name
		1 => st_name
id => 
	0 => id
	1 => id
table => 
	0 =>  care_ke_stlocation
	1 =>  care_ke_stlocation
count => 100

Exec SQL: SELECT  COUNT(*)  FROM  care_ke_stlocation

Exec SQL: SELECT  *  FROM  care_ke_stlocation LIMIT 0,100

Done in 0.0030879974365234ms



====================================
Log started, 06/05/2011 11:05:12
====================================

Ready for SQL generation
field => 
	0 => 
		0 => st_id
		1 => st_id
	1 => 
		0 => st_name
		1 => st_name
id => 
	0 => id
	1 => id
table => 
	0 =>  care_ke_stlocation
	1 =>  care_ke_stlocation
count => 100

Exec SQL: SELECT  COUNT(*)  FROM  care_ke_stlocation

Exec SQL: SELECT  *  FROM  care_ke_stlocation LIMIT 0,100

Done in 0.0053708553314209ms



====================================
Log started, 09/06/2011 10:06:28
====================================

Ready for SQL generation
field => 
	0 => 
		0 => st_id
		1 => st_id
	1 => 
		0 => st_name
		1 => st_name
id => 
	0 => id
	1 => id
table => 
	0 =>  care_ke_stlocation
	1 =>  care_ke_stlocation
count => 100

Exec SQL: SELECT  COUNT(*)  FROM  care_ke_stlocation

Exec SQL: SELECT  *  FROM  care_ke_stlocation LIMIT 0,100

Done in 0.1512930393219ms



====================================
Log started, 09/06/2011 10:06:54
====================================

Ready for SQL generation
field => 
	0 => 
		0 => st_id
		1 => st_id
	1 => 
		0 => st_name
		1 => st_name
id => 
	0 => id
	1 => id
table => 
	0 =>  care_ke_stlocation
	1 =>  care_ke_stlocation
count => 100

Exec SQL: SELECT  COUNT(*)  FROM  care_ke_stlocation

Exec SQL: SELECT  *  FROM  care_ke_stlocation LIMIT 0,100

Done in 0.0044839382171631ms



====================================
Log started, 09/06/2011 11:06:13
====================================

Ready for SQL generation
field => 
	0 => 
		0 => st_id
		1 => st_id
	1 => 
		0 => st_name
		1 => st_name
id => 
	0 => id
	1 => id
table => 
	0 =>  care_ke_stlocation
	1 =>  care_ke_stlocation
count => 100

Exec SQL: SELECT  COUNT(*)  FROM  care_ke_stlocation

Exec SQL: SELECT  *  FROM  care_ke_stlocation LIMIT 0,100

Done in 0.0072541236877441ms



====================================
Log started, 09/06/2011 11:06:40
====================================

Ready for SQL generation
field => 
	0 => 
		0 => st_id
		1 => st_id
	1 => 
		0 => st_name
		1 => st_name
id => 
	0 => id
	1 => id
table => 
	0 =>  care_ke_stlocation
	1 =>  care_ke_stlocation
count => 100

Exec SQL: SELECT  COUNT(*)  FROM  care_ke_stlocation

Exec SQL: SELECT  *  FROM  care_ke_stlocation LIMIT 0,100

Done in 0.014863014221191ms



====================================
Log started, 09/06/2011 11:06:55
====================================

Ready for SQL generation
field => 
	0 => 
		0 => st_id
		1 => st_id
	1 => 
		0 => st_name
		1 => st_name
id => 
	0 => id
	1 => id
table => 
	0 =>  care_ke_stlocation
	1 =>  care_ke_stlocation
count => 100

Exec SQL: SELECT  COUNT(*)  FROM  care_ke_stlocation

Exec SQL: SELECT  *  FROM  care_ke_stlocation LIMIT 0,100

Done in 0.0071070194244385ms



====================================
Log started, 09/06/2011 11:06:09
====================================

Ready for SQL generation
field => 
	0 => 
		0 => st_id
		1 => st_id
	1 => 
		0 => st_name
		1 => st_name
id => 
	0 => id
	1 => id
table => 
	0 =>  care_ke_stlocation
	1 =>  care_ke_stlocation
count => 100

Exec SQL: SELECT  COUNT(*)  FROM  care_ke_stlocation

Exec SQL: SELECT  *  FROM  care_ke_stlocation LIMIT 0,100

Done in 0.0087251663208008ms



====================================
Log started, 19/07/2011 03:07:42
====================================

Ready for SQL generation
field => 
	0 => 
		0 => st_id
		1 => st_id
	1 => 
		0 => st_name
		1 => st_name
id => 
	0 => id
	1 => id
table => 
	0 =>  care_ke_stlocation
	1 =>  care_ke_stlocation
count => 100

Exec SQL: SELECT  COUNT(*)  FROM  care_ke_stlocation

Exec SQL: SELECT  *  FROM  care_ke_stlocation LIMIT 0,100

Done in 0.14394593238831ms



====================================
Log started, 17/08/2011 03:08:59
====================================

Ready for SQL generation
field => 
	0 => 
		0 => st_id
		1 => st_id
	1 => 
		0 => st_name
		1 => st_name
id => 
	0 => id
	1 => id
table => 
	0 =>  care_ke_stlocation
	1 =>  care_ke_stlocation
count => 100

Exec SQL: SELECT  COUNT(*)  FROM  care_ke_stlocation

Exec SQL: SELECT  *  FROM  care_ke_stlocation LIMIT 0,100

Done in 0.038480043411255ms



====================================
Log started, 13/10/2011 11:10:56
====================================

Ready for SQL generation
field => 
	0 => 
		0 => st_id
		1 => st_id
	1 => 
		0 => st_name
		1 => st_name
id => 
	0 => id
	1 => id
table => 
	0 =>  care_ke_stlocation
	1 =>  care_ke_stlocation
count => 100

Exec SQL: SELECT  COUNT(*)  FROM  care_ke_stlocation

Exec SQL: SELECT  *  FROM  care_ke_stlocation LIMIT 0,100

Done in 0.038382053375244ms



====================================
Log started, 06/01/2012 02:01:47
====================================

Ready for SQL generation
field => 
	0 => 
		0 => st_id
		1 => st_id
	1 => 
		0 => st_name
		1 => st_name
id => 
	0 => id
	1 => id
table => 
	0 =>  care_ke_stlocation
	1 =>  care_ke_stlocation
count => 100

Exec SQL: SELECT  COUNT(*)  FROM  care_ke_stlocation

Exec SQL: SELECT  *  FROM  care_ke_stlocation LIMIT 0,100

Done in 0.090517044067383ms



====================================
Log started, 03/02/2015 11:02:49
====================================

Ready for SQL generation
field => 
	0 => 
		0 => st_id
		1 => st_id
	1 => 
		0 => st_name
		1 => st_name
id => 
	0 => id
	1 => id
table => 
	0 =>  care_ke_stlocation
	1 =>  care_ke_stlocation
count => 100

Exec SQL: SELECT  COUNT(*)  FROM  care_ke_stlocation

Exec SQL: SELECT  *  FROM  care_ke_stlocation LIMIT 0,100

Done in 0.048851013183594ms

