2017-11-23/08:46 IP:::1 Direct access Patient register ok   Username=Admin  Userid=admin  Fileaccess=patient_register_pass.php  Fileforward=patient_register.php?sid=tmkkc1arl3k5bi5iluffv9okf0&lang=en
2017-11-23/08:46 IP:::1 Direct access Patient register ok   Username=Admin  Userid=admin  Fileaccess=patient_register_pass.php  Fileforward=patient_register.php?sid=tmkkc1arl3k5bi5iluffv9okf0&lang=en
2017-11-23/08:46 IP:::1 Direct access Patient register ok   Username=Admin  Userid=admin  Fileaccess=patient_register_pass.php  Fileforward=patient_register.php?sid=tmkkc1arl3k5bi5iluffv9okf0&lang=en
2017-11-23/08:52 IP:::1 Direct access Nursing ward  ok   Username=Admin  Userid=admin  Fileaccess=nursing-station-pass.php  Fileforward=nursing-station.php?sid=tmkkc1arl3k5bi5iluffv9okf0&lang=en&fwd_nr=&edit=1&retpath=&station=&ward_nr=30&pday=&pmonth=&pyear=
2017-11-23/08:52 IP:::1 Direct access Nursing ward  ok   Username=Admin  Userid=admin  Fileaccess=nursing-station-pass.php  Fileforward=nursing-station.php?sid=tmkkc1arl3k5bi5iluffv9okf0&lang=en&fwd_nr=&edit=1&retpath=&station=&ward_nr=30&pday=&pmonth=&pyear=
2017-11-23/08:53 IP:::1 Direct access Ward management ok   Username=Admin  Userid=admin  Fileaccess=accounting.php  Fileforward=accounting-manage.php?sid=tmkkc1arl3k5bi5iluffv9okf0&lang=en
2017-11-23/08:53 IP:::1 Direct access Ward management ok   Username=Admin  Userid=admin  Fileaccess=inpatientsAccounting_pass.php  Fileforward=reports/detail_invoice.php?caller=Detail&final=0&sid=tmkkc1arl3k5bi5iluffv9okf0&lang=en
2017-11-23/08:58 IP:::1 Direct access Ward management ok   Username=Admin  Userid=admin  Fileaccess=index.php  Fileforward=../../modules/inpatient_ke/index.html?sid=tmkkc1arl3k5bi5iluffv9okf0&lang=en
2017-11-23/08:59 IP:::1 Direct access Nursing ward MAT ok   Username=Admin  Userid=admin  Fileaccess=nursing-station-pass.php  Fileforward=nursing-station.php?sid=tmkkc1arl3k5bi5iluffv9okf0&lang=en&fwd_nr=&edit=1&retpath=&station=MAT&ward_nr=30&pday=&pmonth=&pyear=
2017-11-23/08:59 IP:::1 Direct access Nursing ward MAT ok   Username=Admin  Userid=admin  Fileaccess=nursing-station-pass.php  Fileforward=nursing-station.php?sid=tmkkc1arl3k5bi5iluffv9okf0&lang=en&fwd_nr=&edit=1&retpath=&station=MAT&ward_nr=30&pday=&pmonth=&pyear=
2017-11-23/09:02 IP:::1 Direct access Admision search ok   Username=Admin  Userid=admin  Fileaccess=aufnahme_pass.php  Fileforward=aufnahme_daten_such.php?sid=tmkkc1arl3k5bi5iluffv9okf0&lang=en&from=pass&fwd_nr=100243
2017-11-23/09:03 IP:::1 Direct access Ward management ok   Username=Admin  Userid=admin  Fileaccess=accounting.php  Fileforward=accounting-manage.php?sid=tmkkc1arl3k5bi5iluffv9okf0&lang=en
2017-11-23/09:03 IP:::1 Direct access Ward management ok   Username=Admin  Userid=admin  Fileaccess=inpatientsAccounting_pass.php  Fileforward=reports/nhifCredit.php?caller=pending&sid=tmkkc1arl3k5bi5iluffv9okf0&lang=en
2017-11-23/10:48 IP:::1 Direct access Patient register ok   Username=Admin  Userid=admin  Fileaccess=patient_register_pass.php  Fileforward=patient_register.php?sid=48udlm5a7pkcks4f9m13ui59q5&lang=en
2017-11-23/11:05 IP:::1 Direct access    Username=Admin  Userid=admin  Fileaccess=pharmacy_tz_pass.php  Fileforward=pharmacy_tz.php?sid=48udlm5a7pkcks4f9m13ui59q5&lang=en
2017-11-23/11:05 IP:::1 Direct access Ward management ok   Username=Admin  Userid=admin  Fileaccess=pharmacy_ke_store_pass.php  Fileforward=pharmacy_ke_show_issue.php?sid=48udlm5a7pkcks4f9m13ui59q5&lang=en
2017-11-23/11:11 IP:::1 Direct access Patient register ok   Username=Admin  Userid=admin  Fileaccess=patient_register_pass.php  Fileforward=patient_register.php?sid=48udlm5a7pkcks4f9m13ui59q5&lang=en
2017-11-23/11:12 IP:::1 Direct access Ward management ok   Username=Admin  Userid=admin  Fileaccess=index.php  Fileforward=../../modules/ProductCatalog/index.html?sid=48udlm5a7pkcks4f9m13ui59q5&lang=en&from=
2017-11-23/12:17 IP:::1 Direct access Ward management ok   Username=Admin  Userid=admin  Fileaccess=accounting.php  Fileforward=accounting-manage.php?sid=48udlm5a7pkcks4f9m13ui59q5&lang=en
2017-11-23/12:17 IP:::1 Direct access Ward management ok   Username=Admin  Userid=admin  Fileaccess=inpatientsAccounting_pass.php  Fileforward=creditSlip.php?sid=48udlm5a7pkcks4f9m13ui59q5&lang=en
2017-11-23/12:18 IP:::1 Direct access Ward management ok   Username=Admin  Userid=admin  Fileaccess=inpatientsAccounting_pass.php  Fileforward=creditSlip.php?sid=48udlm5a7pkcks4f9m13ui59q5&lang=en
2017-11-23/12:40 IP:::1 Direct access Patient register ok   Username=Admin  Userid=admin  Fileaccess=patient_register_pass.php  Fileforward=patient_register.php?sid=48udlm5a7pkcks4f9m13ui59q5&lang=en
2017-11-23/12:40 IP:::1 Direct access Patient register ok   Username=Admin  Userid=admin  Fileaccess=patient_register_pass.php  Fileforward=patient_register.php?sid=48udlm5a7pkcks4f9m13ui59q5&lang=en
2017-11-23/12:54 IP:::1 Direct access Ward management ok   Username=Admin  Userid=admin  Fileaccess=pharmacy_ke_store_pass.php  Fileforward=Payments.php?sid=48udlm5a7pkcks4f9m13ui59q5&lang=en
2017-11-23/13:40 IP:::1 Direct access Ward management ok   Username=Admin  Userid=admin  Fileaccess=accounting.php  Fileforward=accounting-manage.php?sid=48udlm5a7pkcks4f9m13ui59q5&lang=en
2017-11-23/13:40 IP:::1 Direct access Ward management ok   Username=Admin  Userid=admin  Fileaccess=inpatientsAccounting_pass.php  Fileforward=creditSlip.php?sid=48udlm5a7pkcks4f9m13ui59q5&lang=en
2017-11-23/13:42 IP:::1 Direct access Ward management ok   Username=Admin  Userid=admin  Fileaccess=inpatientsAccounting_pass.php  Fileforward=creditSlip.php?sid=48udlm5a7pkcks4f9m13ui59q5&lang=en
2017-11-23/13:43 IP:::1 Direct access Ward management ok   Username=Admin  Userid=admin  Fileaccess=inpatientsAccounting_pass.php  Fileforward=creditSlip.php?sid=48udlm5a7pkcks4f9m13ui59q5&lang=en
2017-11-23/13:45 IP:::1 Direct access Ward management ok   Username=Admin  Userid=admin  Fileaccess=inpatientsAccounting_pass.php  Fileforward=creditSlip.php?sid=48udlm5a7pkcks4f9m13ui59q5&lang=en
2017-11-23/13:45 IP:::1 Direct access Admision search ok   Username=Admin  Userid=admin  Fileaccess=aufnahme_pass.php  Fileforward=aufnahme_daten_such.php?sid=48udlm5a7pkcks4f9m13ui59q5&lang=en&from=pass&fwd_nr=1850
2017-11-23/13:47 IP:::1 Direct access System Administrator Login ok   Username=Admin  Userid=admin  Fileaccess=edv-main-pass.php  Fileforward=edv_system_admin_mframe.php?lang=en&sid=48udlm5a7pkcks4f9m13ui59q5
2017-11-23/13:55 IP:::1 Direct access Patient register ok   Username=Admin  Userid=admin  Fileaccess=patient_register_pass.php  Fileforward=patient_register.php?sid=48udlm5a7pkcks4f9m13ui59q5&lang=en
2017-11-23/14:30 IP:::1 Direct access    Username=Admin  Userid=admin  Fileaccess=pharmacy_tz_pass.php  Fileforward=pharmacy_tz.php?sid=48udlm5a7pkcks4f9m13ui59q5&lang=en
2017-11-23/14:30 IP:::1 Direct access    Username=Admin  Userid=admin  Fileaccess=pharmacy_tz_pass.php  Fileforward=pharmacy_tz.php?sid=48udlm5a7pkcks4f9m13ui59q5&lang=en
2017-11-23/15:49 IP:::1 Direct access Nursing ward sw ok   Username=Admin  Userid=admin  Fileaccess=nursing-station-pass.php  Fileforward=nursing-station.php?sid=48udlm5a7pkcks4f9m13ui59q5&lang=en&fwd_nr=&edit=1&retpath=&station=sw&ward_nr=35&pday=&pmonth=&pyear=
2017-11-23/16:16 IP:::1 Direct access Ward management ok   Username=Admin  Userid=admin  Fileaccess=pharmacy_ke_store_pass.php  Fileforward=Cash_Sale.php?sid=48udlm5a7pkcks4f9m13ui59q5&lang=en
2017-11-23/16:17 IP:::1 Direct access Patient register ok   Username=Admin  Userid=admin  Fileaccess=patient_register_pass.php  Fileforward=patient_register.php?sid=48udlm5a7pkcks4f9m13ui59q5&lang=en
2017-11-23/16:17 IP:::1 Direct access Patient register ok   Username=Admin  Userid=admin  Fileaccess=patient_register_pass.php  Fileforward=patient_register.php?sid=48udlm5a7pkcks4f9m13ui59q5&lang=en
2017-11-23/16:20 IP:::1 Direct access Admision search ok   Username=Admin  Userid=admin  Fileaccess=aufnahme_pass.php  Fileforward=aufnahme_daten_such.php?sid=48udlm5a7pkcks4f9m13ui59q5&lang=en&from=pass&fwd_nr=76632
