2017-11-22/08:46 IP:::1 Direct access Patient register ok   Username=Admin  Userid=admin  Fileaccess=patient_register_pass.php  Fileforward=patient_register.php?sid=pvojj44d00ene60emv4gh0dad0&lang=en
2017-11-22/08:46 IP:::1 Direct access Patient register ok   Username=Admin  Userid=admin  Fileaccess=patient_register_pass.php  Fileforward=patient_register.php?sid=pvojj44d00ene60emv4gh0dad0&lang=en
2017-11-22/08:46 IP:::1 Direct access Patient register ok   Username=Admin  Userid=admin  Fileaccess=patient_register_pass.php  Fileforward=patient_register.php?sid=pvojj44d00ene60emv4gh0dad0&lang=en
2017-11-22/08:46 IP:::1 Direct access Patient register ok   Username=Admin  Userid=admin  Fileaccess=patient_register_pass.php  Fileforward=patient_register.php?sid=pvojj44d00ene60emv4gh0dad0&lang=en
2017-11-22/08:46 IP:::1 Direct access Patient register ok   Username=Admin  Userid=admin  Fileaccess=patient_register_pass.php  Fileforward=patient_register.php?sid=pvojj44d00ene60emv4gh0dad0&lang=en
2017-11-22/08:46 IP:::1 Direct access Patient register ok   Username=Admin  Userid=admin  Fileaccess=patient_register_pass.php  Fileforward=patient_register.php?sid=pvojj44d00ene60emv4gh0dad0&lang=en
2017-11-22/08:46 IP:::1 Direct access Patient register ok   Username=Admin  Userid=admin  Fileaccess=patient_register_pass.php  Fileforward=patient_register.php?sid=pvojj44d00ene60emv4gh0dad0&lang=en
2017-11-22/08:46 IP:::1 Direct access Patient register ok   Username=Admin  Userid=admin  Fileaccess=patient_register_pass.php  Fileforward=patient_register.php?sid=pvojj44d00ene60emv4gh0dad0&lang=en
2017-11-22/08:46 IP:::1 Direct access Patient register ok   Username=Admin  Userid=admin  Fileaccess=patient_register_pass.php  Fileforward=patient_register.php?sid=pvojj44d00ene60emv4gh0dad0&lang=en
2017-11-22/08:46 IP:::1 Direct access Patient register ok   Username=Admin  Userid=admin  Fileaccess=patient_register_pass.php  Fileforward=patient_register.php?sid=pvojj44d00ene60emv4gh0dad0&lang=en
2017-11-22/08:46 IP:::1 Direct access Patient register ok   Username=Admin  Userid=admin  Fileaccess=patient_register_pass.php  Fileforward=patient_register.php?sid=pvojj44d00ene60emv4gh0dad0&lang=en
2017-11-22/08:47 IP:::1 Direct access Patient register ok   Username=Admin  Userid=admin  Fileaccess=patient_register_pass.php  Fileforward=patient_register.php?sid=tmkkc1arl3k5bi5iluffv9okf0&lang=en
2017-11-22/10:23 IP:::1 Direct access Ward management ok   Username=Admin  Userid=admin  Fileaccess=pharmacy_ke_store_pass.php  Fileforward=Cash_Sale.php?sid=tmkkc1arl3k5bi5iluffv9okf0&lang=en
2017-11-22/10:40 IP:::1 Direct access Nursing ward wrd1 ok   Username=Admin  Userid=admin  Fileaccess=nursing-station-pass.php  Fileforward=nursing-station.php?sid=tmkkc1arl3k5bi5iluffv9okf0&lang=en&fwd_nr=&edit=1&retpath=&station=wrd1&ward_nr=32&pday=&pmonth=&pyear=
2017-11-22/10:41 IP:::1 Direct access Ward management ok   Username=Admin  Userid=admin  Fileaccess=accounting.php  Fileforward=accounting-manage.php?sid=tmkkc1arl3k5bi5iluffv9okf0&lang=en
2017-11-22/10:41 IP:::1 Direct access Ward management ok   Username=Admin  Userid=admin  Fileaccess=inpatientsAccounting_pass.php  Fileforward=reports/detail_invoice.php?caller=Detail&final=0&sid=tmkkc1arl3k5bi5iluffv9okf0&lang=en
2017-11-22/11:00 IP:::1 Direct access Nursing ward MAT ok   Username=Admin  Userid=admin  Fileaccess=nursing-station-pass.php  Fileforward=nursing-station.php?sid=tmkkc1arl3k5bi5iluffv9okf0&lang=en&fwd_nr=&edit=1&retpath=&station=MAT&ward_nr=30&pday=&pmonth=&pyear=
2017-11-22/11:02 IP:::1 Direct access Admision search ok   Username=Admin  Userid=admin  Fileaccess=aufnahme_pass.php  Fileforward=aufnahme_daten_such.php?sid=tmkkc1arl3k5bi5iluffv9okf0&lang=en&from=pass&fwd_nr=2472
2017-11-22/11:06 IP:::1 Direct access Admision search ok   Username=Admin  Userid=admin  Fileaccess=aufnahme_pass.php  Fileforward=aufnahme_daten_such.php?sid=tmkkc1arl3k5bi5iluffv9okf0&lang=en&from=pass&fwd_nr=2472
2017-11-22/11:06 IP:::1 Direct access Admision search ok   Username=Admin  Userid=admin  Fileaccess=aufnahme_pass.php  Fileforward=aufnahme_daten_such.php?sid=tmkkc1arl3k5bi5iluffv9okf0&lang=en&from=pass&fwd_nr=2472
2017-11-22/11:06 IP:::1 Direct access Admision search ok   Username=Admin  Userid=admin  Fileaccess=aufnahme_pass.php  Fileforward=aufnahme_daten_such.php?sid=tmkkc1arl3k5bi5iluffv9okf0&lang=en&from=pass&fwd_nr=2472
2017-11-22/11:06 IP:::1 Direct access Admision search ok   Username=Admin  Userid=admin  Fileaccess=aufnahme_pass.php  Fileforward=aufnahme_daten_such.php?sid=tmkkc1arl3k5bi5iluffv9okf0&lang=en&from=pass&fwd_nr=2472
2017-11-22/11:07 IP:::1 Direct access Admision search ok   Username=Admin  Userid=admin  Fileaccess=aufnahme_pass.php  Fileforward=aufnahme_daten_such.php?sid=tmkkc1arl3k5bi5iluffv9okf0&lang=en&from=pass&fwd_nr=2472
2017-11-22/11:30 IP:::1 Direct access Patient register ok   Username=Admin  Userid=admin  Fileaccess=patient_register_pass.php  Fileforward=patient_register.php?sid=tmkkc1arl3k5bi5iluffv9okf0&lang=en
2017-11-22/11:31 IP:::1 Direct access Ward management ok   Username=Admin  Userid=admin  Fileaccess=pharmacy_ke_store_pass.php  Fileforward=Cash_Sale.php?sid=tmkkc1arl3k5bi5iluffv9okf0&lang=en
2017-11-22/11:35 IP:::1 Direct access Admision search ok   Username=Admin  Userid=admin  Fileaccess=aufnahme_pass.php  Fileforward=aufnahme_daten_such.php?sid=tmkkc1arl3k5bi5iluffv9okf0&lang=en&from=pass&fwd_nr=1375
2017-11-22/11:35 IP:::1 Direct access Admision search ok   Username=Admin  Userid=admin  Fileaccess=aufnahme_pass.php  Fileforward=aufnahme_daten_such.php?sid=tmkkc1arl3k5bi5iluffv9okf0&lang=en&from=pass&fwd_nr=2472
2017-11-22/11:37 IP:::1 Direct access Ward management ok   Username=Admin  Userid=admin  Fileaccess=pharmacy_ke_store_pass.php  Fileforward=Cash_Sale.php?sid=tmkkc1arl3k5bi5iluffv9okf0&lang=en
2017-11-22/11:43 IP:::1 Direct access Pending request - Medical Laboratory ok   Username=Admin  Userid=admin  Fileaccess=labor_test_request_pass.php  Fileforward=labor_test_request_admin_chemlabor.php?sid=tmkkc1arl3k5bi5iluffv9okf0&lang=en&target=admin&subtarget=chemlabor&noresize=1&&user_origin=lab
2017-11-22/11:43 IP:::1 Direct access Diagnostic Test Request - Medical Laboratory ok   Username=Admin  Userid=admin  Fileaccess=labor_test_request_pass.php  Fileforward=../../modules/nursing/nursing-station-patientdaten-doconsil-chemlabor.php?sid=tmkkc1arl3k5bi5iluffv9okf0&lang=en&noresize=1&user_origin=lab&target=chemlabor
2017-11-22/11:45 IP:::1 Direct access Admision search ok   Username=Admin  Userid=admin  Fileaccess=aufnahme_pass.php  Fileforward=aufnahme_daten_such.php?sid=tmkkc1arl3k5bi5iluffv9okf0&lang=en&from=pass&fwd_nr=2472
2017-11-22/11:45 IP:::1 Direct access Admision search ok   Username=Admin  Userid=admin  Fileaccess=aufnahme_pass.php  Fileforward=aufnahme_daten_such.php?sid=tmkkc1arl3k5bi5iluffv9okf0&lang=en&from=pass&fwd_nr=2472
2017-11-22/11:54 IP:::1 Direct access Diagnostic Test Request - Medical Laboratory ok   Username=Admin  Userid=admin  Fileaccess=labor_test_request_pass.php  Fileforward=../../modules/nursing/nursing-station-patientdaten-doconsil-chemlabor.php?sid=tmkkc1arl3k5bi5iluffv9okf0&lang=en&noresize=1&user_origin=lab&target=chemlabor
2017-11-22/11:54 IP:::1 Direct access Admision search ok   Username=Admin  Userid=admin  Fileaccess=aufnahme_pass.php  Fileforward=aufnahme_daten_such.php?sid=tmkkc1arl3k5bi5iluffv9okf0&lang=en&from=pass&fwd_nr=2472
2017-11-22/11:59 IP:::1 Direct access Diagnostic Test Request - Medical Laboratory ok   Username=Admin  Userid=admin  Fileaccess=labor_test_request_pass.php  Fileforward=../../modules/nursing/nursing-station-patientdaten-doconsil-chemlabor.php?sid=tmkkc1arl3k5bi5iluffv9okf0&lang=en&noresize=1&user_origin=lab&target=chemlabor
2017-11-22/11:59 IP:::1 Direct access Admision search ok   Username=Admin  Userid=admin  Fileaccess=aufnahme_pass.php  Fileforward=aufnahme_daten_such.php?sid=tmkkc1arl3k5bi5iluffv9okf0&lang=en&from=pass&fwd_nr=2472
2017-11-22/12:07 IP:::1 Direct access Admision search ok   Username=Admin  Userid=admin  Fileaccess=aufnahme_pass.php  Fileforward=aufnahme_daten_such.php?sid=tmkkc1arl3k5bi5iluffv9okf0&lang=en&from=pass&fwd_nr=2472
2017-11-22/12:51 IP:::1 Direct access Nursing ward  ok   Username=Admin  Userid=admin  Fileaccess=nursing-station-pass.php  Fileforward=nursing-station.php?sid=tmkkc1arl3k5bi5iluffv9okf0&lang=en&fwd_nr=&edit=1&retpath=&station=&ward_nr=30&pday=&pmonth=&pyear=
2017-11-22/12:51 IP:::1 Direct access Nursing ward  ok   Username=Admin  Userid=admin  Fileaccess=nursing-station-pass.php  Fileforward=nursing-station.php?sid=tmkkc1arl3k5bi5iluffv9okf0&lang=en&fwd_nr=&edit=1&retpath=&station=&ward_nr=30&pday=&pmonth=&pyear=
2017-11-22/12:51 IP:::1 Direct access Ward management ok   Username=Admin  Userid=admin  Fileaccess=accounting.php  Fileforward=accounting-manage.php?sid=tmkkc1arl3k5bi5iluffv9okf0&lang=en
2017-11-22/12:51 IP:::1 Direct access Ward management ok   Username=Admin  Userid=admin  Fileaccess=inpatientsAccounting_pass.php  Fileforward=reports/detail_invoice.php?caller=Detail&final=0&sid=tmkkc1arl3k5bi5iluffv9okf0&lang=en
2017-11-22/12:56 IP:::1 Direct access Ward management ok   Username=Admin  Userid=admin  Fileaccess=accounting.php  Fileforward=accounting-manage.php?sid=tmkkc1arl3k5bi5iluffv9okf0&lang=en
2017-11-22/12:56 IP:::1 Direct access Ward management ok   Username=Admin  Userid=admin  Fileaccess=inpatientsAccounting_pass.php  Fileforward=debit.php?sid=tmkkc1arl3k5bi5iluffv9okf0&lang=en
2017-11-22/14:05 IP:::1 Direct access Ward management ok   Username=Admin  Userid=admin  Fileaccess=accounting.php  Fileforward=accounting-manage.php?sid=tmkkc1arl3k5bi5iluffv9okf0&lang=en
2017-11-22/14:05 IP:::1 Direct access Ward management ok   Username=Admin  Userid=admin  Fileaccess=inpatientsAccounting_pass.php  Fileforward=viewSlips.php?sid=tmkkc1arl3k5bi5iluffv9okf0&lang=en
2017-11-22/15:27 IP:::1 Direct access Ward management ok   Username=Admin  Userid=admin  Fileaccess=index.php  Fileforward=../../modules/inpatient_ke/index.html?sid=tmkkc1arl3k5bi5iluffv9okf0&lang=en
2017-11-22/15:57 IP:::1 Direct access Ward management ok   Username=Admin  Userid=admin  Fileaccess=accounting.php  Fileforward=accounting-manage.php?sid=tmkkc1arl3k5bi5iluffv9okf0&lang=en
2017-11-22/15:57 IP:::1 Direct access Ward management ok   Username=Admin  Userid=admin  Fileaccess=inpatientsAccounting_pass.php  Fileforward=nhifCredit.php?sid=tmkkc1arl3k5bi5iluffv9okf0&lang=en
