

====================================
Log started, 08/12/2020 01:14:35
====================================

SELECT  partcode,purchasing_class,item_description,item_id,unit_price FROM care_tz_drugsandservices WHERE ( item_status NOT IN (2,3,4) and purchasing_class not in('General Supplies','Kitchen')
) LIMIT 0,100

SELECT COUNT(*) as DHX_COUNT  FROM care_tz_drugsandservices WHERE ( item_status NOT IN (2,3,4) and purchasing_class not in('General Supplies','Kitchen')
)

Done in 0.08034610748291s



====================================
Log started, 08/12/2020 01:14:39
====================================

SELECT  partcode,purchasing_class,item_description,item_id,unit_price FROM care_tz_drugsandservices WHERE ( item_status NOT IN (2,3,4) and purchasing_class not in('General Supplies','Kitchen')
) AND `item_description` LIKE '%ABDOM%' LIMIT 0,100

SELECT COUNT(*) as DHX_COUNT  FROM care_tz_drugsandservices WHERE ( item_status NOT IN (2,3,4) and purchasing_class not in('General Supplies','Kitchen')
) AND `item_description` LIKE '%ABDOM%'

Done in 0.018067836761475s



====================================
Log started, 08/12/2020 01:17:22
====================================

SELECT  partcode,purchasing_class,item_description,item_id,unit_price FROM care_tz_drugsandservices WHERE ( item_status NOT IN (2,3,4) and purchasing_class not in('General Supplies','Kitchen')
) AND `item_description` LIKE '%FULL%' LIMIT 0,100

SELECT COUNT(*) as DHX_COUNT  FROM care_tz_drugsandservices WHERE ( item_status NOT IN (2,3,4) and purchasing_class not in('General Supplies','Kitchen')
) AND `item_description` LIKE '%FULL%'

Done in 0.017291069030762s



====================================
Log started, 08/12/2020 01:17:38
====================================

SELECT  partcode,purchasing_class,item_description,item_id,unit_price FROM care_tz_drugsandservices WHERE ( item_status NOT IN (2,3,4) and purchasing_class not in('General Supplies','Kitchen')
) AND `item_description` LIKE '%CD%' LIMIT 0,100

SELECT COUNT(*) as DHX_COUNT  FROM care_tz_drugsandservices WHERE ( item_status NOT IN (2,3,4) and purchasing_class not in('General Supplies','Kitchen')
) AND `item_description` LIKE '%CD%'

Done in 0.017725944519043s



====================================
Log started, 08/12/2020 01:17:59
====================================

SELECT  partcode,purchasing_class,item_description,item_id,unit_price FROM care_tz_drugsandservices WHERE ( item_status NOT IN (2,3,4) and purchasing_class not in('General Supplies','Kitchen')
) AND `item_description` LIKE '%HEP%' LIMIT 0,100

SELECT COUNT(*) as DHX_COUNT  FROM care_tz_drugsandservices WHERE ( item_status NOT IN (2,3,4) and purchasing_class not in('General Supplies','Kitchen')
) AND `item_description` LIKE '%HEP%'

Done in 0.017430067062378s



====================================
Log started, 08/12/2020 01:18:15
====================================

SELECT  partcode,purchasing_class,item_description,item_id,unit_price FROM care_tz_drugsandservices WHERE ( item_status NOT IN (2,3,4) and purchasing_class not in('General Supplies','Kitchen')
) AND `item_description` LIKE '%HE%' LIMIT 0,100

SELECT COUNT(*) as DHX_COUNT  FROM care_tz_drugsandservices WHERE ( item_status NOT IN (2,3,4) and purchasing_class not in('General Supplies','Kitchen')
) AND `item_description` LIKE '%HE%'

Done in 0.013576984405518s



====================================
Log started, 08/12/2020 01:18:18
====================================

SELECT  partcode,purchasing_class,item_description,item_id,unit_price FROM care_tz_drugsandservices WHERE ( item_status NOT IN (2,3,4) and purchasing_class not in('General Supplies','Kitchen')
) AND `item_description` LIKE '%HEPATITIS%' LIMIT 0,100

SELECT COUNT(*) as DHX_COUNT  FROM care_tz_drugsandservices WHERE ( item_status NOT IN (2,3,4) and purchasing_class not in('General Supplies','Kitchen')
) AND `item_description` LIKE '%HEPATITIS%'

Done in 0.017378091812134s



====================================
Log started, 08/12/2020 01:18:30
====================================

SELECT  partcode,purchasing_class,item_description,item_id,unit_price FROM care_tz_drugsandservices WHERE ( item_status NOT IN (2,3,4) and purchasing_class not in('General Supplies','Kitchen')
) AND `item_description` LIKE '%VDR%' LIMIT 0,100

SELECT COUNT(*) as DHX_COUNT  FROM care_tz_drugsandservices WHERE ( item_status NOT IN (2,3,4) and purchasing_class not in('General Supplies','Kitchen')
) AND `item_description` LIKE '%VDR%'

Done in 0.017194986343384s



====================================
Log started, 08/12/2020 01:18:31
====================================

SELECT  partcode,purchasing_class,item_description,item_id,unit_price FROM care_tz_drugsandservices WHERE ( item_status NOT IN (2,3,4) and purchasing_class not in('General Supplies','Kitchen')
) AND `item_description` LIKE '%VDRL%' LIMIT 0,100

SELECT COUNT(*) as DHX_COUNT  FROM care_tz_drugsandservices WHERE ( item_status NOT IN (2,3,4) and purchasing_class not in('General Supplies','Kitchen')
) AND `item_description` LIKE '%VDRL%'

Done in 0.01730489730835s



====================================
Log started, 08/12/2020 01:18:40
====================================

SELECT  partcode,purchasing_class,item_description,item_id,unit_price FROM care_tz_drugsandservices WHERE ( item_status NOT IN (2,3,4) and purchasing_class not in('General Supplies','Kitchen')
) AND `item_description` LIKE '%U%' LIMIT 0,100

SELECT COUNT(*) as DHX_COUNT  FROM care_tz_drugsandservices WHERE ( item_status NOT IN (2,3,4) and purchasing_class not in('General Supplies','Kitchen')
) AND `item_description` LIKE '%U%'

Done in 0.01141619682312s



====================================
Log started, 08/12/2020 01:18:42
====================================

SELECT  partcode,purchasing_class,item_description,item_id,unit_price FROM care_tz_drugsandservices WHERE ( item_status NOT IN (2,3,4) and purchasing_class not in('General Supplies','Kitchen')
) AND `item_description` LIKE '%U.E.C%' LIMIT 0,100

SELECT COUNT(*) as DHX_COUNT  FROM care_tz_drugsandservices WHERE ( item_status NOT IN (2,3,4) and purchasing_class not in('General Supplies','Kitchen')
) AND `item_description` LIKE '%U.E.C%'

Done in 0.017360925674438s



====================================
Log started, 08/12/2020 01:18:45
====================================

SELECT  partcode,purchasing_class,item_description,item_id,unit_price FROM care_tz_drugsandservices WHERE ( item_status NOT IN (2,3,4) and purchasing_class not in('General Supplies','Kitchen')
) AND `item_description` LIKE '%U.E.C1%' LIMIT 0,100

SELECT COUNT(*) as DHX_COUNT  FROM care_tz_drugsandservices WHERE ( item_status NOT IN (2,3,4) and purchasing_class not in('General Supplies','Kitchen')
) AND `item_description` LIKE '%U.E.C1%'

Done in 0.017915010452271s



====================================
Log started, 08/12/2020 01:18:53
====================================

SELECT  partcode,purchasing_class,item_description,item_id,unit_price FROM care_tz_drugsandservices WHERE ( item_status NOT IN (2,3,4) and purchasing_class not in('General Supplies','Kitchen')
) AND `item_description` LIKE '%U.E.%' LIMIT 0,100

SELECT COUNT(*) as DHX_COUNT  FROM care_tz_drugsandservices WHERE ( item_status NOT IN (2,3,4) and purchasing_class not in('General Supplies','Kitchen')
) AND `item_description` LIKE '%U.E.%'

Done in 0.017446994781494s



====================================
Log started, 08/12/2020 01:18:54
====================================

SELECT  partcode,purchasing_class,item_description,item_id,unit_price FROM care_tz_drugsandservices WHERE ( item_status NOT IN (2,3,4) and purchasing_class not in('General Supplies','Kitchen')
) LIMIT 0,100

SELECT COUNT(*) as DHX_COUNT  FROM care_tz_drugsandservices WHERE ( item_status NOT IN (2,3,4) and purchasing_class not in('General Supplies','Kitchen')
)

Done in 0.0095579624176025s



====================================
Log started, 08/12/2020 01:19:08
====================================

SELECT  partcode,purchasing_class,item_description,item_id,unit_price FROM care_tz_drugsandservices WHERE ( item_status NOT IN (2,3,4) and purchasing_class not in('General Supplies','Kitchen')
) AND `item_description` LIKE '%LFT%' LIMIT 0,100

SELECT COUNT(*) as DHX_COUNT  FROM care_tz_drugsandservices WHERE ( item_status NOT IN (2,3,4) and purchasing_class not in('General Supplies','Kitchen')
) AND `item_description` LIKE '%LFT%'

Done in 0.017703056335449s



====================================
Log started, 08/12/2020 03:35:36
====================================

SELECT  partcode,purchasing_class,item_description,item_id,unit_price FROM care_tz_drugsandservices WHERE ( item_status NOT IN (2,3,4) and purchasing_class not in('General Supplies','Kitchen')
) LIMIT 0,100

SELECT COUNT(*) as DHX_COUNT  FROM care_tz_drugsandservices WHERE ( item_status NOT IN (2,3,4) and purchasing_class not in('General Supplies','Kitchen')
)

Done in 0.11389303207397s



====================================
Log started, 08/12/2020 03:35:39
====================================

SELECT  partcode,purchasing_class,item_description,item_id,unit_price FROM care_tz_drugsandservices WHERE ( item_status NOT IN (2,3,4) and purchasing_class not in('General Supplies','Kitchen')
) AND `item_description` LIKE '%full%' LIMIT 0,100

SELECT COUNT(*) as DHX_COUNT  FROM care_tz_drugsandservices WHERE ( item_status NOT IN (2,3,4) and purchasing_class not in('General Supplies','Kitchen')
) AND `item_description` LIKE '%full%'

Done in 0.017306804656982s



====================================
Log started, 08/12/2020 03:35:44
====================================

SELECT  partcode,purchasing_class,item_description,item_id,unit_price FROM care_tz_drugsandservices WHERE ( item_status NOT IN (2,3,4) and purchasing_class not in('General Supplies','Kitchen')
) AND `item_description` LIKE '%mps%' LIMIT 0,100

SELECT COUNT(*) as DHX_COUNT  FROM care_tz_drugsandservices WHERE ( item_status NOT IN (2,3,4) and purchasing_class not in('General Supplies','Kitchen')
) AND `item_description` LIKE '%mps%'

Done in 0.018133878707886s



====================================
Log started, 08/12/2020 03:35:50
====================================

SELECT  partcode,purchasing_class,item_description,item_id,unit_price FROM care_tz_drugsandservices WHERE ( item_status NOT IN (2,3,4) and purchasing_class not in('General Supplies','Kitchen')
) AND `item_description` LIKE '%stool%' LIMIT 0,100

SELECT COUNT(*) as DHX_COUNT  FROM care_tz_drugsandservices WHERE ( item_status NOT IN (2,3,4) and purchasing_class not in('General Supplies','Kitchen')
) AND `item_description` LIKE '%stool%'

Done in 0.01808500289917s



====================================
Log started, 08/12/2020 03:35:56
====================================

SELECT  partcode,purchasing_class,item_description,item_id,unit_price FROM care_tz_drugsandservices WHERE ( item_status NOT IN (2,3,4) and purchasing_class not in('General Supplies','Kitchen')
) AND `item_description` LIKE '%meal%' LIMIT 0,100

SELECT COUNT(*) as DHX_COUNT  FROM care_tz_drugsandservices WHERE ( item_status NOT IN (2,3,4) and purchasing_class not in('General Supplies','Kitchen')
) AND `item_description` LIKE '%meal%'

Done in 0.017636060714722s



====================================
Log started, 08/12/2020 03:36:02
====================================

SELECT  partcode,purchasing_class,item_description,item_id,unit_price FROM care_tz_drugsandservices WHERE ( item_status NOT IN (2,3,4) and purchasing_class not in('General Supplies','Kitchen')
) AND `item_description` LIKE '%meto%' LIMIT 0,100

SELECT COUNT(*) as DHX_COUNT  FROM care_tz_drugsandservices WHERE ( item_status NOT IN (2,3,4) and purchasing_class not in('General Supplies','Kitchen')
) AND `item_description` LIKE '%meto%'

Done in 0.017972946166992s



====================================
Log started, 08/12/2020 03:36:09
====================================

SELECT  partcode,purchasing_class,item_description,item_id,unit_price FROM care_tz_drugsandservices WHERE ( item_status NOT IN (2,3,4) and purchasing_class not in('General Supplies','Kitchen')
) AND `item_description` LIKE '%tram%' LIMIT 0,100

SELECT COUNT(*) as DHX_COUNT  FROM care_tz_drugsandservices WHERE ( item_status NOT IN (2,3,4) and purchasing_class not in('General Supplies','Kitchen')
) AND `item_description` LIKE '%tram%'

Done in 0.10781693458557s



====================================
Log started, 08/12/2020 03:36:19
====================================

SELECT  partcode,purchasing_class,item_description,item_id,unit_price FROM care_tz_drugsandservices WHERE ( item_status NOT IN (2,3,4) and purchasing_class not in('General Supplies','Kitchen')
) AND `item_description` LIKE '%nife%' LIMIT 0,100

SELECT COUNT(*) as DHX_COUNT  FROM care_tz_drugsandservices WHERE ( item_status NOT IN (2,3,4) and purchasing_class not in('General Supplies','Kitchen')
) AND `item_description` LIKE '%nife%'

Done in 0.15450119972229s



====================================
Log started, 08/12/2020 03:36:24
====================================

SELECT  partcode,purchasing_class,item_description,item_id,unit_price FROM care_tz_drugsandservices WHERE ( item_status NOT IN (2,3,4) and purchasing_class not in('General Supplies','Kitchen')
) AND `item_description` LIKE '%parac%' LIMIT 0,100

SELECT COUNT(*) as DHX_COUNT  FROM care_tz_drugsandservices WHERE ( item_status NOT IN (2,3,4) and purchasing_class not in('General Supplies','Kitchen')
) AND `item_description` LIKE '%parac%'

Done in 0.10528111457825s



====================================
Log started, 08/12/2020 03:36:30
====================================

SELECT  partcode,purchasing_class,item_description,item_id,unit_price FROM care_tz_drugsandservices WHERE ( item_status NOT IN (2,3,4) and purchasing_class not in('General Supplies','Kitchen')
) AND `item_description` LIKE '%gloves%' LIMIT 0,100

SELECT COUNT(*) as DHX_COUNT  FROM care_tz_drugsandservices WHERE ( item_status NOT IN (2,3,4) and purchasing_class not in('General Supplies','Kitchen')
) AND `item_description` LIKE '%gloves%'

Done in 0.10890507698059s



====================================
Log started, 08/12/2020 03:36:40
====================================

SELECT  partcode,purchasing_class,item_description,item_id,unit_price FROM care_tz_drugsandservices WHERE ( item_status NOT IN (2,3,4) and purchasing_class not in('General Supplies','Kitchen')
) AND `item_description` LIKE '%cann%' LIMIT 0,100

SELECT COUNT(*) as DHX_COUNT  FROM care_tz_drugsandservices WHERE ( item_status NOT IN (2,3,4) and purchasing_class not in('General Supplies','Kitchen')
) AND `item_description` LIKE '%cann%'

Done in 0.056033134460449s



====================================
Log started, 08/12/2020 03:36:46
====================================

SELECT  partcode,purchasing_class,item_description,item_id,unit_price FROM care_tz_drugsandservices WHERE ( item_status NOT IN (2,3,4) and purchasing_class not in('General Supplies','Kitchen')
) AND `item_description` LIKE '%doc%' LIMIT 0,100

SELECT COUNT(*) as DHX_COUNT  FROM care_tz_drugsandservices WHERE ( item_status NOT IN (2,3,4) and purchasing_class not in('General Supplies','Kitchen')
) AND `item_description` LIKE '%doc%'

Done in 0.059138059616089s



====================================
Log started, 08/12/2020 03:36:47
====================================

SELECT  partcode,purchasing_class,item_description,item_id,unit_price FROM care_tz_drugsandservices WHERE ( item_status NOT IN (2,3,4) and purchasing_class not in('General Supplies','Kitchen')
) AND `item_description` LIKE '%docto%' LIMIT 0,100

SELECT COUNT(*) as DHX_COUNT  FROM care_tz_drugsandservices WHERE ( item_status NOT IN (2,3,4) and purchasing_class not in('General Supplies','Kitchen')
) AND `item_description` LIKE '%docto%'

Done in 0.076149940490723s



====================================
Log started, 08/12/2020 03:36:54
====================================

SELECT  partcode,purchasing_class,item_description,item_id,unit_price FROM care_tz_drugsandservices WHERE ( item_status NOT IN (2,3,4) and purchasing_class not in('General Supplies','Kitchen')
) AND `item_description` LIKE '%nur%' LIMIT 0,100

SELECT COUNT(*) as DHX_COUNT  FROM care_tz_drugsandservices WHERE ( item_status NOT IN (2,3,4) and purchasing_class not in('General Supplies','Kitchen')
) AND `item_description` LIKE '%nur%'

Done in 0.25059199333191s



====================================
Log started, 08/12/2020 03:36:56
====================================

SELECT  partcode,purchasing_class,item_description,item_id,unit_price FROM care_tz_drugsandservices WHERE ( item_status NOT IN (2,3,4) and purchasing_class not in('General Supplies','Kitchen')
) AND `item_description` LIKE '%nursi%' LIMIT 0,100

SELECT COUNT(*) as DHX_COUNT  FROM care_tz_drugsandservices WHERE ( item_status NOT IN (2,3,4) and purchasing_class not in('General Supplies','Kitchen')
) AND `item_description` LIKE '%nursi%'

Done in 0.4562509059906s



====================================
Log started, 08/12/2020 03:39:37
====================================

SELECT  partcode,purchasing_class,item_description,item_id,unit_price FROM care_tz_drugsandservices WHERE ( item_status NOT IN (2,3,4) and purchasing_class not in('General Supplies','Kitchen')
) LIMIT 0,100

SELECT COUNT(*) as DHX_COUNT  FROM care_tz_drugsandservices WHERE ( item_status NOT IN (2,3,4) and purchasing_class not in('General Supplies','Kitchen')
)

Done in 0.091671943664551s



====================================
Log started, 08/12/2020 03:39:40
====================================

SELECT  partcode,purchasing_class,item_description,item_id,unit_price FROM care_tz_drugsandservices WHERE ( item_status NOT IN (2,3,4) and purchasing_class not in('General Supplies','Kitchen')
) AND `item_description` LIKE '%need%' LIMIT 0,100

SELECT COUNT(*) as DHX_COUNT  FROM care_tz_drugsandservices WHERE ( item_status NOT IN (2,3,4) and purchasing_class not in('General Supplies','Kitchen')
) AND `item_description` LIKE '%need%'

Done in 0.018347024917603s



====================================
Log started, 08/12/2020 03:39:44
====================================

SELECT  partcode,purchasing_class,item_description,item_id,unit_price FROM care_tz_drugsandservices WHERE ( item_status NOT IN (2,3,4) and purchasing_class not in('General Supplies','Kitchen')
) AND `item_description` LIKE '%s%' LIMIT 0,100

SELECT COUNT(*) as DHX_COUNT  FROM care_tz_drugsandservices WHERE ( item_status NOT IN (2,3,4) and purchasing_class not in('General Supplies','Kitchen')
) AND `item_description` LIKE '%s%'

Done in 0.011226177215576s



====================================
Log started, 08/12/2020 03:39:45
====================================

SELECT  partcode,purchasing_class,item_description,item_id,unit_price FROM care_tz_drugsandservices WHERE ( item_status NOT IN (2,3,4) and purchasing_class not in('General Supplies','Kitchen')
) AND `item_description` LIKE '%syri%' LIMIT 0,100

SELECT COUNT(*) as DHX_COUNT  FROM care_tz_drugsandservices WHERE ( item_status NOT IN (2,3,4) and purchasing_class not in('General Supplies','Kitchen')
) AND `item_description` LIKE '%syri%'

Done in 0.017804861068726s



====================================
Log started, 08/12/2020 03:41:03
====================================

SELECT  partcode,purchasing_class,item_description,item_id,unit_price FROM care_tz_drugsandservices WHERE ( item_status NOT IN (2,3,4) and purchasing_class not in('General Supplies','Kitchen')
) LIMIT 0,100

SELECT COUNT(*) as DHX_COUNT  FROM care_tz_drugsandservices WHERE ( item_status NOT IN (2,3,4) and purchasing_class not in('General Supplies','Kitchen')
)

Done in 0.10547399520874s



====================================
Log started, 08/12/2020 03:41:06
====================================

SELECT  partcode,purchasing_class,item_description,item_id,unit_price FROM care_tz_drugsandservices WHERE ( item_status NOT IN (2,3,4) and purchasing_class not in('General Supplies','Kitchen')
) AND `item_description` LIKE '%tini%' LIMIT 0,100

SELECT COUNT(*) as DHX_COUNT  FROM care_tz_drugsandservices WHERE ( item_status NOT IN (2,3,4) and purchasing_class not in('General Supplies','Kitchen')
) AND `item_description` LIKE '%tini%'

Done in 0.017828941345215s



====================================
Log started, 08/12/2020 03:41:07
====================================

SELECT  partcode,purchasing_class,item_description,item_id,unit_price FROM care_tz_drugsandservices WHERE ( item_status NOT IN (2,3,4) and purchasing_class not in('General Supplies','Kitchen')
) AND `item_description` LIKE '%tinida%' LIMIT 0,100

SELECT COUNT(*) as DHX_COUNT  FROM care_tz_drugsandservices WHERE ( item_status NOT IN (2,3,4) and purchasing_class not in('General Supplies','Kitchen')
) AND `item_description` LIKE '%tinida%'

Done in 0.018079042434692s



====================================
Log started, 08/12/2020 03:41:25
====================================

SELECT  partcode,purchasing_class,item_description,item_id,unit_price FROM care_tz_drugsandservices WHERE ( item_status NOT IN (2,3,4) and purchasing_class not in('General Supplies','Kitchen')
) AND `item_description` LIKE '%urina%' LIMIT 0,100

SELECT COUNT(*) as DHX_COUNT  FROM care_tz_drugsandservices WHERE ( item_status NOT IN (2,3,4) and purchasing_class not in('General Supplies','Kitchen')
) AND `item_description` LIKE '%urina%'

Done in 0.017456769943237s



====================================
Log started, 08/12/2020 03:41:40
====================================

SELECT  partcode,purchasing_class,item_description,item_id,unit_price FROM care_tz_drugsandservices WHERE ( item_status NOT IN (2,3,4) and purchasing_class not in('General Supplies','Kitchen')
) LIMIT 0,100

SELECT COUNT(*) as DHX_COUNT  FROM care_tz_drugsandservices WHERE ( item_status NOT IN (2,3,4) and purchasing_class not in('General Supplies','Kitchen')
)

Done in 0.0097870826721191s



====================================
Log started, 08/12/2020 03:42:15
====================================

SELECT  partcode,purchasing_class,item_description,item_id,unit_price FROM care_tz_drugsandservices WHERE ( item_status NOT IN (2,3,4) and purchasing_class not in('General Supplies','Kitchen')
) AND `item_description` LIKE '%normal%' LIMIT 0,100

SELECT COUNT(*) as DHX_COUNT  FROM care_tz_drugsandservices WHERE ( item_status NOT IN (2,3,4) and purchasing_class not in('General Supplies','Kitchen')
) AND `item_description` LIKE '%normal%'

Done in 0.01793909072876s



====================================
Log started, 08/12/2020 03:42:31
====================================

SELECT  partcode,purchasing_class,item_description,item_id,unit_price FROM care_tz_drugsandservices WHERE ( item_status NOT IN (2,3,4) and purchasing_class not in('General Supplies','Kitchen')
) AND `item_description` LIKE '%parac%' LIMIT 0,100

SELECT COUNT(*) as DHX_COUNT  FROM care_tz_drugsandservices WHERE ( item_status NOT IN (2,3,4) and purchasing_class not in('General Supplies','Kitchen')
) AND `item_description` LIKE '%parac%'

Done in 0.017553091049194s



====================================
Log started, 08/12/2020 03:42:55
====================================

SELECT  partcode,purchasing_class,item_description,item_id,unit_price FROM care_tz_drugsandservices WHERE ( item_status NOT IN (2,3,4) and purchasing_class not in('General Supplies','Kitchen')
) AND `item_description` LIKE '%giving%' LIMIT 0,100

SELECT COUNT(*) as DHX_COUNT  FROM care_tz_drugsandservices WHERE ( item_status NOT IN (2,3,4) and purchasing_class not in('General Supplies','Kitchen')
) AND `item_description` LIKE '%giving%'

Done in 0.11900091171265s



====================================
Log started, 08/12/2020 03:45:06
====================================

SELECT  partcode,purchasing_class,item_description,item_id,unit_price FROM care_tz_drugsandservices WHERE ( item_status NOT IN (2,3,4) and purchasing_class not in('General Supplies','Kitchen')
) LIMIT 0,100

SELECT COUNT(*) as DHX_COUNT  FROM care_tz_drugsandservices WHERE ( item_status NOT IN (2,3,4) and purchasing_class not in('General Supplies','Kitchen')
)

Done in 0.10406303405762s



====================================
Log started, 08/12/2020 03:45:09
====================================

SELECT  partcode,purchasing_class,item_description,item_id,unit_price FROM care_tz_drugsandservices WHERE ( item_status NOT IN (2,3,4) and purchasing_class not in('General Supplies','Kitchen')
) AND `item_description` LIKE '%nhif%' LIMIT 0,100

SELECT COUNT(*) as DHX_COUNT  FROM care_tz_drugsandservices WHERE ( item_status NOT IN (2,3,4) and purchasing_class not in('General Supplies','Kitchen')
) AND `item_description` LIKE '%nhif%'

Done in 0.017619848251343s



====================================
Log started, 08/12/2020 03:45:37
====================================

SELECT  partcode,purchasing_class,item_description,item_id,unit_price FROM care_tz_drugsandservices WHERE ( item_status NOT IN (2,3,4) and purchasing_class not in('General Supplies','Kitchen')
) LIMIT 0,100

SELECT COUNT(*) as DHX_COUNT  FROM care_tz_drugsandservices WHERE ( item_status NOT IN (2,3,4) and purchasing_class not in('General Supplies','Kitchen')
)

Done in 0.1097891330719s



====================================
Log started, 08/12/2020 03:45:39
====================================

SELECT  partcode,purchasing_class,item_description,item_id,unit_price FROM care_tz_drugsandservices WHERE ( item_status NOT IN (2,3,4) and purchasing_class not in('General Supplies','Kitchen')
) AND `item_description` LIKE '%new%' LIMIT 0,100

SELECT COUNT(*) as DHX_COUNT  FROM care_tz_drugsandservices WHERE ( item_status NOT IN (2,3,4) and purchasing_class not in('General Supplies','Kitchen')
) AND `item_description` LIKE '%new%'

Done in 0.017787933349609s



====================================
Log started, 09/12/2020 11:32:36
====================================

SELECT  partcode,purchasing_class,item_description,item_id,unit_price FROM care_tz_drugsandservices WHERE ( item_status NOT IN (2,3,4) and purchasing_class not in('General Supplies','Kitchen')
) LIMIT 0,100

SELECT COUNT(*) as DHX_COUNT  FROM care_tz_drugsandservices WHERE ( item_status NOT IN (2,3,4) and purchasing_class not in('General Supplies','Kitchen')
)

Done in 0.28222417831421s



====================================
Log started, 09/12/2020 11:32:41
====================================

SELECT  partcode,purchasing_class,item_description,item_id,unit_price FROM care_tz_drugsandservices WHERE ( item_status NOT IN (2,3,4) and purchasing_class not in('General Supplies','Kitchen')
) AND `item_description` LIKE '%pyl%' LIMIT 0,100

SELECT COUNT(*) as DHX_COUNT  FROM care_tz_drugsandservices WHERE ( item_status NOT IN (2,3,4) and purchasing_class not in('General Supplies','Kitchen')
) AND `item_description` LIKE '%pyl%'

Done in 0.27210998535156s



====================================
Log started, 09/12/2020 11:32:42
====================================

SELECT  partcode,purchasing_class,item_description,item_id,unit_price FROM care_tz_drugsandservices WHERE ( item_status NOT IN (2,3,4) and purchasing_class not in('General Supplies','Kitchen')
) AND `item_description` LIKE '%pylo%' LIMIT 0,100

SELECT COUNT(*) as DHX_COUNT  FROM care_tz_drugsandservices WHERE ( item_status NOT IN (2,3,4) and purchasing_class not in('General Supplies','Kitchen')
) AND `item_description` LIKE '%pylo%'

Done in 0.069920063018799s



====================================
Log started, 09/12/2020 11:32:51
====================================

SELECT  partcode,purchasing_class,item_description,item_id,unit_price FROM care_tz_drugsandservices WHERE ( item_status NOT IN (2,3,4) and purchasing_class not in('General Supplies','Kitchen')
) AND `item_description` LIKE '%meals%' LIMIT 0,100

SELECT COUNT(*) as DHX_COUNT  FROM care_tz_drugsandservices WHERE ( item_status NOT IN (2,3,4) and purchasing_class not in('General Supplies','Kitchen')
) AND `item_description` LIKE '%meals%'

Done in 0.17298722267151s



====================================
Log started, 09/12/2020 11:32:55
====================================

SELECT  partcode,purchasing_class,item_description,item_id,unit_price FROM care_tz_drugsandservices WHERE ( item_status NOT IN (2,3,4) and purchasing_class not in('General Supplies','Kitchen')
) AND `item_description` LIKE '%rbs%' LIMIT 0,100

SELECT COUNT(*) as DHX_COUNT  FROM care_tz_drugsandservices WHERE ( item_status NOT IN (2,3,4) and purchasing_class not in('General Supplies','Kitchen')
) AND `item_description` LIKE '%rbs%'

Done in 0.27488899230957s



====================================
Log started, 09/12/2020 11:33:01
====================================

SELECT  partcode,purchasing_class,item_description,item_id,unit_price FROM care_tz_drugsandservices WHERE ( item_status NOT IN (2,3,4) and purchasing_class not in('General Supplies','Kitchen')
) AND `item_description` LIKE '%full%' LIMIT 0,100

SELECT COUNT(*) as DHX_COUNT  FROM care_tz_drugsandservices WHERE ( item_status NOT IN (2,3,4) and purchasing_class not in('General Supplies','Kitchen')
) AND `item_description` LIKE '%full%'

Done in 0.40084385871887s



====================================
Log started, 09/12/2020 11:33:06
====================================

SELECT  partcode,purchasing_class,item_description,item_id,unit_price FROM care_tz_drugsandservices WHERE ( item_status NOT IN (2,3,4) and purchasing_class not in('General Supplies','Kitchen')
) AND `item_description` LIKE '%mps%' LIMIT 0,100

SELECT COUNT(*) as DHX_COUNT  FROM care_tz_drugsandservices WHERE ( item_status NOT IN (2,3,4) and purchasing_class not in('General Supplies','Kitchen')
) AND `item_description` LIKE '%mps%'

Done in 0.090904951095581s



====================================
Log started, 09/12/2020 11:33:12
====================================

SELECT  partcode,purchasing_class,item_description,item_id,unit_price FROM care_tz_drugsandservices WHERE ( item_status NOT IN (2,3,4) and purchasing_class not in('General Supplies','Kitchen')
) AND `item_description` LIKE '%omep%' LIMIT 0,100

SELECT COUNT(*) as DHX_COUNT  FROM care_tz_drugsandservices WHERE ( item_status NOT IN (2,3,4) and purchasing_class not in('General Supplies','Kitchen')
) AND `item_description` LIKE '%omep%'

Done in 0.25984501838684s



====================================
Log started, 09/12/2020 11:33:19
====================================

SELECT  partcode,purchasing_class,item_description,item_id,unit_price FROM care_tz_drugsandservices WHERE ( item_status NOT IN (2,3,4) and purchasing_class not in('General Supplies','Kitchen')
) AND `item_description` LIKE '%meto%' LIMIT 0,100

SELECT COUNT(*) as DHX_COUNT  FROM care_tz_drugsandservices WHERE ( item_status NOT IN (2,3,4) and purchasing_class not in('General Supplies','Kitchen')
) AND `item_description` LIKE '%meto%'

Done in 0.10116815567017s



====================================
Log started, 09/12/2020 11:33:28
====================================

SELECT  partcode,purchasing_class,item_description,item_id,unit_price FROM care_tz_drugsandservices WHERE ( item_status NOT IN (2,3,4) and purchasing_class not in('General Supplies','Kitchen')
) AND `item_description` LIKE '%prome%' LIMIT 0,100

SELECT COUNT(*) as DHX_COUNT  FROM care_tz_drugsandservices WHERE ( item_status NOT IN (2,3,4) and purchasing_class not in('General Supplies','Kitchen')
) AND `item_description` LIKE '%prome%'

Done in 0.16859793663025s



====================================
Log started, 09/12/2020 11:33:44
====================================

SELECT  partcode,purchasing_class,item_description,item_id,unit_price FROM care_tz_drugsandservices WHERE ( item_status NOT IN (2,3,4) and purchasing_class not in('General Supplies','Kitchen')
) AND `item_description` LIKE '%a%' LIMIT 0,100

SELECT COUNT(*) as DHX_COUNT  FROM care_tz_drugsandservices WHERE ( item_status NOT IN (2,3,4) and purchasing_class not in('General Supplies','Kitchen')
) AND `item_description` LIKE '%a%'

Done in 0.27567195892334s



====================================
Log started, 09/12/2020 11:33:45
====================================

SELECT  partcode,purchasing_class,item_description,item_id,unit_price FROM care_tz_drugsandservices WHERE ( item_status NOT IN (2,3,4) and purchasing_class not in('General Supplies','Kitchen')
) AND `item_description` LIKE '%amlo%' LIMIT 0,100

SELECT COUNT(*) as DHX_COUNT  FROM care_tz_drugsandservices WHERE ( item_status NOT IN (2,3,4) and purchasing_class not in('General Supplies','Kitchen')
) AND `item_description` LIKE '%amlo%'

Done in 0.63153791427612s



====================================
Log started, 09/12/2020 11:33:52
====================================

SELECT  partcode,purchasing_class,item_description,item_id,unit_price FROM care_tz_drugsandservices WHERE ( item_status NOT IN (2,3,4) and purchasing_class not in('General Supplies','Kitchen')
) AND `item_description` LIKE '%hydroc%' LIMIT 0,100

SELECT COUNT(*) as DHX_COUNT  FROM care_tz_drugsandservices WHERE ( item_status NOT IN (2,3,4) and purchasing_class not in('General Supplies','Kitchen')
) AND `item_description` LIKE '%hydroc%'

Done in 0.83459115028381s



====================================
Log started, 09/12/2020 11:34:00
====================================

SELECT  partcode,purchasing_class,item_description,item_id,unit_price FROM care_tz_drugsandservices WHERE ( item_status NOT IN (2,3,4) and purchasing_class not in('General Supplies','Kitchen')
) AND `item_description` LIKE '%artov%' LIMIT 0,100

SELECT COUNT(*) as DHX_COUNT  FROM care_tz_drugsandservices WHERE ( item_status NOT IN (2,3,4) and purchasing_class not in('General Supplies','Kitchen')
) AND `item_description` LIKE '%artov%'

Done in 0.303542137146s



====================================
Log started, 09/12/2020 11:34:03
====================================

SELECT  partcode,purchasing_class,item_description,item_id,unit_price FROM care_tz_drugsandservices WHERE ( item_status NOT IN (2,3,4) and purchasing_class not in('General Supplies','Kitchen')
) LIMIT 0,100

SELECT COUNT(*) as DHX_COUNT  FROM care_tz_drugsandservices WHERE ( item_status NOT IN (2,3,4) and purchasing_class not in('General Supplies','Kitchen')
)

Done in 0.27624297142029s

