

====================================
Log started, 14/05/2019 10:58:42
====================================

SELECT  * FROM care_ke_shifts WHERE ( cash_point='R02') ORDER BY `shift_no` DESC LIMIT 0,100

SELECT COUNT(*) as DHX_COUNT  FROM care_ke_shifts WHERE ( cash_point='R02')

Done in 0.099907159805298s



====================================
Log started, 14/05/2019 10:58:50
====================================

SELECT  * FROM care_ke_shifts WHERE ( cash_point='R01') ORDER BY `shift_no` DESC LIMIT 0,100

SELECT COUNT(*) as DHX_COUNT  FROM care_ke_shifts WHERE ( cash_point='R01')

Done in 0.0070929527282715s



====================================
Log started, 14/05/2019 10:59:00
====================================

SELECT  * FROM care_ke_shifts WHERE ( cash_point='R04') ORDER BY `shift_no` DESC LIMIT 0,100

SELECT COUNT(*) as DHX_COUNT  FROM care_ke_shifts WHERE ( cash_point='R04')

Done in 0.0042068958282471s



====================================
Log started, 14/05/2019 11:03:09
====================================

SELECT  * FROM care_ke_shifts WHERE ( cash_point='R01') ORDER BY `shift_no` DESC LIMIT 0,100

SELECT COUNT(*) as DHX_COUNT  FROM care_ke_shifts WHERE ( cash_point='R01')

Done in 0.56841492652893s



====================================
Log started, 14/05/2019 11:03:14
====================================

SELECT  * FROM care_ke_shifts WHERE ( cash_point='R02') ORDER BY `shift_no` DESC LIMIT 0,100

SELECT COUNT(*) as DHX_COUNT  FROM care_ke_shifts WHERE ( cash_point='R02')

Done in 0.0060749053955078s



====================================
Log started, 14/05/2019 11:05:39
====================================

SELECT  * FROM care_ke_shifts WHERE ( cash_point='R01') ORDER BY `shift_no` DESC LIMIT 0,100

SELECT COUNT(*) as DHX_COUNT  FROM care_ke_shifts WHERE ( cash_point='R01')

Done in 0.038313150405884s



====================================
Log started, 14/05/2019 11:14:00
====================================

SELECT  * FROM care_ke_shifts WHERE ( cash_point='R01') ORDER BY `shift_no` DESC LIMIT 0,100

SELECT COUNT(*) as DHX_COUNT  FROM care_ke_shifts WHERE ( cash_point='R01')

Done in 0.042121887207031s



====================================
Log started, 18/09/2019 11:44:54
====================================

SELECT  * FROM care_ke_shifts WHERE ( cash_point='R01') ORDER BY `shift_no` DESC LIMIT 0,100

SELECT COUNT(*) as DHX_COUNT  FROM care_ke_shifts WHERE ( cash_point='R01')

Done in 0.060358047485352s



====================================
Log started, 22/11/2019 12:08:08
====================================

SELECT  * FROM care_ke_shifts WHERE ( cash_point='R02') ORDER BY `shift_no` DESC LIMIT 0,100

SELECT COUNT(*) as DHX_COUNT  FROM care_ke_shifts WHERE ( cash_point='R02')

Done in 0.0090651512145996s



====================================
Log started, 22/11/2019 12:09:21
====================================

SELECT  * FROM care_ke_shifts WHERE ( cash_point='R02') ORDER BY `shift_no` DESC LIMIT 0,100

SELECT COUNT(*) as DHX_COUNT  FROM care_ke_shifts WHERE ( cash_point='R02')

Done in 0.10047101974487s



====================================
Log started, 22/11/2019 12:11:36
====================================

SELECT  * FROM care_ke_shifts WHERE ( cash_point='R02') ORDER BY `shift_no` DESC LIMIT 0,100

SELECT COUNT(*) as DHX_COUNT  FROM care_ke_shifts WHERE ( cash_point='R02')

Done in 0.12552499771118s



====================================
Log started, 14/02/2020 07:08:24
====================================

SELECT  * FROM care_ke_shifts WHERE ( cash_point='R02') ORDER BY `shift_no` DESC LIMIT 0,100

SELECT COUNT(*) as DHX_COUNT  FROM care_ke_shifts WHERE ( cash_point='R02')

Done in 0.042009830474854s



====================================
Log started, 15/02/2020 06:09:21
====================================

SELECT  * FROM care_ke_shifts WHERE ( cash_point='R01') ORDER BY `shift_no` DESC LIMIT 0,100

SELECT COUNT(*) as DHX_COUNT  FROM care_ke_shifts WHERE ( cash_point='R01')

Done in 0.023236036300659s



====================================
Log started, 16/02/2020 09:10:43
====================================

SELECT  * FROM care_ke_shifts WHERE ( cash_point='R01') ORDER BY `shift_no` DESC LIMIT 0,100

SELECT COUNT(*) as DHX_COUNT  FROM care_ke_shifts WHERE ( cash_point='R01')

Done in 0.023975133895874s



====================================
Log started, 16/02/2020 09:10:49
====================================

SELECT  * FROM care_ke_shifts WHERE ( cash_point='R01') ORDER BY `shift_no` DESC LIMIT 0,100

SELECT COUNT(*) as DHX_COUNT  FROM care_ke_shifts WHERE ( cash_point='R01')

Done in 0.02378511428833s



====================================
Log started, 16/02/2020 06:18:50
====================================

SELECT  * FROM care_ke_shifts WHERE ( cash_point='R02') ORDER BY `shift_no` DESC LIMIT 0,100

SELECT COUNT(*) as DHX_COUNT  FROM care_ke_shifts WHERE ( cash_point='R02')

Done in 0.0364830493927s



====================================
Log started, 17/02/2020 08:16:26
====================================

SELECT  * FROM care_ke_shifts WHERE ( cash_point='R02') ORDER BY `shift_no` DESC LIMIT 0,100

SELECT COUNT(*) as DHX_COUNT  FROM care_ke_shifts WHERE ( cash_point='R02')

Done in 0.034081935882568s



====================================
Log started, 17/02/2020 09:31:33
====================================

SELECT  * FROM care_ke_shifts WHERE ( cash_point='R02') ORDER BY `shift_no` DESC LIMIT 0,100

SELECT COUNT(*) as DHX_COUNT  FROM care_ke_shifts WHERE ( cash_point='R02')

Done in 0.024673938751221s



====================================
Log started, 17/02/2020 11:44:16
====================================

SELECT  * FROM care_ke_shifts WHERE ( cash_point='R02') ORDER BY `shift_no` DESC LIMIT 0,100

SELECT COUNT(*) as DHX_COUNT  FROM care_ke_shifts WHERE ( cash_point='R02')

Done in 0.025230884552002s



====================================
Log started, 17/02/2020 01:28:38
====================================

SELECT  * FROM care_ke_shifts WHERE ( cash_point='R04') ORDER BY `shift_no` DESC LIMIT 0,100

SELECT COUNT(*) as DHX_COUNT  FROM care_ke_shifts WHERE ( cash_point='R04')

Done in 0.024601936340332s



====================================
Log started, 17/02/2020 03:52:38
====================================

SELECT  * FROM care_ke_shifts WHERE ( cash_point='R04') ORDER BY `shift_no` DESC LIMIT 0,100

SELECT COUNT(*) as DHX_COUNT  FROM care_ke_shifts WHERE ( cash_point='R04')

Done in 0.026134014129639s



====================================
Log started, 18/02/2020 11:37:50
====================================

SELECT  * FROM care_ke_shifts WHERE ( cash_point='R04') ORDER BY `shift_no` DESC LIMIT 0,100

SELECT COUNT(*) as DHX_COUNT  FROM care_ke_shifts WHERE ( cash_point='R04')

Done in 0.025597810745239s



====================================
Log started, 18/02/2020 11:42:43
====================================

SELECT  * FROM care_ke_shifts WHERE ( cash_point='R02') ORDER BY `shift_no` DESC LIMIT 0,100

SELECT COUNT(*) as DHX_COUNT  FROM care_ke_shifts WHERE ( cash_point='R02')

Done in 0.025033950805664s



====================================
Log started, 18/02/2020 11:50:46
====================================

SELECT  * FROM care_ke_shifts WHERE ( cash_point='R06') ORDER BY `shift_no` DESC LIMIT 0,100

SELECT COUNT(*) as DHX_COUNT  FROM care_ke_shifts WHERE ( cash_point='R06')

Done in 0.026412963867188s



====================================
Log started, 19/02/2020 09:30:59
====================================

SELECT  * FROM care_ke_shifts WHERE ( cash_point='R04') ORDER BY `shift_no` DESC LIMIT 0,100

SELECT COUNT(*) as DHX_COUNT  FROM care_ke_shifts WHERE ( cash_point='R04')

Done in 0.02201509475708s



====================================
Log started, 20/02/2020 08:58:50
====================================

SELECT  * FROM care_ke_shifts WHERE ( cash_point='R04') ORDER BY `shift_no` DESC LIMIT 0,100

SELECT COUNT(*) as DHX_COUNT  FROM care_ke_shifts WHERE ( cash_point='R04')

Done in 0.019634008407593s



====================================
Log started, 20/02/2020 09:14:50
====================================

SELECT  * FROM care_ke_shifts WHERE ( cash_point='R02') ORDER BY `shift_no` DESC LIMIT 0,100

SELECT COUNT(*) as DHX_COUNT  FROM care_ke_shifts WHERE ( cash_point='R02')

Done in 0.026181936264038s



====================================
Log started, 20/02/2020 03:38:11
====================================

SELECT  * FROM care_ke_shifts WHERE ( cash_point='R04') ORDER BY `shift_no` DESC LIMIT 0,100

SELECT COUNT(*) as DHX_COUNT  FROM care_ke_shifts WHERE ( cash_point='R04')

Done in 0.026620864868164s

